"../../../MaidRunner/Content/Blueprints/MovableObj.uasset" 0
"../../../Engine/Content/EditorBlueprintResources/StandardMacros.uasset" 1
"../../../Engine/Content/EngineSky/C_Sky_Cloud_Color.uasset" 2
"../../../Engine/Content/EngineSky/C_Sky_Horizon_Color.uasset" 3
"../../../Engine/Content/EngineSky/C_Sky_Zenith_Color.uasset" 4
"../../../Engine/Content/EngineSky/T_Sky_Blue.uasset" 5
"../../../Engine/Content/EngineSky/T_Sky_Clouds_M.uasset" 6
"../../../Engine/Content/EngineSky/T_Sky_Stars.uasset" 7
"../../../Engine/Content/EngineSky/SM_SkySphere.uasset" 8
"../../../Engine/Content/EngineSky/M_Sky_Panning_Clouds2.uasset" 9
"../../../Engine/Content/EngineSky/BP_Sky_Sphere.uasset" 10
"../../../Engine/Content/Functions/Engine_MaterialFunctions01/Opacity/CameraDepthFade.uasset" 11
"../../../Engine/Content/EngineMaterials/T_Default_Material_Grid_M.uasset" 12
"../../../Engine/Content/EngineMaterials/T_Default_Material_Grid_N.uasset" 13
"../../../Engine/Content/EngineMaterials/WorldGridMaterial.uasset" 14
"../../../MaidRunner/Content/Assets/CupboardOpen.uasset" 15
"../../../MaidRunner/Content/Assets/WineBottle_mesh.uasset" 16
"../../../MaidRunner/Content/Blueprints/CupboardOpen_Blueprint.uasset" 17
"../../../MaidRunner/Content/Materials/metal_mat.uasset" 18
"../../../MaidRunner/Content/Assets/LazyWaiterLift_mesh.uasset" 19
"../../../MaidRunner/Content/Assets/Platter.uasset" 20
"../../../MaidRunner/Content/Blueprints/LazyWaiterLift_mesh_Blueprint.uasset" 21
"../../../MaidRunner/Content/Assets/FoodBox_mesh.uasset" 22
"../../../MaidRunner/Content/Assets/Oven.uasset" 23
"../../../MaidRunner/Content/Blueprints/Oven_Blueprint.uasset" 24
"../../../MaidRunner/Content/Assets/CookingPot.uasset" 25
"../../../MaidRunner/Content/Assets/Sink_mesh.uasset" 26
"../../../MaidRunner/Content/Blueprints/Sink2_Blueprint.uasset" 27
"../../../MaidRunner/Content/Materials/WhiteBox_mat.uasset" 28
"../../../MaidRunner/Content/Materials/WineBottle_mat.uasset" 29
"../../../MaidRunner/Content/Materials/WoodBase_mat.uasset" 30
"../../../Engine/Content/BasicShapes/Cube.uasset" 31
"../../../MaidRunner/Content/Assets/Cupboard.uasset" 32
"../../../MaidRunner/Content/Assets/Fireplace_mesh.uasset" 33
"../../../MaidRunner/Content/Assets/Fridge_mesh.uasset" 34
"../../../MaidRunner/Content/Assets/FridgeDoor.uasset" 35
"../../../MaidRunner/Content/Assets/KitchenTable_mesh.uasset" 36
"../../../MaidRunner/Content/Assets/KitchenTableSmall_mesh.uasset" 37
"../../../MaidRunner/Content/Assets/LazyWaiter_mesh.uasset" 38
"../../../MaidRunner/Content/Assets/Shelf_mesh.uasset" 39
"../../../MaidRunner/Content/Assets/Wall_Corner.uasset" 40
"../../../MaidRunner/Content/Assets/Wall_Door.uasset" 41
"../../../MaidRunner/Content/Assets/Wall_LargeWindow.uasset" 42
"../../../MaidRunner/Content/Assets/Wall_Wall15.uasset" 43
"../../../MaidRunner/Content/Maps/Kitchin_map.umap" 44
"../../../MaidRunner/Content/Blueprints/Desk_Interactions.uasset" 45
"../../../MaidRunner/Content/Assets/Desk_RollTop.uasset" 46
"../../../MaidRunner/Content/Materials/Textures/Book_UVW.uasset" 47
"../../../MaidRunner/Content/Materials/Book_mat.uasset" 48
"../../../MaidRunner/Content/Assets/MusicSheets_mesh.uasset" 49
"../../../MaidRunner/Content/Blueprints/Desk_RollTop_Blueprint.uasset" 50
"../../../MaidRunner/Content/Blueprints/Safe_Variable.uasset" 51
"../../../Engine/Content/Functions/Engine_MaterialFunctions02/Utility/BlendAngleCorrectedNormals.uasset" 52
"../../../Engine/Content/Functions/MaterialLayerFunctions/MatLayerBlend_NormalBlend.uasset" 53
"../../../Engine/Content/Functions/MaterialLayerFunctions/MatLayerBlend_Simple.uasset" 54
"../../../MaidRunner/Content/Mannequin/Character/Materials/MaterialLayers/T_ML_Rubber_Blue_01_D.uasset" 55
"../../../MaidRunner/Content/Mannequin/Character/Materials/MaterialLayers/T_ML_Rubber_Blue_01_N.uasset" 56
"../../../MaidRunner/Content/Mannequin/Character/Materials/MaterialLayers/ML_GlossyBlack_Latex_UE4.uasset" 57
"../../../MaidRunner/Content/Mannequin/Character/Materials/MaterialLayers/ML_Plastic_Shiny_Beige.uasset" 58
"../../../MaidRunner/Content/Mannequin/Character/Textures/UE4_LOGO_CARD.uasset" 59
"../../../MaidRunner/Content/Mannequin/Character/Materials/MaterialLayers/ML_Plastic_Shiny_Beige_LOGO.uasset" 60
"../../../MaidRunner/Content/Mannequin/Character/Materials/MaterialLayers/T_ML_Aluminum01.uasset" 61
"../../../MaidRunner/Content/Mannequin/Character/Materials/MaterialLayers/T_ML_Aluminum01_N.uasset" 62
"../../../MaidRunner/Content/Mannequin/Character/Materials/MaterialLayers/ML_SoftMetal_UE4.uasset" 63
"../../../MaidRunner/Content/Mannequin/Character/Textures/UE4_Mannequin__normals.uasset" 64
"../../../MaidRunner/Content/Mannequin/Character/Textures/UE4_Mannequin_MAT_MASKA.uasset" 65
"../../../MaidRunner/Content/Mannequin/Character/Materials/M_UE4Man_Body.uasset" 66
"../../../MaidRunner/Content/Mannequin/Character/Textures/UE4Man_Logo_N.uasset" 67
"../../../MaidRunner/Content/Mannequin/Character/Materials/M_UE4Man_ChestLogo.uasset" 68
"../../../MaidRunner/Content/Mannequin/Character/Mesh/SK_Mannequin.uasset" 69
"../../../MaidRunner/Content/Mannequin/Character/Mesh/UE4_Mannequin_Skeleton.uasset" 70
"../../../MaidRunner/Content/Mannequin/Animations/ThirdPerson_Jump.uasset" 71
"../../../MaidRunner/Content/Mannequin/Animations/ThirdPersonJump_Loop.uasset" 72
"../../../MaidRunner/Content/Mannequin/Animations/ThirdPersonJump_Start.uasset" 73
"../../../MaidRunner/Content/Mannequin/Animations/ThirdPersonIdle.uasset" 74
"../../../MaidRunner/Content/Mannequin/Animations/ThirdPersonRun.uasset" 75
"../../../MaidRunner/Content/Mannequin/Animations/ThirdPersonWalk.uasset" 76
"../../../MaidRunner/Content/Mannequin/Animations/ThirdPerson_IdleRun_2D.uasset" 77
"../../../MaidRunner/Content/Mannequin/Animations/ThirdPerson_AnimBP.uasset" 78
"../../../MaidRunner/Content/Blueprints/Interact.uasset" 79
"../../../MaidRunner/Content/Blueprints/ThirdPersonCharacter.uasset" 80
"../../../MaidRunner/Content/Blueprints/ThirdPersonGameMode.uasset" 81
"../../../Engine/Content/BasicShapes/BasicShapeMaterial.uasset" 82
"../../../Engine/Content/EngineMaterials/DefaultMaterial.uasset" 83
"../../../Engine/Content/BasicShapes/Sphere.uasset" 84
"../../../Engine/Content/MapTemplates/SM_Template_Map_Floor.uasset" 85
"../../../MaidRunner/Content/Assets/Book_mesh.uasset" 86
"../../../MaidRunner/Content/Assets/PopulatedShelf_old_mesh.uasset" 87
"../../../MaidRunner/Content/Assets/StuffedChair_mesh.uasset" 88
"../../../MaidRunner/Content/Blueprints/Artifact_Number.uasset" 89
"../../../MaidRunner/Content/Blueprints/Book_Page.uasset" 90
"../../../MaidRunner/Content/Blueprints/Desk_Page.uasset" 91
"../../../MaidRunner/Content/Blueprints/Drinks_Contract.uasset" 92
"../../../MaidRunner/Content/Blueprints/Gramophone_Interactions.uasset" 93
"../../../MaidRunner/Content/Blueprints/GramophoneUI.uasset" 94
"../../../MaidRunner/Content/Blueprints/Last_Will.uasset" 95
"../../../MaidRunner/Content/Maps/Study_map.umap" 96
"../../../MaidRunner/Content/Blueprints/Triggers.uasset" 97
"../../../MaidRunner/Content/Blueprints/FireplaceLight_BP.uasset" 98
"../../../MaidRunner/Content/Blueprints/GameStatus.uasset" 99
"../../../MaidRunner/Content/Assets/Lever_mesh.uasset" 100
"../../../MaidRunner/Content/Blueprints/Lever_blueprint.uasset" 101
"../../../MaidRunner/Content/Blueprints/Matinee_Helper.uasset" 102
"../../../MaidRunner/Content/Blueprints/PianoHelper_BP.uasset" 103
"../../../MaidRunner/Content/Blueprints/StaticObj.uasset" 104
"../../../MaidRunner/Content/Assets/SweepBot_mesh.uasset" 105
"../../../MaidRunner/Content/Blueprints/SweepBot_Blueprint.uasset" 106
"../../../MaidRunner/Content/Assets/Carpet_mesh.uasset" 107
"../../../MaidRunner/Content/Assets/Carpetfolded_mesh.uasset" 108
"../../../MaidRunner/Content/Assets/Carpetunfolded_mesh.uasset" 109
"../../../MaidRunner/Content/Assets/CoffeeTable_mesh.uasset" 110
"../../../MaidRunner/Content/Assets/Cup_mesh.uasset" 111
"../../../MaidRunner/Content/Assets/GameTable_mesh.uasset" 112
"../../../MaidRunner/Content/Assets/Hint_letter_mesh.uasset" 113
"../../../MaidRunner/Content/Assets/Piano_mesh.uasset" 114
"../../../MaidRunner/Content/Assets/PianoChair_mesh.uasset" 115
"../../../MaidRunner/Content/Assets/PianoStand_mesh.uasset" 116
"../../../MaidRunner/Content/Assets/WallSection.uasset" 117
"../../../MaidRunner/Content/Assets/WindowClosed_mesh.uasset" 118
"../../../MaidRunner/Content/Assets/WindowOpen_mesh.uasset" 119
"../../../Engine/Content/Engine_MI_Shaders/T_Base_Tile_Diffuse.uasset" 120
"../../../MaidRunner/Content/Geometry/Meshes/CubeMaterial.uasset" 121
"../../../MaidRunner/Content/Geometry/Meshes/TemplateFloor.uasset" 122
"../../../MaidRunner/Content/Maps/LivingRoom_map.umap" 123
"../../../Engine/Content/EngineMaterials/DefaultDiffuse.uasset" 124
"../../../Engine/Content/EngineMaterials/DefaultNormal.uasset" 125
"../../../Engine/Content/Maps/Entry.umap" 126
"../../../Engine/Content/BufferVisualization/BaseColor.uasset" 127
"../../../Engine/Content/BasicShapes/Cylinder.uasset" 128
"../../../MaidRunner/Content/Materials/Textures/Bookshelf_UVW.uasset" 129
"../../../MaidRunner/Content/Materials/Bookshelf_mat.uasset" 130
"../../../MaidRunner/Content/Assets/Bookshelf_mesh.uasset" 131
"../../../MaidRunner/Content/Assets/FlyingMachine.uasset" 132
"../../../MaidRunner/Content/Assets/Repository_mesh.uasset" 133
"../../../MaidRunner/Content/Assets/Window_mesh.uasset" 134
"../../../MaidRunner/Content/Geometry/Meshes/1M_Cube.uasset" 135
"../../../MaidRunner/Content/Maps/Library_Map.umap" 136
"../../../Engine/Content/EditorResources/S_Actor.uasset" 137
"../../../Engine/Content/Maps/Templates/Thumbnails/Default.uasset" 138
"../../../Engine/Content/EditorMaterials/ParticleSystems/PSysThumbnail_NoImage.uasset" 139
"../../../Engine/Content/EditorMaterials/ParticleSystems/PSysThumbnail_OOD.uasset" 140
"../../../Engine/Content/EditorLandscapeResources/DataLayer.uasset" 141
"../../../Engine/Content/Functions/Engine_MaterialFunctions01/Shading/PowerToRoughness.uasset" 142
"../../../Engine/Content/EngineMaterials/DefaultDeferredDecalMaterial.uasset" 143
"../../../Engine/Content/EngineMaterials/DefaultLightFunctionMaterial.uasset" 144
"../../../Engine/Content/Functions/Engine_MaterialFunctions02/Utility/BreakOutFloat2Components.uasset" 145
"../../../Engine/Content/EngineMaterials/DefaultPostProcessMaterial.uasset" 146
"../../../Engine/Content/EngineResources/DefaultTexture.uasset" 147
"../../../Engine/Content/Functions/Engine_MaterialFunctions02/Texturing/ScreenAlignedUVs.uasset" 148
"../../../Engine/Content/EngineResources/WhiteSquareTexture.uasset" 149
"../../../Engine/Content/EngineMaterials/Widget3DPassThrough.uasset" 150
"../../../Engine/Content/EngineMaterials/Widget3DPassThrough_Translucent.uasset" 151
"../../../Engine/Content/EngineMaterials/Widget3DPassThrough_Translucent_OneSided.uasset" 152
"../../../Engine/Content/EngineMaterials/Widget3DPassThrough_Opaque.uasset" 153
"../../../Engine/Content/EngineMaterials/Widget3DPassThrough_Opaque_OneSided.uasset" 154
"../../../Engine/Content/EngineMaterials/Widget3DPassThrough_Masked.uasset" 155
"../../../Engine/Content/EngineMaterials/Widget3DPassThrough_Masked_OneSided.uasset" 156
"../../../Engine/Content/EngineDamageTypes/DmgTypeBP_Environmental.uasset" 157
"../../../Engine/Content/EngineMeshes/Sphere.uasset" 158
"../../../Engine/Content/EngineFonts/RobotoDistanceField.uasset" 159
"../../../Engine/Content/EngineMaterials/DefaultTextMaterialOpaque.uasset" 160
"../../../Engine/Content/EditorResources/S_Trigger.uasset" 161
"../../../Engine/Content/EngineResources/GradientTexture0.uasset" 162
"../../../Engine/Content/EngineResources/Black.uasset" 163
"../../../Engine/Content/EditorMaterials/MatineeGroups/MAT_Groups_Float.uasset" 164
"../../../Engine/Content/EditorMaterials/MatineeGroups/MAT_Groups_Director.uasset" 165
"../../../Engine/Content/EditorMaterials/MatineeGroups/MAT_Groups_Event.uasset" 166
"../../../Engine/Content/EditorMaterials/MatineeGroups/MAT_Groups_Anim.uasset" 167
"../../../Engine/Content/EditorMaterials/MatineeGroups/MAT_Groups_Fade.uasset" 168
"../../../Engine/Content/EditorMaterials/MatineeGroups/MAT_Groups_Move.uasset" 169
"../../../Engine/Content/EditorMaterials/MatineeGroups/MAT_Groups_Slomo.uasset" 170
"../../../Engine/Content/EditorMaterials/MatineeGroups/MAT_ColorTrack.uasset" 171
"../../../Engine/Content/EditorMaterials/MAT_Groups_Toggle.uasset" 172
"../../../Engine/Content/EditorMaterials/MatineeGroups/MAT_Groups_AudioMaster.uasset" 173
"../../../Engine/Content/EditorMaterials/MatineeGroups/MAT_Groups_Sound.uasset" 174
"../../../Engine/Content/EditorMaterials/MatineeGroups/MAT_Groups_Vector.uasset" 175
"../../../Engine/Content/EditorMaterials/MAT_Groups_Visibility.uasset" 176
"../../../Engine/Content/EngineResources/DefaultTextureCube.uasset" 177
"../../../Engine/Content/EngineMeshes/Cylinder.uasset" 178
"../../../Engine/Content/EngineTireTypes/DefaultTireType.uasset" 179
"../../../Engine/Content/EngineResources/AICON-Red.uasset" 180
"../../../Engine/Content/EngineResources/AICON-Green.uasset" 181
"../../../Engine/Content/Tutorial/Basics/TutorialAssets/icon_tab_Levels_40x.uasset" 182
"../../../Engine/Content/Tutorial/Basics/LevelEditorOverview.uasset" 183
"../../../Engine/Content/Tutorial/Basics/ContentBrowserOverview.uasset" 184
"../../../Engine/Content/Tutorial/Basics/LevelEditorAttract.uasset" 185
"../../../Engine/Content/Tutorial/Landscape/TutorialAssets/Landscape.uasset" 186
"../../../Engine/Content/Tutorial/Landscape/Landscape_Painting_Mode.uasset" 187
"../../../Engine/Content/Tutorial/Landscape/Landscape_Sculpt_Mode.uasset" 188
"../../../Engine/Content/Tutorial/Landscape/Landscape_Manage_Mode.uasset" 189
"../../../Engine/Content/Tutorial/BlueprintTutorials/TutorialAssets/BlueprintInterface_64x.uasset" 190
"../../../Engine/Content/Tutorial/BlueprintTutorials/TutorialAssets/Tutorial_BP_Interface.uasset" 191
"../../../Engine/Content/Tutorial/BlueprintTutorials/BlueprintInterfacesEditorOverview.uasset" 192
"../../../Engine/Content/Tutorial/BlueprintTutorials/TutorialAssets/Blueprint_64x.uasset" 193
"../../../Engine/Content/Tutorial/BlueprintTutorials/BlueprintEditorTutorial.uasset" 194
"../../../Engine/Content/Tutorial/BlueprintTutorials/LevelBlueprintEditorOverview.uasset" 195
"../../../Engine/Content/Tutorial/ContentIntroCurve.uasset" 196
"../../../Engine/Plugins/2D/Paper2D/Content/PlaceholderTextures/DummySpriteTexture.uasset" 197
"../../../Engine/Plugins/2D/Paper2D/Content/DummySpriteTexture.uasset" 198
"../../../Engine/Plugins/2D/Paper2D/Content/DefaultSpriteMaterial.uasset" 199
"../../../Engine/Plugins/2D/Paper2D/Content/MaskedUnlitSpriteMaterial.uasset" 200
"../../../Engine/Plugins/2D/Paper2D/Content/OpaqueUnlitSpriteMaterial.uasset" 201
"../../../Engine/Plugins/2D/Paper2D/Content/DummySprite.uasset" 202
"../../../Engine/Plugins/2D/Paper2D/Content/DefaultPaperTerrainMaterial.uasset" 203
"../../../Engine/Plugins/Runtime/LeapMotionController/Content/LM_CapsuleMesh.uasset" 204
"../../../Engine/Plugins/Runtime/LeapMotionController/Content/LM_TorusMesh.uasset" 205
"../../../Engine/Plugins/Runtime/LeapMotionController/Content/LM_HandColor.uasset" 206
"../../../Engine/Plugins/Runtime/LeapMotionController/Content/LM_SampleDistortion.uasset" 207
"../../../Engine/Plugins/Runtime/LeapMotionController/Content/LM_TestTexture.uasset" 208
"../../../Engine/Plugins/Runtime/LeapMotionController/Content/LM_PassthroughMaterial.uasset" 209
"../../../Engine/Content/EngineMaterials/RemoveSurfaceMaterial.uasset" 210
"../../../Engine/Content/EngineDebugMaterials/DebugMeshMaterial.uasset" 211
"../../../Engine/Content/EngineMaterials/InvalidLightmapSettings.uasset" 212
"../../../Engine/Content/EngineMaterials/M_InvalidLightmapSettings.uasset" 213
"../../../Engine/Content/EditorMaterials/GizmoMaterial.uasset" 214
"../../../Engine/Content/EngineMaterials/Good64x64TilingNoiseHighFreq.uasset" 215
"../../../Engine/Content/EngineMaterials/DefaultBokeh.uasset" 216
"../../../Engine/Content/EngineMaterials/PreintegratedSkinBRDF.uasset" 217
"../../../Engine/Content/EngineMaterials/MiniFont.uasset" 218
"../../../Engine/Content/EngineMaterials/WeightMapPlaceholderTexture.uasset" 219
"../../../Engine/Content/EngineMaterials/DefaultPhysicalMaterial.uasset" 220
"../../../Engine/Content/EngineFonts/RobotoTiny.uasset" 221
"../../../MaidRunner/Content/Blueprints/ThirdPersonOverview.uasset" 222
"../../../Engine/Content/MobileResources/HUD/T_Castle_ThumbstickInner.uasset" 223
"../../../MaidRunner/Content/Blueprints/Book_Blueprint.uasset" 224
"../../../MaidRunner/Content/Blueprints/Door.uasset" 225
"../../../MaidRunner/Content/Blueprints/Door_Right_Blueprint.uasset" 226
"../../../Engine/Content/EngineFonts/Roboto.uasset" 227
"../../../MaidRunner/Content/Blueprints/FinnHUD.uasset" 228
"../../../MaidRunner/Content/Mannequin/Animations/ThirdPersonJump_End.uasset" 229
"../../../Engine/Content/MobileResources/HUD/T_Castle_ThumbstickOutter.uasset" 230
"../../../MaidRunner/Content/Assets/Bookshelf_old_mesh.uasset" 231
"../../../MaidRunner/Content/Assets/Drawer_mesh.uasset" 232
"../../../MaidRunner/Content/Assets/obj_AD_WallSection.uasset" 233
"../../../MaidRunner/Content/Mannequin/Character/Mesh/SK_Mannequin_PhysicsAsset.uasset" 234
"../../../Engine/Content/MobileResources/HUD/MobileHUDButton2_off.uasset" 235
"../../../Engine/Content/MobileResources/HUD/MobileHUDButton3.uasset" 236
"../../../Engine/Content/MobileResources/HUD/MobileHUDButtonFire.uasset" 237
"../../../Engine/Content/MobileResources/HUD/MobileHUDDirectionStick.uasset" 238
"../../../Engine/Content/MobileResources/HUD/MobileHUDDirectionPad2.uasset" 239
"../../../Engine/Content/MobileResources/HUD/MobileHUDButton2_on.uasset" 240
"../../../MaidRunner/Content/Materials/Textures/WhiteWall.uasset" 241
"../../../MaidRunner/Content/Geometry/Meshes/1M_Cube_Chamfer.uasset" 242
"../../../Engine/Content/MobileResources/HUD/MobileHUDDirectionPad3.uasset" 243
"../../../Engine/Content/EditorResources/EmptyActor.uasset" 244
"../../../Engine/Content/EditorResources/LightIcons/S_LightError.uasset" 245
"../../../Engine/Content/MobileResources/HUD/MobileHUDButton1_on.uasset" 246
"../../../Engine/Content/MobileResources/HUD/AnalogHat.uasset" 247
"../../../Engine/Content/MobileResources/HUD/MobileHUDDirectionPad.uasset" 248
"../../../Engine/Content/MobileResources/T_MobileControls_texture.uasset" 249
"../../../Engine/Content/MobileResources/HUD/MobileHUDButton1_off.uasset" 250
"../../../MaidRunner/Content/Materials/Textures/WhiteWall_txt.uasset" 251
"../../../MaidRunner/Content/Materials/Glass_mat.uasset" 252
"../../../Engine/Content/MobileResources/HUD/VirtualJoystick_Background.uasset" 253
"../../../Engine/Content/MobileResources/HUD/VirtualJoystick_Thumb.uasset" 254
"../../../Engine/Content/MobileResources/HUD/LeftVirtualJoystickOnly.uasset" 255
"../../../Engine/Content/MobileResources/HUD/DefaultVirtualJoysticks.uasset" 256
"../../../Engine/Content/MobileResources/T_MobileMenu2.uasset" 257
"../../../Engine/Content/EditorMaterials/PhAT_JointLimitMaterial.uasset" 258
"../../../Engine/Content/EditorMaterials/PreviewShadowIndicator.uasset" 259
"../../../Engine/Content/EditorMaterials/PreviewShadowIndicatorMaterial.uasset" 260
"../../../Engine/Content/EditorMeshes/ColorCalibrator/M_ChromeBall.uasset" 261
"../../../Engine/Content/EditorMeshes/ColorCalibrator/M_ClearCoat.uasset" 262
"../../../Engine/Content/EditorMeshes/ColorCalibrator/M_ClearCoatBlack.uasset" 263
"../../../Engine/Content/EditorMeshes/ColorCalibrator/T_ColorGrid.uasset" 264
"../../../Engine/Content/EditorMeshes/ColorCalibrator/M_ColorGrid.uasset" 265
"../../../Engine/Content/EditorMeshes/ColorCalibrator/M_GreyBall.uasset" 266
"../../../Engine/Content/EditorMeshes/ColorCalibrator/SM_ColorCalibrator.uasset" 267
"../../../Engine/Content/EditorResources/BSPVertex.uasset" 268
"../../../Engine/Content/EngineDebugMaterials/HeatmapGradient.uasset" 269
"../../../Engine/Content/EngineDebugMaterials/BoneWeightMaterial.uasset" 270
"../../../Engine/Content/EngineDebugMaterials/GeomMaterial.uasset" 271
"../../../Engine/Content/Functions/Engine_MaterialFunctions01/Shading/ConvertFromDiffSpec.uasset" 272
"../../../Engine/Content/EngineDebugMaterials/LevelColorationLitMaterial.uasset" 273
"../../../Engine/Content/EngineDebugMaterials/LevelColorationUnlitMaterial.uasset" 274
"../../../Engine/Content/EngineMaterials/DefaultWhiteGrid.uasset" 275
"../../../Engine/Content/EngineDebugMaterials/MAT_LevelColorationLitLightmapUV.uasset" 276
"../../../Engine/Content/EngineDebugMaterials/ShadedLevelColorationLitMaterial.uasset" 277
"../../../Engine/Content/EngineDebugMaterials/ShadedLevelColorationUnlitMateri.uasset" 278
"../../../Engine/Content/EngineDebugMaterials/VertexColorMaterial.uasset" 279
"../../../Engine/Content/EngineDebugMaterials/VertexColorViewMode_AlphaAsColor.uasset" 280
"../../../Engine/Content/EngineDebugMaterials/VertexColorViewMode_BlueOnly.uasset" 281
"../../../Engine/Content/EngineDebugMaterials/VertexColorViewMode_ColorOnly.uasset" 282
"../../../Engine/Content/EngineDebugMaterials/VertexColorViewMode_GreenOnly.uasset" 283
"../../../Engine/Content/EngineDebugMaterials/VertexColorViewMode_RedOnly.uasset" 284
"../../../Engine/Content/EngineDebugMaterials/WireframeMaterial.uasset" 285
"../../../Engine/Content/EngineMaterials/EditorBrushMaterial.uasset" 286
"../../../Engine/Content/Tutorial/BlueprintTutorials/TutorialAssets/BlueprintMacroLibrary_64x.uasset" 287
"../../../Engine/Content/Tutorial/BlueprintTutorials/TutorialAssets/Tutorial_BP_MacroLib.uasset" 288
"../../../Engine/Content/Tutorial/BlueprintTutorials/BlueprintMacroLibrariesEditorOverview.uasset" 289
"../../../Engine/Content/Tutorial/Foliage/TutorialAssets/Foliage.uasset" 290
"../../../Engine/Content/Tutorial/Foliage/Foliage_Settings_Tutorial.uasset" 291
"../../../Engine/Content/Tutorial/Foliage/Foliage_Using_The_Tool_Tutorial.uasset" 292
"../../../Engine/Content/Tutorial/Foliage/Foliage_Intro_Tutorial.uasset" 293
"../../../Engine/Content/Tutorial/Paper2D/TutorialAssets/Paper2DFlipbook_TutorialIcon.uasset" 294
"../../../Engine/Content/Tutorial/Paper2D/FlipbookEditorTutorial.uasset" 295
"../../../Engine/Content/Tutorial/Paper2D/TutorialAssets/Paper2DSprite_TutorialIcon.uasset" 296
"../../../Engine/Content/Tutorial/Paper2D/SpriteEditorTutorial.uasset" 297
"../../../Engine/Content/EditorMeshes/EditorCube.uasset" 298
"../../../Engine/Content/Tutorial/SubEditors/TutorialAssets/Tutorial_DM.uasset" 299
"../../../Engine/Content/Tutorial/SubEditors/DestructibleMeshEditorTutorial.uasset" 300
"../../../Engine/Content/Tutorial/SubEditors/TutorialAssets/TutorialMaterial.uasset" 301
"../../../Engine/Content/Tutorial/SubEditors/MaterialEditorTutorial.uasset" 302
"../../../Engine/Content/Tutorial/SubEditors/TutorialAssets/T_SmokeSubUV_8X8.uasset" 303
"../../../Engine/Content/Tutorial/SubEditors/TutorialAssets/T_soft_smoke.uasset" 304
"../../../Engine/Content/Tutorial/SubEditors/TutorialAssets/M_smoke_subUV_blackbody.uasset" 305
"../../../Engine/Content/Tutorial/SubEditors/TutorialAssets/TutorialParticleSystem.uasset" 306
"../../../Engine/Content/Tutorial/SubEditors/ParticleSystemEditorTutorial.uasset" 307
"../../../Engine/Content/Tutorial/SubEditors/TutorialAssets/icon_ShowSkeletalMeshes_40x.uasset" 308
"../../../Engine/Content/Tutorial/SubEditors/TutorialAssets/Character/TutorialTPP_Mat.uasset" 309
"../../../Engine/Content/Tutorial/SubEditors/TutorialAssets/Character/TutorialTPP_PhysicsAsset.uasset" 310
"../../../Engine/Content/Tutorial/SubEditors/TutorialAssets/Character/TutorialTPP.uasset" 311
"../../../Engine/Content/Tutorial/SubEditors/TutorialAssets/Character/TutorialTPP_Skeleton.uasset" 312
"../../../Engine/Content/Tutorial/SubEditors/TutorialAssets/Character/Tutorial_Idle.uasset" 313
"../../../Engine/Content/Tutorial/SubEditors/TutorialAssets/Character/Tutorial_Walk_Fwd.uasset" 314
"../../../Engine/Content/Tutorial/SubEditors/TutorialAssets/Character/NewBlendSpace1D.uasset" 315
"../../../Engine/Content/Tutorial/SubEditors/TutorialAssets/Character/TutorialCharacter.uasset" 316
"../../../Engine/Content/Tutorial/SubEditors/TutorialAssets/Character/TutorialTPP_AnimBlueprint.uasset" 317
"../../../Engine/Content/Tutorial/SubEditors/PersonaAnimBlueprintEditorWalkthrough.uasset" 318
"../../../Engine/Content/Tutorial/SubEditors/PersonaAnimEditorWalkthrough.uasset" 319
"../../../Engine/Content/Tutorial/SubEditors/PersonaAnimEditorTutorial.uasset" 320
"../../../Engine/Content/EngineMeshes/Cube.uasset" 321
"../../../Engine/Content/Tutorial/SubEditors/StaticMeshEditorTutorial.uasset" 322
"../../../Engine/Content/Tutorial/SubEditors/TutorialAssets/icon_Editor_Preferences_General_40x.uasset" 323
