[2015.11.17-17.17.08:325][  0]Log file open, 11/17/15 17:17:08
[2015.11.17-17.17.08:325][  0]LogInit:Display: Running engine for game: MaidRunner_AD_05
[2015.11.17-17.17.08:325][  0]LogInit:Display: RandInit(-1430197827) SRandInit(-1430197827).
[2015.11.17-17.17.08:325][  0]LogTaskGraph: Started task graph with 4 named threads and 7 total threads.
[2015.11.17-17.17.08:325][  0]LogStats: Stats thread started at 0.076573
[2015.11.17-17.17.08:325][  0]LogInit: Version: 4.9.2-2707645+++depot+UE4-Releases+4.9
[2015.11.17-17.17.08:325][  0]LogInit: API Version: 2672455
[2015.11.17-17.17.08:325][  0]LogInit: Compiled (64-bit): Sep 28 2015 10:25:44
[2015.11.17-17.17.08:325][  0]LogInit: Compiled with Visual C++: 18.00.21005.01
[2015.11.17-17.17.08:325][  0]LogInit: Build Configuration: Development
[2015.11.17-17.17.08:325][  0]LogInit: Branch Name: ++depot+UE4-Releases+4.9
[2015.11.17-17.17.08:325][  0]LogInit: Command line:  
[2015.11.17-17.17.08:325][  0]LogInit: Base directory: C:/Program Files/Epic Games/4.9/Engine/Binaries/Win64/
[2015.11.17-17.17.08:325][  0]LogInit: Rocket: 1
[2015.11.17-17.17.08:442][  0]LogInit: Using libcurl 7.41.0
[2015.11.17-17.17.08:442][  0]LogInit:  - built for x86_64-pc-win32
[2015.11.17-17.17.08:442][  0]LogInit:  - supports SSL with WinSSL
[2015.11.17-17.17.08:442][  0]LogInit:  - other features:
[2015.11.17-17.17.08:442][  0]LogInit:      CURL_VERSION_SSL
[2015.11.17-17.17.08:442][  0]LogInit:      CURL_VERSION_IPV6
[2015.11.17-17.17.08:442][  0]LogInit:      CURL_VERSION_ASYNCHDNS
[2015.11.17-17.17.08:442][  0]LogInit:      CURL_VERSION_LARGEFILE
[2015.11.17-17.17.08:442][  0]LogInit:      CURL_VERSION_IDN
[2015.11.17-17.17.08:442][  0]LogInit:  CurlRequestOptions (configurable via config and command line):
[2015.11.17-17.17.08:442][  0]LogInit:  - bVerifyPeer = true  - Libcurl will verify peer certificate
[2015.11.17-17.17.08:442][  0]LogInit:  - bUseHttpProxy = false  - Libcurl will NOT use HTTP proxy
[2015.11.17-17.17.08:442][  0]LogInit:  - bDontReuseConnections = false  - Libcurl will reuse connections
[2015.11.17-17.17.08:442][  0]LogInit:  - CertBundlePath = nullptr  - Libcurl will use whatever was configured at build time.
[2015.11.17-17.17.08:476][  0]LogInit: Presizing for 0 objects not considered by GC, pre-allocating 0 bytes.
[2015.11.17-17.17.08:485][  0]LogInit: Object subsystem initialized
[2015.11.17-17.17.08:487][  0]LogInit: Selected Device Profile: [Windows]
[2015.11.17-17.17.08:487][  0]LogInit: Applying CVar settings loaded from the selected device profile: [Windows]
[2015.11.17-17.17.08:556][  0]LogInit: Computer: PHOENIX
[2015.11.17-17.17.08:556][  0]LogInit: User: Beren
[2015.11.17-17.17.08:556][  0]LogInit: CPU Page size=4096, Cores=4
[2015.11.17-17.17.08:556][  0]LogInit: High frequency timer resolution =2.734404 MHz
[2015.11.17-17.17.08:556][  0]LogMemory: Memory total: Physical=8.0GB (8GB approx)
[2015.11.17-17.17.08:556][  0]LogMemory: Platform Memory Stats for Windows
[2015.11.17-17.17.08:556][  0]LogMemory: Process Physical Memory: 54.11 MB used, 54.11 MB peak
[2015.11.17-17.17.08:556][  0]LogMemory: Process Virtual Memory: 56.62 MB used, 56.62 MB peak
[2015.11.17-17.17.08:556][  0]LogMemory: Physical Memory: 4471.30 MB used, 8150.99 MB total
[2015.11.17-17.17.08:556][  0]LogMemory: Virtual Memory: 334.34 MB used, 8388608.00 MB total
[2015.11.17-17.17.08:872][  0]LogTextLocalizationManager: No specific translations for ('en-GB') exist, so ('en') translations will be used.
[2015.11.17-17.17.10:946][  0]LogD3D11RHI: Found D3D11 adapter 0: AMD Radeon HD 6900 Series (Feature Level 11_0)
[2015.11.17-17.17.10:946][  0]LogD3D11RHI: Adapter has 2032MB of dedicated video memory, 0MB of dedicated system memory, and 3819MB of shared system memory, 1 output[s]
[2015.11.17-17.17.10:946][  0]LogD3D11RHI: Chosen D3D11 Adapter Id = 0
[2015.11.17-17.17.10:951][  0]LogD3D11RHI: !Direct3DDevice
[2015.11.17-17.17.10:951][  0]LogRHI: Texture pool is 1361 MB (70% of 1945 MB)
[2015.11.17-17.17.10:958][  0]LogD3D11RHI: Async texture creation disabled: no driver support
[2015.11.17-17.17.10:970][  0]LogShaderCompilers: Guid format shader working directory is 15 characters bigger than the processId version (../../../../../../Users/Beren/Documents/University/Year 2/Game Engine and Assets/Unreal Projects/MaidRunner_AD_05/Intermediate/Shaders/WorkingDirectory/3004/).
[2015.11.17-17.17.10:970][  0]LogShaderCompilers: Cleaned the shader compiler working directory '../../../../../../Users/Beren/Documents/University/Year 2/Game Engine and Assets/Unreal Projects/MaidRunner_AD_05/Intermediate/Shaders/tmp/482C97994F0D9CD482BDA4A4E16A4612/'.
[2015.11.17-17.17.10:970][  0]LogShaderCompilers:Display: Using Local Shader Compiler.
[2015.11.17-17.17.15:448][  0]LogTemp:Display: Loaded TP AllDesktopTargetPlatform
[2015.11.17-17.17.15:454][  0]LogTemp:Display: Loaded TP WindowsClientTargetPlatform
[2015.11.17-17.17.15:461][  0]LogTemp:Display: Loaded TP WindowsNoEditorTargetPlatform
[2015.11.17-17.17.15:467][  0]LogTemp:Display: Loaded TP WindowsServerTargetPlatform
[2015.11.17-17.17.15:473][  0]LogTemp:Display: Loaded TP WindowsTargetPlatform
[2015.11.17-17.17.15:477][  0]LogTemp:Display: Loaded TP AndroidTargetPlatform
[2015.11.17-17.17.15:482][  0]LogTemp:Display: Loaded TP Android_ASTCTargetPlatform
[2015.11.17-17.17.15:486][  0]LogTemp:Display: Loaded TP Android_ATCTargetPlatform
[2015.11.17-17.17.15:491][  0]LogTemp:Display: Loaded TP Android_DXTTargetPlatform
[2015.11.17-17.17.15:496][  0]LogTemp:Display: Loaded TP Android_ETC1TargetPlatform
[2015.11.17-17.17.15:501][  0]LogTemp:Display: Loaded TP Android_ETC2TargetPlatform
[2015.11.17-17.17.15:506][  0]LogTemp:Display: Loaded TP Android_PVRTCTargetPlatform
[2015.11.17-17.17.15:506][  0]LogTemp:Display: Loaded TP HTML5TargetPlatform
[2015.11.17-17.17.15:525][  0]LogTemp:Display: Loaded TP IOSTargetPlatform
[2015.11.17-17.17.15:529][  0]LogTemp:Display: Loaded TP LinuxNoEditorTargetPlatform
[2015.11.17-17.17.15:533][  0]LogTemp:Display: Loaded TP LinuxServerTargetPlatform
[2015.11.17-17.17.15:538][  0]LogTemp:Display: Loaded TP LinuxTargetPlatform
[2015.11.17-17.17.15:538][  0]LogTargetPlatformManager:Display: Building Assets For Windows
[2015.11.17-17.17.15:880][  0]LogDerivedDataCache:Display: Max Cache Size: 512 MB
[2015.11.17-17.17.17:885][  0]LogDerivedDataCache: Loaded boot cache 2.00s 41MB C:/Users/Beren/AppData/Local/UnrealEngine/4.9/DerivedDataCache/Boot.ddc.
[2015.11.17-17.17.17:885][  0]LogDerivedDataCache:Display: Loaded Boot cache: C:/Users/Beren/AppData/Local/UnrealEngine/4.9/DerivedDataCache/Boot.ddc
[2015.11.17-17.17.17:885][  0]LogDerivedDataCache: FDerivedDataBackendGraph:  Pak pak cache file ../../../../../../Users/Beren/Documents/University/Year 2/Game Engine and Assets/Unreal Projects/MaidRunner_AD_05/DerivedDataCache/DDC.ddp not found, will not use a pak cache.
[2015.11.17-17.17.17:885][  0]LogDerivedDataCache: Unable to find inner node Pak for hierarchical cache Hierarchy.
[2015.11.17-17.17.17:885][  0]LogDerivedDataCache: FDerivedDataBackendGraph:  CompressedPak pak cache file ../../../../../../Users/Beren/Documents/University/Year 2/Game Engine and Assets/Unreal Projects/MaidRunner_AD_05/DerivedDataCache/Compressed.ddp not found, will not use a pak cache.
[2015.11.17-17.17.17:885][  0]LogDerivedDataCache: Unable to find inner node CompressedPak for hierarchical cache Hierarchy.
[2015.11.17-17.17.18:119][  0]LogDerivedDataCache:Display: Pak cache opened for reading ../../../Engine/DerivedDataCache/Compressed.ddp.
[2015.11.17-17.17.18:131][  0]LogDerivedDataCache: Using Local data cache path C:/Users/Beren/AppData/Local/UnrealEngine/Common/DerivedDataCache: Writable
[2015.11.17-17.17.22:582][  0]LogInit: Selected Device Profile: [Windows]
[2015.11.17-17.17.22:583][  0]LogContentStreaming: Texture pool size is 0.000000MB
[2015.11.17-17.17.22:627][  0]LogMeshUtilities: No automatic mesh reduction module available
[2015.11.17-17.17.22:627][  0]LogMeshUtilities: No automatic mesh merging module available
[2015.11.17-17.17.23:435][  0]LogInit: WinSock: version 1.1 (2.2), MaxSocks=32767, MaxUdp=65467
[2015.11.17-17.17.51:044][  0]LogAssetRegistry: FAssetRegistry took 0.0104 seconds to start up
[2015.11.17-17.17.51:360][  0]UdpMessaging: Initializing bridge on interface 0.0.0.0:0 to multicast group 230.0.0.1:6666.
[2015.11.17-17.17.55:316][  0]SourceControl: Info Source control is disabled
[2015.11.17-17.17.55:316][  0]SourceControl: Info Source control is disabled
[2015.11.17-17.17.55:643][  0]SourceControl: Info Source control is disabled
[2015.11.17-17.17.55:804][  0]SourceControl: Info Source control is disabled
[2015.11.17-17.17.57:949][  0]LogLinker:Warning: Asset '../../../Engine/Plugins/Runtime/LeapMotionController/Content/LM_PassthroughMaterial.uasset' has been saved with empty engine version. The asset will be loaded but may be incompatible.
[2015.11.17-17.17.58:288][  0]LogObj: 28528 objects as part of root set at end of initial load.
[2015.11.17-17.17.58:288][  0]LogUObjectAllocator: 6068464 out of 0 bytes used by permanent object pool.
[2015.11.17-17.17.58:490][  0]LogEngine: Initializing Engine...
[2015.11.17-17.17.58:504][  0]LogHMD: Can't find Oculus library dev build: is proper Runtime installed? Version: 0.7.0.0
[2015.11.17-17.17.58:528][  0]LogHMD: SteamVR failed to initialize.  Err: 110
[2015.11.17-17.17.58:803][  0]LogAIModule: Creating AISystem for world NewWorld
[2015.11.17-17.17.58:814][  0]LogInit: XAudio2 using 'Speakers (VIA HD Audio)' : 2 channels at 48 kHz using 32 bits per sample (channel mask 0x3)
[2015.11.17-17.17.58:847][  0]LogInit: FAudioDevice initialized.
[2015.11.17-17.17.58:876][  0]LogDerivedDataCache: Saved boot cache 0.03s 41MB C:/Users/Beren/AppData/Local/UnrealEngine/4.9/DerivedDataCache/Boot.ddc.
[2015.11.17-17.17.58:883][  0]LogInit: Texture streaming: Enabled
[2015.11.17-17.17.58:903][  0]LogAnalytics: Creating configured Analytics provider AnalyticsET
[2015.11.17-17.17.58:903][  0]LogAnalytics: [UEEditor.Rocket.Release] APIServer = http://et2.epicgames.com/ET2/. AppVersion = 4.9.2-2707645+++depot+UE4-Releases+4.9
[2015.11.17-17.17.58:903][  0]LogAnalytics: [UEEditor.Rocket.Release] SetUserId 3ab26a0a4fcf02a9d7a1c0b18ce06c6d|1a9fd4cccc794e438b183d4a2d921f67|3d9614c9-529e-4188-9376-3f0e091b9e40
[2015.11.17-17.17.58:903][  0]LogAnalytics: [UEEditor.Rocket.Release] AnalyticsET::StartSession
[2015.11.17-17.17.59:066][  0]LogInit: Transaction tracking system initialized
[2015.11.17-17.17.59:325][  0]BlueprintLog: New page: Editor Load
[2015.11.17-17.18.02:540][  0]LocalizationService: Info Localization service is disabled
[2015.11.17-17.18.05:510][  0]LogConsoleResponse:Display: 
[2015.11.17-17.18.10:095][  0]LogCook:Display: Done creating registry. It took  0.00s.
[2015.11.17-17.18.12:510][  0]LogFileCache: Scanning file cache for directory 'C:/Users/Beren/Documents/University/Year 2/Game Engine and Assets/Unreal Projects/MaidRunner_AD_05/Content/' took 0.01s
[2015.11.17-17.18.13:296][  0]SourceControl: Info Source control is disabled
[2015.11.17-17.18.13:297][  0]LightingResults: New page: Lighting Build
[2015.11.17-17.18.13:301][  0]MapCheck: New page: Map Check
[2015.11.17-17.18.13:301][  0]LightingResults: New page: Lighting Build
[2015.11.17-17.18.13:313][  0]LogParticles: Destroying 0 GPU particle simulations for FXSystem 0x000000001FC90400
[2015.11.17-17.18.18:649][  0]LogAIModule: Creating AISystem for world ThirdPersonExampleMap
[2015.11.17-17.18.18:685][  0]LogEditorServer: Finished looking for orphan Actors (0.000 secs)
[2015.11.17-17.18.18:686][  0]Cmd: MAP CHECKDEP NOCLEARLOG
[2015.11.17-17.18.18:743][  0]MapCheck: Info Map check complete: 0 Error(s), 0 Warning(s), took 56.929ms to complete.
[2015.11.17-17.18.18:743][  0]LogFileHelpers: Loading map 'ThirdPersonExampleMap' took 5.447
[2015.11.17-17.18.19:265][  0]LogCollectionManager: Loaded 0 collections in 0.002831 seconds
[2015.11.17-17.18.19:329][  0]LogFileCache: Scanning file cache for directory 'C:/Users/Beren/Documents/University/Year 2/Game Engine and Assets/Unreal Projects/MaidRunner_AD_05/Saved/Collections/' took 0.01s
[2015.11.17-17.18.19:329][  0]LogFileCache: Scanning file cache for directory 'C:/Users/Beren/Documents/University/Year 2/Game Engine and Assets/Unreal Projects/MaidRunner_AD_05/Content/Developers/Beren/Collections/' took 0.01s
[2015.11.17-17.18.19:329][  0]LogFileCache: Scanning file cache for directory 'C:/Users/Beren/Documents/University/Year 2/Game Engine and Assets/Unreal Projects/MaidRunner_AD_05/Content/Collections/' took 0.01s
[2015.11.17-17.18.19:329][  0]LogContentBrowser: Native class hierarchy populated in 0.0098 seconds. Added 1882 classes and 339 folders.
[2015.11.17-17.18.19:405][  0]LogCollectionManager: Rebuilt the GUID cache for 0 collections in 0.000005 seconds
[2015.11.17-17.18.19:566][  0]LogContentBrowser: Native class hierarchy updated for 'WidgetCarousel' in 0.0005 seconds. Added 0 classes and 0 folders.
[2015.11.17-17.18.21:903][  0]LogContentBrowser: Native class hierarchy updated for 'AddContentDialog' in 0.0004 seconds. Added 0 classes and 0 folders.
[2015.11.17-17.18.21:942][  0]LogContentBrowser: Native class hierarchy updated for 'SceneOutliner' in 0.0003 seconds. Added 1 classes and 2 folders.
[2015.11.17-17.18.22:161][  0]LogCrashTracker: Crashtracker disabled due to settings.
[2015.11.17-17.18.22:187][  0]LogUObjectGlobals:Warning: Failed to find object 'Class None.'
[2015.11.17-17.18.22:230][  0]LogLoad: Full Startup: 75.99 seconds (BP compile: 0.14 seconds)
[2015.11.17-17.18.22:402][  0]LogContentStreaming: Texture pool size now 1000 MB
[2015.11.17-17.18.22:634][  0]LogRenderer: Reallocating scene render targets to support 832x456 (Frame:2).
[2015.11.17-17.18.22:913][  1]LogCollectionManager: Rebuilt the object cache for 0 collections in 0.000001 seconds (found 0 objects)
[2015.11.17-17.18.23:111][  3]LogAssetRegistry: Asset discovery search completed in 32.0769 seconds
[2015.11.17-17.18.23:111][  3]LogCollectionManager: Fixed up redirectors for 0 collections in 0.000005 seconds (updated 0 objects)
[2015.11.17-18.02.57:954][ 87]SourceControl: Info Source control is disabled
[2015.11.17-18.03.01:496][176]Cmd: QUIT_EDITOR
[2015.11.17-18.03.02:005][176]LogExit: Preparing to exit.
[2015.11.17-18.03.03:048][176]LogExit: Editor shut down
[2015.11.17-18.03.03:048][176]LogExit: Transaction tracking system shut down
[2015.11.17-18.03.03:075][176]LogParticles: Destroying 0 GPU particle simulations for FXSystem 0x000000000F4A6C00
[2015.11.17-18.03.03:936][176]LogParticles: Destroying 0 GPU particle simulations for FXSystem 0x0000000025E8F880
[2015.11.17-18.03.03:936][176]LogParticles: Destroying 0 GPU particle simulations for FXSystem 0x0000000026A99300
[2015.11.17-18.03.03:936][176]LogParticles: Destroying 0 GPU particle simulations for FXSystem 0x0000000026A99120
[2015.11.17-18.03.03:936][176]LogExit: Object subsystem successfully closed.
[2015.11.17-18.03.04:261][176]LogD3D11RHI: Shutdown
[2015.11.17-18.03.04:261][176]LogD3D11RHI: CleanupD3DDevice
[2015.11.17-18.03.04:340][176]LogD3D11RHI: ~FD3D11DynamicRHI
[2015.11.17-18.03.04:757][176]LogModuleManager: Shutting down and abandoning module CrashTracker (199)
[2015.11.17-18.03.04:757][176]LogModuleManager: Shutting down and abandoning module SceneOutliner (198)
[2015.11.17-18.03.04:757][176]LogModuleManager: Shutting down and abandoning module SuperSearch (197)
[2015.11.17-18.03.04:757][176]LogModuleManager: Shutting down and abandoning module WidgetCarousel (196)
[2015.11.17-18.03.04:757][176]LogModuleManager: Shutting down and abandoning module AddContentDialog (195)
[2015.11.17-18.03.04:758][176]LogModuleManager: Shutting down and abandoning module EditorWidgets (194)
[2015.11.17-18.03.04:758][176]LogModuleManager: Shutting down and abandoning module CollectionManager (193)
[2015.11.17-18.03.04:758][176]LogModuleManager: Shutting down and abandoning module StatsViewer (192)
[2015.11.17-18.03.05:021][176]LogModuleManager: Shutting down and abandoning module FoliageEdit (191)
[2015.11.17-18.03.05:033][176]LogModuleManager: Shutting down and abandoning module LandscapeEditor (190)
[2015.11.17-18.03.05:033][176]LogModuleManager: Shutting down and abandoning module ActorPickerMode (189)
[2015.11.17-18.03.05:033][176]LogModuleManager: Shutting down and abandoning module GeometryMode (188)
[2015.11.17-18.03.05:045][176]LogModuleManager: Shutting down and abandoning module TextureAlignMode (187)
[2015.11.17-18.03.05:045][176]LogModuleManager: Shutting down and abandoning module BspMode (186)
[2015.11.17-18.03.05:045][176]LogModuleManager: Shutting down and abandoning module PlacementMode (185)
[2015.11.17-18.03.05:045][176]LogModuleManager: Shutting down and abandoning module AutomationWorker (184)
[2015.11.17-18.03.05:046][176]LogModuleManager: Shutting down and abandoning module CharacterAI (183)
[2015.11.17-18.03.05:046][176]LogModuleManager: Shutting down and abandoning module SmartSnapping (182)
[2015.11.17-18.03.05:046][176]LogModuleManager: Shutting down and abandoning module ViewportSnapping (181)
[2015.11.17-18.03.05:046][176]LogModuleManager: Shutting down and abandoning module LogVisualizer (180)
[2015.11.17-18.03.05:046][176]LogModuleManager: Shutting down and abandoning module GameProjectGeneration (179)
[2015.11.17-18.03.05:046][176]LogModuleManager: Shutting down and abandoning module IntroTutorials (178)
[2015.11.17-18.03.05:062][176]LogModuleManager: Shutting down and abandoning module EditorLiveStreaming (177)
[2015.11.17-18.03.05:062][176]LogModuleManager: Shutting down and abandoning module IOSPlatformEditor (176)
[2015.11.17-18.03.05:105][176]LogModuleManager: Shutting down and abandoning module HTML5PlatformEditor (175)
[2015.11.17-18.03.05:105][176]LogModuleManager: Shutting down and abandoning module AndroidDeviceDetection (174)
[2015.11.17-18.03.05:579][176]LogModuleManager: Shutting down and abandoning module AndroidPlatformEditor (173)
[2015.11.17-18.03.05:579][176]LogModuleManager: Shutting down and abandoning module IOSRuntimeSettings (172)
[2015.11.17-18.03.05:579][176]LogModuleManager: Shutting down and abandoning module AndroidRuntimeSettings (171)
[2015.11.17-18.03.05:579][176]LogModuleManager: Shutting down and abandoning module MergeActors (170)
[2015.11.17-18.03.05:579][176]LogModuleManager: Shutting down and abandoning module SizeMap (169)
[2015.11.17-18.03.05:579][176]LogModuleManager: Shutting down and abandoning module TreeMap (168)
[2015.11.17-18.03.05:579][176]LogModuleManager: Shutting down and abandoning module ReferenceViewer (167)
[2015.11.17-18.03.05:603][176]LogModuleManager: Shutting down and abandoning module LocalizationService (166)
[2015.11.17-18.03.05:603][176]LogModuleManager: Shutting down and abandoning module LocalizationDashboard (165)
[2015.11.17-18.03.05:603][176]LogModuleManager: Shutting down and abandoning module HardwareTargeting (164)
[2015.11.17-18.03.05:603][176]LogModuleManager: Shutting down and abandoning module DeviceProfileEditor (163)
[2015.11.17-18.03.05:603][176]LogModuleManager: Shutting down and abandoning module UndoHistory (162)
[2015.11.17-18.03.05:603][176]LogModuleManager: Shutting down and abandoning module GameplayTagsEditor (161)
[2015.11.17-18.03.05:603][176]LogModuleManager: Shutting down and abandoning module UserFeedback (160)
[2015.11.17-18.03.05:603][176]LogModuleManager: Shutting down and abandoning module XmlParser (159)
[2015.11.17-18.03.05:603][176]LogModuleManager: Shutting down and abandoning module Blutility (158)
[2015.11.17-18.03.05:603][176]LogModuleManager: Shutting down and abandoning module ProjectTargetPlatformEditor (157)
[2015.11.17-18.03.05:603][176]LogModuleManager: Shutting down and abandoning module ProjectSettingsViewer (156)
[2015.11.17-18.03.05:603][176]LogModuleManager: Shutting down and abandoning module InputBindingEditor (155)
[2015.11.17-18.03.05:603][176]LogModuleManager: Shutting down and abandoning module EditorSettingsViewer (154)
[2015.11.17-18.03.05:603][176]LogModuleManager: Shutting down and abandoning module SettingsEditor (153)
[2015.11.17-18.03.05:631][176]LogModuleManager: Shutting down and abandoning module ProjectLauncher (152)
[2015.11.17-18.03.05:642][176]LogModuleManager: Shutting down and abandoning module SessionFrontend (151)
[2015.11.17-18.03.05:643][176]LogModuleManager: Shutting down and abandoning module ProfilerClient (150)
[2015.11.17-18.03.05:643][176]LogModuleManager: Shutting down and abandoning module TargetDeviceServices (149)
[2015.11.17-18.03.05:643][176]LogModuleManager: Shutting down and abandoning module DeviceManager (148)
[2015.11.17-18.03.05:643][176]LogModuleManager: Shutting down and abandoning module AutomationController (147)
[2015.11.17-18.03.05:643][176]LogModuleManager: Shutting down and abandoning module AutomationWindow (146)
[2015.11.17-18.03.05:643][176]LogModuleManager: Shutting down and abandoning module Layers (145)
[2015.11.17-18.03.05:643][176]LogModuleManager: Shutting down and abandoning module ComponentVisualizers (144)
[2015.11.17-18.03.05:643][176]LogModuleManager: Shutting down and abandoning module DetailCustomizations (143)
[2015.11.17-18.03.05:643][176]LogModuleManager: Shutting down and abandoning module PackagesDialog (142)
[2015.11.17-18.03.06:023][176]LogModuleManager: Shutting down and abandoning module Persona (141)
[2015.11.17-18.03.06:033][176]LogModuleManager: Shutting down and abandoning module Kismet (140)
[2015.11.17-18.03.06:064][176]LogModuleManager: Shutting down and abandoning module GraphEditor (139)
[2015.11.17-18.03.06:064][176]LogModuleManager: Shutting down and abandoning module ClassViewer (138)
[2015.11.17-18.03.06:064][176]LogModuleManager: Shutting down and abandoning module Toolbox (137)
[2015.11.17-18.03.06:064][176]LogModuleManager: Shutting down and abandoning module ModuleUI (136)
[2015.11.17-18.03.06:064][176]LogModuleManager: Shutting down and abandoning module MovieSceneTools (135)
[2015.11.17-18.03.06:069][176]LogModuleManager: Shutting down and abandoning module OutputLog (134)
[2015.11.17-18.03.06:069][176]LogModuleManager: Shutting down and abandoning module GammaUI (133)
[2015.11.17-18.03.06:069][176]LogModuleManager: Shutting down and abandoning module Documentation (132)
[2015.11.17-18.03.06:089][176]LogModuleManager: Shutting down and abandoning module GameLiveStreaming (131)
[2015.11.17-18.03.06:089][176]LogModuleManager: Shutting down and abandoning module StreamingPauseRendering (130)
[2015.11.17-18.03.06:089][176]LogModuleManager: Shutting down and abandoning module AnalyticsET (129)
[2015.11.17-18.03.06:089][176]LogModuleManager: Shutting down and abandoning module Analytics (128)
[2015.11.17-18.03.06:089][176]LogModuleManager: Shutting down and abandoning module AITestSuite (127)
[2015.11.17-18.03.06:089][176]LogModuleManager: Shutting down and abandoning module GameplayDebugger (126)
[2015.11.17-18.03.06:089][176]LogModuleManager: Shutting down and abandoning module AIModule (125)
[2015.11.17-18.03.06:089][176]LogModuleManager: Shutting down and abandoning module ProfilerService (124)
[2015.11.17-18.03.06:095][176]LogModuleManager: Shutting down and abandoning module TaskGraph (123)
[2015.11.17-18.03.06:095][176]LogModuleManager: Shutting down and abandoning module SubstanceEditor (122)
[2015.11.17-18.03.06:095][176]LogModuleManager: Shutting down and abandoning module SlateRemote (121)
[2015.11.17-18.03.06:095][176]LogModuleManager: Shutting down and abandoning module SteamVRController (120)
[2015.11.17-18.03.06:095][176]LogModuleManager: Shutting down and abandoning module SteamVR (119)
[2015.11.17-18.03.06:095][176]LogModuleManager: Shutting down and abandoning module ProceduralMeshComponent (118)
[2015.11.17-18.03.06:095][176]LogModuleManager: Shutting down and abandoning module OculusRift (117)
[2015.11.17-18.03.06:095][176]LogModuleManager: Shutting down and abandoning module OculusLibrary (116)
[2015.11.17-18.03.06:095][176]LogModuleManager: Shutting down and abandoning module LeapMotionController (115)
[2015.11.17-18.03.06:130][176]LogModuleManager: Shutting down and abandoning module CustomMeshComponent (114)
[2015.11.17-18.03.06:130][176]LogModuleManager: Shutting down and abandoning module CableComponent (113)
[2015.11.17-18.03.06:130][176]LogModuleManager: Shutting down and abandoning module ArchVisCharacter (112)
[2015.11.17-18.03.06:130][176]LogModuleManager: Shutting down and abandoning module MessagingDebugger (111)
[2015.11.17-18.03.06:130][176]LogModuleManager: Shutting down and abandoning module MediaPlayerEditor (110)
[2015.11.17-18.03.06:130][176]LogModuleManager: Shutting down and abandoning module HTML5Networking (109)
[2015.11.17-18.03.06:130][176]LogModuleManager: Shutting down and abandoning module SpeedTreeImporter (108)
[2015.11.17-18.03.06:130][176]LogModuleManager: Shutting down and abandoning module PluginBrowser (107)
[2015.11.17-18.03.06:150][176]LogModuleManager: Shutting down and abandoning module EpicSurvey (106)
[2015.11.17-18.03.06:150][176]LogModuleManager: Shutting down and abandoning module DesktopPlatform (105)
[2015.11.17-18.03.06:150][176]LogModuleManager: Shutting down and abandoning module VisualStudioSourceCodeAccess (104)
[2015.11.17-18.03.06:150][176]LogModuleManager: Shutting down and abandoning module UObjectPlugin (103)
[2015.11.17-18.03.06:150][176]LogModuleManager: Shutting down and abandoning module SubversionSourceControl (102)
[2015.11.17-18.03.06:150][176]LogModuleManager: Shutting down and abandoning module PerforceSourceControl (101)
[2015.11.17-18.03.06:150][176]LogModuleManager: Shutting down and abandoning module SourceControl (100)
[2015.11.17-18.03.06:150][176]LogModuleManager: Shutting down and abandoning module GitSourceControl (99)
[2015.11.17-18.03.06:150][176]LogModuleManager: Shutting down and abandoning module LightPropagationVolumeEditor (98)
[2015.11.17-18.03.06:150][176]LogModuleManager: Shutting down and abandoning module PaperTiledImporter (97)
[2015.11.17-18.03.06:150][176]LogModuleManager: Shutting down and abandoning module PaperSpriteSheetImporter (96)
[2015.11.17-18.03.06:150][176]LogModuleManager: Shutting down and abandoning module MeshPaint (95)
[2015.11.17-18.03.06:150][176]LogModuleManager: Shutting down and abandoning module SlateReflector (94)
[2015.11.17-18.03.06:156][176]LogModuleManager: Shutting down and abandoning module HotReload (93)
[2015.11.17-18.03.06:156][176]LogModuleManager: Shutting down and abandoning module MainFrame (92)
[2015.11.17-18.03.06:156][176]LogModuleManager: Shutting down and abandoning module LevelEditor (91)
[2015.11.17-18.03.06:157][176]LogModuleManager: Shutting down and abandoning module ContentBrowser (90)
[2015.11.17-18.03.06:158][176]LogModuleManager: Shutting down and abandoning module Paper2DEditor (89)
[2015.11.17-18.03.06:158][176]LogModuleManager: Shutting down and abandoning module UdpMessaging (88)
[2015.11.17-18.03.06:258][176]LogModuleManager: Shutting down and abandoning module DirectoryWatcher (87)
[2015.11.17-18.03.06:258][176]LogModuleManager: Shutting down and abandoning module AssetRegistry (86)
[2015.11.17-18.03.06:358][176]LogModuleManager: Shutting down and abandoning module SubstanceCore (85)
[2015.11.17-18.03.06:371][176]LogModuleManager: Shutting down and abandoning module LightPropagationVolumeRuntime (84)
[2015.11.17-18.03.06:371][176]LogModuleManager: Shutting down and abandoning module Paper2D (83)
[2015.11.17-18.03.06:371][176]LogModuleManager: Shutting down and abandoning module WindowsMoviePlayer (82)
[2015.11.17-18.03.06:375][176]LogModuleManager: Shutting down and abandoning module Media (81)
[2015.11.17-18.03.06:375][176]LogModuleManager: Shutting down and abandoning module WmfMedia (80)
[2015.11.17-18.03.06:375][176]LogModuleManager: Shutting down and abandoning module OnlineBlueprintSupport (79)
[2015.11.17-18.03.06:375][176]LogModuleManager: Shutting down and abandoning module GameplayTasksEditor (78)
[2015.11.17-18.03.06:375][176]LogModuleManager: Shutting down and abandoning module PropertyEditor (77)
[2015.11.17-18.03.06:375][176]LogModuleManager: Shutting down and abandoning module BehaviorTreeEditor (76)
[2015.11.17-18.03.06:375][176]LogModuleManager: Shutting down and abandoning module FunctionalTesting (75)
[2015.11.17-18.03.06:375][176]LogModuleManager: Shutting down and abandoning module CollisionAnalyzer (74)
[2015.11.17-18.03.06:379][176]LogModuleManager: Shutting down and abandoning module WorkspaceMenuStructure (73)
[2015.11.17-18.03.06:379][176]LogModuleManager: Shutting down and abandoning module MessageLog (72)
[2015.11.17-18.03.06:379][176]LogModuleManager: Shutting down and abandoning module Sequencer (71)
[2015.11.17-18.03.06:379][176]LogModuleManager: Shutting down and abandoning module AssetTools (70)
[2015.11.17-18.03.06:386][176]LogModuleManager: Shutting down and abandoning module UMGEditor (69)
[2015.11.17-18.03.06:386][176]LogModuleManager: Shutting down and abandoning module UMG (68)
[2015.11.17-18.03.06:386][176]LogModuleManager: Shutting down and abandoning module Slate (67)
[2015.11.17-18.03.06:387][176]LogModuleManager: Shutting down and abandoning module EditorStyle (66)
[2015.11.17-18.03.06:389][176]LogModuleManager: Shutting down and abandoning module SessionServices (65)
[2015.11.17-18.03.06:389][176]LogModuleManager: Shutting down and abandoning module SourceCodeAccess (64)
[2015.11.17-18.03.06:389][176]LogModuleManager: Shutting down and abandoning module HeadMountedDisplay (63)
[2015.11.17-18.03.06:389][176]LogModuleManager: Shutting down and abandoning module XAudio2 (62)
[2015.11.17-18.03.06:389][176]LogModuleManager: Shutting down and abandoning module Networking (60)
[2015.11.17-18.03.06:389][176]LogModuleManager: Shutting down and abandoning module Core (59)
[2015.11.17-18.03.06:389][176]LogModuleManager: Shutting down and abandoning module KismetCompiler (58)
[2015.11.17-18.03.06:389][176]LogModuleManager: Shutting down and abandoning module PhysXFormats (57)
[2015.11.17-18.03.06:389][176]LogModuleManager: Shutting down and abandoning module MeshUtilities (56)
[2015.11.17-18.03.06:392][176]LogModuleManager: Shutting down and abandoning module CookingStats (55)
[2015.11.17-18.03.06:393][176]LogModuleManager: Shutting down and abandoning module DerivedDataCache (54)
[2015.11.17-18.03.06:452][176]LogDerivedDataCache: Shutdown
[2015.11.17-18.03.06:452][176]LogModuleManager: Shutting down and abandoning module ShaderFormatOpenGL (53)
[2015.11.17-18.03.06:452][176]LogModuleManager: Shutting down and abandoning module ShaderFormatD3D (52)
[2015.11.17-18.03.06:452][176]LogModuleManager: Shutting down and abandoning module MetalShaderFormat (51)
[2015.11.17-18.03.06:452][176]LogModuleManager: Shutting down and abandoning module TextureFormatUncompressed (50)
[2015.11.17-18.03.06:452][176]LogModuleManager: Shutting down and abandoning module TextureFormatPVR (49)
[2015.11.17-18.03.06:452][176]LogModuleManager: Shutting down and abandoning module TextureFormatIntelISPCTexComp (48)
[2015.11.17-18.03.06:452][176]LogModuleManager: Shutting down and abandoning module TextureFormatDXT (47)
[2015.11.17-18.03.06:452][176]LogModuleManager: Shutting down and abandoning module ImageWrapper (46)
[2015.11.17-18.03.06:452][176]LogModuleManager: Shutting down and abandoning module TextureFormatASTC (45)
[2015.11.17-18.03.06:452][176]LogModuleManager: Shutting down and abandoning module TextureFormatAndroid (44)
[2015.11.17-18.03.06:452][176]LogModuleManager: Shutting down and abandoning module AudioFormatOpus (43)
[2015.11.17-18.03.06:452][176]LogModuleManager: Shutting down and abandoning module AudioFormatOgg (42)
[2015.11.17-18.03.06:452][176]LogModuleManager: Shutting down and abandoning module AudioFormatADPCM (41)
[2015.11.17-18.03.06:452][176]LogModuleManager: Shutting down and abandoning module LinuxTargetPlatform (40)
[2015.11.17-18.03.06:452][176]LogModuleManager: Shutting down and abandoning module LinuxServerTargetPlatform (39)
[2015.11.17-18.03.06:452][176]LogModuleManager: Shutting down and abandoning module LinuxNoEditorTargetPlatform (38)
[2015.11.17-18.03.06:452][176]LogModuleManager: Shutting down and abandoning module Messaging (37)
[2015.11.17-18.03.06:452][176]LogModuleManager: Shutting down and abandoning module IOSTargetPlatform (36)
[2015.11.17-18.03.06:452][176]LogModuleManager: Shutting down and abandoning module HTML5TargetPlatform (35)
[2015.11.17-18.03.06:452][176]LogModuleManager: Shutting down and abandoning module Android_PVRTCTargetPlatform (34)
[2015.11.17-18.03.06:452][176]LogModuleManager: Shutting down and abandoning module Android_ETC2TargetPlatform (33)
[2015.11.17-18.03.06:452][176]LogModuleManager: Shutting down and abandoning module Android_ETC1TargetPlatform (32)
[2015.11.17-18.03.06:473][176]LogModuleManager: Shutting down and abandoning module Android_DXTTargetPlatform (31)
[2015.11.17-18.03.06:473][176]LogModuleManager: Shutting down and abandoning module Android_ATCTargetPlatform (30)
[2015.11.17-18.03.06:473][176]LogModuleManager: Shutting down and abandoning module Android_ASTCTargetPlatform (29)
[2015.11.17-18.03.06:473][176]LogModuleManager: Shutting down and abandoning module AndroidTargetPlatform (28)
[2015.11.17-18.03.06:479][176]LogModuleManager: Shutting down and abandoning module WindowsTargetPlatform (27)
[2015.11.17-18.03.06:479][176]LogModuleManager: Shutting down and abandoning module WindowsServerTargetPlatform (26)
[2015.11.17-18.03.06:479][176]LogModuleManager: Shutting down and abandoning module WindowsNoEditorTargetPlatform (25)
[2015.11.17-18.03.06:479][176]LogModuleManager: Shutting down and abandoning module WindowsClientTargetPlatform (24)
[2015.11.17-18.03.06:479][176]LogModuleManager: Shutting down and abandoning module AllDesktopTargetPlatform (23)
[2015.11.17-18.03.06:479][176]LogModuleManager: Shutting down and abandoning module TargetPlatform (22)
[2015.11.17-18.03.06:479][176]LogModuleManager: Shutting down and abandoning module InputCore (21)
[2015.11.17-18.03.06:479][176]LogModuleManager: Shutting down and abandoning module Settings (20)
[2015.11.17-18.03.06:479][176]LogModuleManager: Shutting down and abandoning module OnlineSubsystem (18)
[2015.11.17-18.03.06:479][176]LogModuleManager: Shutting down and abandoning module HTTP (17)
[2015.11.17-18.03.08:480][176]LogModuleManager: Shutting down and abandoning module XMPP (16)
[2015.11.17-18.03.08:503][176]LogModuleManager: Shutting down and abandoning module ExampleDeviceProfileSelector (15)
[2015.11.17-18.03.08:503][176]LogModuleManager: Shutting down and abandoning module TextureCompressor (14)
[2015.11.17-18.03.08:503][176]LogModuleManager: Shutting down and abandoning module ShaderCore (13)
[2015.11.17-18.03.08:503][176]LogModuleManager: Shutting down and abandoning module Landscape (12)
[2015.11.17-18.03.08:503][176]LogModuleManager: Shutting down and abandoning module SlateRHIRenderer (11)
[2015.11.17-18.03.08:516][176]LogModuleManager: Shutting down and abandoning module OpenGLDrv (10)
[2015.11.17-18.03.08:516][176]LogModuleManager: Shutting down and abandoning module D3D11RHI (9)
[2015.11.17-18.03.08:516][176]LogModuleManager: Shutting down and abandoning module AnimGraphRuntime (8)
[2015.11.17-18.03.08:516][176]LogModuleManager: Shutting down and abandoning module Renderer (7)
[2015.11.17-18.03.08:516][176]LogModuleManager: Shutting down and abandoning module Engine (6)
[2015.11.17-18.03.08:516][176]LogModuleManager: Shutting down and abandoning module CoreUObject (5)
[2015.11.17-18.03.08:516][176]LogModuleManager: Shutting down and abandoning module NetworkFile (4)
[2015.11.17-18.03.08:516][176]LogModuleManager: Shutting down and abandoning module StreamingFile (3)
[2015.11.17-18.03.08:516][176]LogModuleManager: Shutting down and abandoning module SandboxFile (2)
[2015.11.17-18.03.08:516][176]LogModuleManager: Shutting down and abandoning module PakFile (1)
[2015.11.17-18.03.08:516][176]LogExit: Exiting.
[2015.11.17-18.03.08:518][176]Log file closed, 11/17/15 18:03:08
