[2015.11.18-18.56.35:848][  0]Log file open, 11/18/15 18:56:35
[2015.11.18-18.56.35:848][  0]LogInit:Display: Running engine for game: MaidRunner_AD_05
[2015.11.18-18.56.35:848][  0]LogInit:Display: RandInit(1946172031) SRandInit(1946172031).
[2015.11.18-18.56.35:848][  0]LogTaskGraph: Started task graph with 4 named threads and 7 total threads.
[2015.11.18-18.56.35:848][  0]LogStats: Stats thread started at 0.308427
[2015.11.18-18.56.35:848][  0]LogInit: Version: 4.9.2-2707645+++depot+UE4-Releases+4.9
[2015.11.18-18.56.35:848][  0]LogInit: API Version: 2672455
[2015.11.18-18.56.35:848][  0]LogInit: Compiled (64-bit): Sep 28 2015 10:25:44
[2015.11.18-18.56.35:848][  0]LogInit: Compiled with Visual C++: 18.00.21005.01
[2015.11.18-18.56.35:848][  0]LogInit: Build Configuration: Development
[2015.11.18-18.56.35:848][  0]LogInit: Branch Name: ++depot+UE4-Releases+4.9
[2015.11.18-18.56.35:848][  0]LogInit: Command line:  
[2015.11.18-18.56.35:848][  0]LogInit: Base directory: C:/Program Files/Epic Games/4.9/Engine/Binaries/Win64/
[2015.11.18-18.56.35:848][  0]LogInit: Rocket: 1
[2015.11.18-18.56.35:900][  0]LogInit: Using libcurl 7.41.0
[2015.11.18-18.56.35:900][  0]LogInit:  - built for x86_64-pc-win32
[2015.11.18-18.56.35:900][  0]LogInit:  - supports SSL with WinSSL
[2015.11.18-18.56.35:900][  0]LogInit:  - other features:
[2015.11.18-18.56.35:900][  0]LogInit:      CURL_VERSION_SSL
[2015.11.18-18.56.35:900][  0]LogInit:      CURL_VERSION_IPV6
[2015.11.18-18.56.35:900][  0]LogInit:      CURL_VERSION_ASYNCHDNS
[2015.11.18-18.56.35:900][  0]LogInit:      CURL_VERSION_LARGEFILE
[2015.11.18-18.56.35:900][  0]LogInit:      CURL_VERSION_IDN
[2015.11.18-18.56.35:900][  0]LogInit:  CurlRequestOptions (configurable via config and command line):
[2015.11.18-18.56.35:900][  0]LogInit:  - bVerifyPeer = true  - Libcurl will verify peer certificate
[2015.11.18-18.56.35:900][  0]LogInit:  - bUseHttpProxy = false  - Libcurl will NOT use HTTP proxy
[2015.11.18-18.56.35:900][  0]LogInit:  - bDontReuseConnections = false  - Libcurl will reuse connections
[2015.11.18-18.56.35:900][  0]LogInit:  - CertBundlePath = nullptr  - Libcurl will use whatever was configured at build time.
[2015.11.18-18.56.35:968][  0]LogInit: Presizing for 0 objects not considered by GC, pre-allocating 0 bytes.
[2015.11.18-18.56.35:977][  0]LogInit: Object subsystem initialized
[2015.11.18-18.56.35:979][  0]LogInit: Selected Device Profile: [Windows]
[2015.11.18-18.56.35:979][  0]LogInit: Applying CVar settings loaded from the selected device profile: [Windows]
[2015.11.18-18.56.35:990][  0]LogInit: Computer: PHOENIX
[2015.11.18-18.56.35:990][  0]LogInit: User: Beren
[2015.11.18-18.56.35:990][  0]LogInit: CPU Page size=4096, Cores=4
[2015.11.18-18.56.35:990][  0]LogInit: High frequency timer resolution =2.734404 MHz
[2015.11.18-18.56.35:990][  0]LogMemory: Memory total: Physical=8.0GB (8GB approx)
[2015.11.18-18.56.35:990][  0]LogMemory: Platform Memory Stats for Windows
[2015.11.18-18.56.35:990][  0]LogMemory: Process Physical Memory: 54.13 MB used, 54.13 MB peak
[2015.11.18-18.56.35:990][  0]LogMemory: Process Virtual Memory: 56.59 MB used, 56.59 MB peak
[2015.11.18-18.56.35:990][  0]LogMemory: Physical Memory: 2911.10 MB used, 8150.99 MB total
[2015.11.18-18.56.35:990][  0]LogMemory: Virtual Memory: 334.34 MB used, 8388608.00 MB total
[2015.11.18-18.56.36:235][  0]LogTextLocalizationManager: No specific translations for ('en-GB') exist, so ('en') translations will be used.
[2015.11.18-18.56.37:080][  0]LogD3D11RHI: Found D3D11 adapter 0: AMD Radeon HD 6900 Series (Feature Level 11_0)
[2015.11.18-18.56.37:080][  0]LogD3D11RHI: Adapter has 2032MB of dedicated video memory, 0MB of dedicated system memory, and 3819MB of shared system memory, 1 output[s]
[2015.11.18-18.56.37:080][  0]LogD3D11RHI: Chosen D3D11 Adapter Id = 0
[2015.11.18-18.56.37:085][  0]LogD3D11RHI: !Direct3DDevice
[2015.11.18-18.56.37:085][  0]LogRHI: Texture pool is 1361 MB (70% of 1945 MB)
[2015.11.18-18.56.37:091][  0]LogD3D11RHI: Async texture creation disabled: no driver support
[2015.11.18-18.56.37:103][  0]LogShaderCompilers: Guid format shader working directory is 15 characters bigger than the processId version (../../../../../../Users/Beren/Documents/University/Year 2/Game Engine and Assets/Unreal Projects/MaidRunner_AD_05/Intermediate/Shaders/WorkingDirectory/5168/).
[2015.11.18-18.56.37:103][  0]LogShaderCompilers: Cleaned the shader compiler working directory '../../../../../../Users/Beren/Documents/University/Year 2/Game Engine and Assets/Unreal Projects/MaidRunner_AD_05/Intermediate/Shaders/tmp/AF431155491E4F4BDA716BAC0B48B1E6/'.
[2015.11.18-18.56.37:103][  0]LogShaderCompilers:Display: Using Local Shader Compiler.
[2015.11.18-18.56.43:879][  0]LogTemp:Display: Loaded TP AllDesktopTargetPlatform
[2015.11.18-18.56.43:947][  0]LogTemp:Display: Loaded TP WindowsClientTargetPlatform
[2015.11.18-18.56.43:995][  0]LogTemp:Display: Loaded TP WindowsNoEditorTargetPlatform
[2015.11.18-18.56.44:011][  0]LogTemp:Display: Loaded TP WindowsServerTargetPlatform
[2015.11.18-18.56.44:252][  0]LogTemp:Display: Loaded TP WindowsTargetPlatform
[2015.11.18-18.56.44:296][  0]LogTemp:Display: Loaded TP AndroidTargetPlatform
[2015.11.18-18.56.44:311][  0]LogTemp:Display: Loaded TP Android_ASTCTargetPlatform
[2015.11.18-18.56.44:371][  0]LogTemp:Display: Loaded TP Android_ATCTargetPlatform
[2015.11.18-18.56.44:399][  0]LogTemp:Display: Loaded TP Android_DXTTargetPlatform
[2015.11.18-18.56.44:414][  0]LogTemp:Display: Loaded TP Android_ETC1TargetPlatform
[2015.11.18-18.56.44:433][  0]LogTemp:Display: Loaded TP Android_ETC2TargetPlatform
[2015.11.18-18.56.44:464][  0]LogTemp:Display: Loaded TP Android_PVRTCTargetPlatform
[2015.11.18-18.56.44:488][  0]LogTemp:Display: Loaded TP HTML5TargetPlatform
[2015.11.18-18.56.44:572][  0]LogTemp:Display: Loaded TP IOSTargetPlatform
[2015.11.18-18.56.44:618][  0]LogTemp:Display: Loaded TP LinuxNoEditorTargetPlatform
[2015.11.18-18.56.44:644][  0]LogTemp:Display: Loaded TP LinuxServerTargetPlatform
[2015.11.18-18.56.44:683][  0]LogTemp:Display: Loaded TP LinuxTargetPlatform
[2015.11.18-18.56.44:683][  0]LogTargetPlatformManager:Display: Building Assets For Windows
[2015.11.18-18.56.45:285][  0]LogDerivedDataCache:Display: Max Cache Size: 512 MB
[2015.11.18-18.56.46:004][  0]LogDerivedDataCache: Loaded boot cache 0.72s 41MB C:/Users/Beren/AppData/Local/UnrealEngine/4.9/DerivedDataCache/Boot.ddc.
[2015.11.18-18.56.46:004][  0]LogDerivedDataCache:Display: Loaded Boot cache: C:/Users/Beren/AppData/Local/UnrealEngine/4.9/DerivedDataCache/Boot.ddc
[2015.11.18-18.56.46:004][  0]LogDerivedDataCache: FDerivedDataBackendGraph:  Pak pak cache file ../../../../../../Users/Beren/Documents/University/Year 2/Game Engine and Assets/Unreal Projects/MaidRunner_AD_05/DerivedDataCache/DDC.ddp not found, will not use a pak cache.
[2015.11.18-18.56.46:004][  0]LogDerivedDataCache: Unable to find inner node Pak for hierarchical cache Hierarchy.
[2015.11.18-18.56.46:004][  0]LogDerivedDataCache: FDerivedDataBackendGraph:  CompressedPak pak cache file ../../../../../../Users/Beren/Documents/University/Year 2/Game Engine and Assets/Unreal Projects/MaidRunner_AD_05/DerivedDataCache/Compressed.ddp not found, will not use a pak cache.
[2015.11.18-18.56.46:004][  0]LogDerivedDataCache: Unable to find inner node CompressedPak for hierarchical cache Hierarchy.
[2015.11.18-18.56.46:328][  0]LogDerivedDataCache:Display: Pak cache opened for reading ../../../Engine/DerivedDataCache/Compressed.ddp.
[2015.11.18-18.56.46:340][  0]LogDerivedDataCache: Using Local data cache path C:/Users/Beren/AppData/Local/UnrealEngine/Common/DerivedDataCache: Writable
[2015.11.18-18.56.53:100][  0]LogInit: Selected Device Profile: [Windows]
[2015.11.18-18.56.53:100][  0]LogContentStreaming: Texture pool size is 0.000000MB
[2015.11.18-18.56.53:308][  0]LogMeshUtilities: No automatic mesh reduction module available
[2015.11.18-18.56.53:308][  0]LogMeshUtilities: No automatic mesh merging module available
[2015.11.18-18.56.56:794][  0]LogInit: WinSock: version 1.1 (2.2), MaxSocks=32767, MaxUdp=65467
[2015.11.18-18.57.35:405][  0]LogAssetRegistry: FAssetRegistry took 0.0099 seconds to start up
[2015.11.18-18.57.35:593][  0]UdpMessaging: Initializing bridge on interface 0.0.0.0:0 to multicast group 230.0.0.1:6666.
[2015.11.18-18.57.41:027][  0]SourceControl: Info Source control is disabled
[2015.11.18-18.57.42:454][  0]LogLinker:Warning: Asset '../../../Engine/Plugins/Runtime/LeapMotionController/Content/LM_PassthroughMaterial.uasset' has been saved with empty engine version. The asset will be loaded but may be incompatible.
[2015.11.18-18.57.42:811][  0]LogObj: 28528 objects as part of root set at end of initial load.
[2015.11.18-18.57.42:811][  0]LogUObjectAllocator: 6068464 out of 0 bytes used by permanent object pool.
[2015.11.18-18.57.43:289][  0]LogEngine: Initializing Engine...
[2015.11.18-18.57.43:292][  0]LogHMD: Can't find Oculus library dev build: is proper Runtime installed? Version: 0.7.0.0
[2015.11.18-18.57.43:334][  0]LogHMD: SteamVR failed to initialize.  Err: 110
[2015.11.18-18.57.44:134][  0]LogAIModule: Creating AISystem for world NewWorld
[2015.11.18-18.57.44:199][  0]LogInit: XAudio2 using 'Speakers (VIA HD Audio)' : 2 channels at 48 kHz using 32 bits per sample (channel mask 0x3)
[2015.11.18-18.57.44:276][  0]LogInit: FAudioDevice initialized.
[2015.11.18-18.57.44:311][  0]LogDerivedDataCache: Saved boot cache 0.04s 41MB C:/Users/Beren/AppData/Local/UnrealEngine/4.9/DerivedDataCache/Boot.ddc.
[2015.11.18-18.57.44:321][  0]LogInit: Texture streaming: Enabled
[2015.11.18-18.57.44:336][  0]LogAnalytics: Creating configured Analytics provider AnalyticsET
[2015.11.18-18.57.44:336][  0]LogAnalytics: [UEEditor.Rocket.Release] APIServer = http://et2.epicgames.com/ET2/. AppVersion = 4.9.2-2707645+++depot+UE4-Releases+4.9
[2015.11.18-18.57.44:336][  0]LogAnalytics: [UEEditor.Rocket.Release] SetUserId 3ab26a0a4fcf02a9d7a1c0b18ce06c6d|1a9fd4cccc794e438b183d4a2d921f67|3d9614c9-529e-4188-9376-3f0e091b9e40
[2015.11.18-18.57.44:336][  0]LogAnalytics: [UEEditor.Rocket.Release] AnalyticsET::StartSession
[2015.11.18-18.57.44:445][  0]LogInit: Transaction tracking system initialized
[2015.11.18-18.57.46:337][  0]BlueprintLog: New page: Editor Load
[2015.11.18-18.57.49:466][  0]LocalizationService: Info Localization service is disabled
[2015.11.18-18.57.50:634][  0]LogConsoleResponse:Display: 
[2015.11.18-18.57.53:662][  0]LogCook:Display: Done creating registry. It took  0.00s.
[2015.11.18-18.57.55:980][  0]LogFileCache: Scanning file cache for directory 'C:/Users/Beren/Documents/University/Year 2/Game Engine and Assets/Unreal Projects/MaidRunner_AD_05/Content/' took 0.01s
[2015.11.18-18.58.07:465][  0]LightingResults: New page: Lighting Build
[2015.11.18-18.58.07:490][  0]MapCheck: New page: Map Check
[2015.11.18-18.58.07:490][  0]LightingResults: New page: Lighting Build
[2015.11.18-18.58.07:598][  0]LogParticles: Destroying 0 GPU particle simulations for FXSystem 0x00000000222DC400
[2015.11.18-18.58.07:626][  0]LogAIModule: Creating AISystem for world NewWorld
[2015.11.18-18.58.07:727][  0]LoadErrors: New page: New Map
[2015.11.18-18.58.08:792][  0]LogCollectionManager: Loaded 0 collections in 0.013494 seconds
[2015.11.18-18.58.08:893][  0]LogFileCache: Scanning file cache for directory 'C:/Users/Beren/Documents/University/Year 2/Game Engine and Assets/Unreal Projects/MaidRunner_AD_05/Saved/Collections/' took 0.01s
[2015.11.18-18.58.08:893][  0]LogFileCache: Scanning file cache for directory 'C:/Users/Beren/Documents/University/Year 2/Game Engine and Assets/Unreal Projects/MaidRunner_AD_05/Content/Developers/Beren/Collections/' took 0.01s
[2015.11.18-18.58.08:893][  0]LogFileCache: Scanning file cache for directory 'C:/Users/Beren/Documents/University/Year 2/Game Engine and Assets/Unreal Projects/MaidRunner_AD_05/Content/Collections/' took 0.01s
[2015.11.18-18.58.08:893][  0]LogContentBrowser: Native class hierarchy populated in 0.0100 seconds. Added 1882 classes and 339 folders.
[2015.11.18-18.58.08:924][  0]LogCollectionManager: Rebuilt the GUID cache for 0 collections in 0.000006 seconds
[2015.11.18-18.58.08:983][  0]LogContentBrowser: Native class hierarchy updated for 'WidgetCarousel' in 0.0004 seconds. Added 0 classes and 0 folders.
[2015.11.18-18.58.11:688][  0]LogContentBrowser: Native class hierarchy updated for 'AddContentDialog' in 0.0004 seconds. Added 0 classes and 0 folders.
[2015.11.18-18.58.11:722][  0]LogContentBrowser: Native class hierarchy updated for 'SceneOutliner' in 0.0004 seconds. Added 1 classes and 2 folders.
[2015.11.18-18.58.12:266][  0]LogCrashTracker: Crashtracker disabled due to settings.
[2015.11.18-18.58.12:276][  0]LogUObjectGlobals:Warning: Failed to find object 'Class None.'
[2015.11.18-18.58.12:315][  0]LogLoad: Full Startup: 97.62 seconds (BP compile: 0.50 seconds)
[2015.11.18-18.58.13:155][  0]SourceControl: Info On branch master
[2015.11.18-18.58.13:155][  0]SourceControl: Info Your branch is up-to-date with 'origin/master'.
[2015.11.18-18.58.13:155][  0]SourceControl: Info Changes to be committed:
[2015.11.18-18.58.13:155][  0]SourceControl: Info   (use "git reset HEAD <file>..." to unstage)
[2015.11.18-18.58.13:155][  0]SourceControl: Info 	new file:   Content/Blueprints/ThirdPersonCharacter.uasset
[2015.11.18-18.58.13:155][  0]SourceControl: Info 	renamed:    Content/ThirdPersonBP/Blueprints/ThirdPersonGameMode.uasset -> Content/Blueprints/ThirdPersonGameMode.uasset
[2015.11.18-18.58.13:155][  0]SourceControl: Info 	new file:   Content/Blueprints/ThirdPersonOverview.uasset
[2015.11.18-18.58.13:155][  0]SourceControl: Info 	renamed:    Content/ThirdPersonBP/Maps/ThirdPersonExampleMap.umap -> Content/Maps/ThirdPersonExampleMap.umap
[2015.11.18-18.58.13:155][  0]SourceControl: Info 	modified:   Content/ThirdPersonBP/Blueprints/ThirdPersonCharacter.uasset
[2015.11.18-18.58.13:155][  0]SourceControl: Info 	modified:   Content/ThirdPersonBP/Blueprints/ThirdPersonGameMode.uasset
[2015.11.18-18.58.13:155][  0]SourceControl: Info 	modified:   Content/ThirdPersonBP/Maps/ThirdPersonExampleMap.umap
[2015.11.18-18.58.13:155][  0]SourceControl: Info 	modified:   Content/ThirdPersonBP/ThirdPersonOverview.uasset
[2015.11.18-18.58.13:155][  0]SourceControl: Info Changes not staged for commit:
[2015.11.18-18.58.13:155][  0]SourceControl: Info   (use "git add/rm <file>..." to update what will be committed)
[2015.11.18-18.58.13:155][  0]SourceControl: Info   (use "git checkout -- <file>..." to discard changes in working directory)
[2015.11.18-18.58.13:155][  0]SourceControl: Info 	modified:   Intermediate/CachedAssetRegistry.bin
[2015.11.18-18.58.13:155][  0]SourceControl: Info 	modified:   Intermediate/ReimportCache/3688439234.bin
[2015.11.18-18.58.13:155][  0]SourceControl: Info 	deleted:    Saved/Backup/Bookshelf_2015-11-17-19-39-29.uasset
[2015.11.18-18.58.13:155][  0]SourceControl: Info 	deleted:    Saved/Backup/CubeMaterial_2015-11-13-15-02-17.uasset
[2015.11.18-18.58.13:155][  0]SourceControl: Info 	deleted:    Saved/Backup/Drawer_2015-11-17-19-39-29.uasset
[2015.11.18-18.58.13:155][  0]SourceControl: Info 	deleted:    Saved/Backup/Glass_2015-11-08-18-04-19.uasset
[2015.11.18-18.58.13:155][  0]SourceControl: Info 	deleted:    Saved/Backup/ThirdPersonCharacter_2015-11-02-10-44-23.uasset
[2015.11.18-18.58.13:155][  0]SourceControl: Info 	deleted:    Saved/Backup/ThirdPersonCharacter_2015-11-02-11-30-23.uasset
[2015.11.18-18.58.13:155][  0]SourceControl: Info 	modified:   Saved/Config/Windows/EditorPerProjectUserSettings.ini
[2015.11.18-18.58.13:155][  0]SourceControl: Info 	modified:   Saved/Logs/MaidRunner_AD_05.log
[2015.11.18-18.58.13:155][  0]LogContentStreaming: Texture pool size now 1000 MB
[2015.11.18-18.58.13:547][  0]LogRenderer: Reallocating scene render targets to support 832x456 (Frame:2).
[2015.11.18-18.58.14:446][  3]LogAssetRegistry: Asset discovery search completed in 39.0495 seconds
[2015.11.18-18.58.14:446][  3]LogCollectionManager: Rebuilt the object cache for 0 collections in 0.000001 seconds (found 0 objects)
[2015.11.18-18.58.14:446][  3]LogCollectionManager: Fixed up redirectors for 0 collections in 0.000023 seconds (updated 0 objects)
[2015.11.18-18.58.31:266][998]LogAIModule: Creating AISystem for world ThirdPersonExampleMap
[2015.11.18-18.58.31:857][998]LightingResults: New page: Lighting Build
[2015.11.18-18.58.31:877][998]LoadErrors: New page: Loading map: ThirdPersonExampleMap.umap
[2015.11.18-18.58.31:987][998]MapCheck: New page: Map Check
[2015.11.18-18.58.31:987][998]LightingResults: New page: Lighting Build
[2015.11.18-18.58.32:079][998]LogParticles: Destroying 0 GPU particle simulations for FXSystem 0x0000000013E7C5E0
[2015.11.18-18.58.32:211][998]LogEditorServer: Finished looking for orphan Actors (0.000 secs)
[2015.11.18-18.58.32:259][998]Cmd: MAP CHECKDEP NOCLEARLOG
[2015.11.18-18.58.32:314][998]MapCheck: Info Map check complete: 0 Error(s), 0 Warning(s), took 55.142ms to complete.
[2015.11.18-18.58.32:315][998]LogFileHelpers: Loading map 'ThirdPersonExampleMap' took 0.483
[2015.11.18-18.58.44:751][412]LogLinker:Warning: Asset '../../../../../../Users/Beren/Documents/University/Year 2/Game Engine and Assets/Unreal Projects/MaidRunner_AD_05/Content/Mannequin/Animations/ThirdPerson_AnimBP.uasset' has been saved with empty engine version. The asset will be loaded but may be incompatible.
[2015.11.18-18.58.44:774][412]LogLinker:Warning: Asset '../../../../../../Users/Beren/Documents/University/Year 2/Game Engine and Assets/Unreal Projects/MaidRunner_AD_05/Content/Mannequin/Animations/ThirdPerson_Jump.uasset' has been saved with empty engine version. The asset will be loaded but may be incompatible.
[2015.11.18-18.58.44:831][412]LogLinker:Warning: Asset '../../../../../../Users/Beren/Documents/University/Year 2/Game Engine and Assets/Unreal Projects/MaidRunner_AD_05/Content/Mannequin/Animations/ThirdPersonJump_Loop.uasset' has been saved with empty engine version. The asset will be loaded but may be incompatible.
[2015.11.18-18.58.44:854][412]LogLinker:Warning: Asset '../../../../../../Users/Beren/Documents/University/Year 2/Game Engine and Assets/Unreal Projects/MaidRunner_AD_05/Content/Mannequin/Animations/ThirdPersonJump_Start.uasset' has been saved with empty engine version. The asset will be loaded but may be incompatible.
[2015.11.18-18.58.44:867][412]LogLinker:Warning: Asset '../../../../../../Users/Beren/Documents/University/Year 2/Game Engine and Assets/Unreal Projects/MaidRunner_AD_05/Content/Mannequin/Animations/ThirdPerson_IdleRun_2D.uasset' has been saved with empty engine version. The asset will be loaded but may be incompatible.
[2015.11.18-18.58.44:891][412]LogLinker:Warning: Asset '../../../../../../Users/Beren/Documents/University/Year 2/Game Engine and Assets/Unreal Projects/MaidRunner_AD_05/Content/Mannequin/Animations/ThirdPersonIdle.uasset' has been saved with empty engine version. The asset will be loaded but may be incompatible.
[2015.11.18-18.58.44:916][412]LogLinker:Warning: Asset '../../../../../../Users/Beren/Documents/University/Year 2/Game Engine and Assets/Unreal Projects/MaidRunner_AD_05/Content/Mannequin/Animations/ThirdPersonRun.uasset' has been saved with empty engine version. The asset will be loaded but may be incompatible.
[2015.11.18-18.58.44:926][412]LogLinker:Warning: Asset '../../../../../../Users/Beren/Documents/University/Year 2/Game Engine and Assets/Unreal Projects/MaidRunner_AD_05/Content/Mannequin/Animations/ThirdPersonWalk.uasset' has been saved with empty engine version. The asset will be loaded but may be incompatible.
[2015.11.18-18.58.47:850][412]SourceControl: Info On branch master
[2015.11.18-18.58.47:850][412]SourceControl: Info Your branch is up-to-date with 'origin/master'.
[2015.11.18-18.58.47:850][412]SourceControl: Info Changes to be committed:
[2015.11.18-18.58.47:850][412]SourceControl: Info   (use "git reset HEAD <file>..." to unstage)
[2015.11.18-18.58.47:850][412]SourceControl: Info 	new file:   Content/Blueprints/ThirdPersonCharacter.uasset
[2015.11.18-18.58.47:850][412]SourceControl: Info 	renamed:    Content/ThirdPersonBP/Blueprints/ThirdPersonGameMode.uasset -> Content/Blueprints/ThirdPersonGameMode.uasset
[2015.11.18-18.58.47:850][412]SourceControl: Info 	new file:   Content/Blueprints/ThirdPersonOverview.uasset
[2015.11.18-18.58.47:850][412]SourceControl: Info 	renamed:    Content/ThirdPersonBP/Maps/ThirdPersonExampleMap.umap -> Content/Maps/ThirdPersonExampleMap.umap
[2015.11.18-18.58.47:850][412]SourceControl: Info 	modified:   Content/ThirdPersonBP/Blueprints/ThirdPersonCharacter.uasset
[2015.11.18-18.58.47:850][412]SourceControl: Info 	modified:   Content/ThirdPersonBP/Blueprints/ThirdPersonGameMode.uasset
[2015.11.18-18.58.47:850][412]SourceControl: Info 	modified:   Content/ThirdPersonBP/Maps/ThirdPersonExampleMap.umap
[2015.11.18-18.58.47:850][412]SourceControl: Info 	modified:   Content/ThirdPersonBP/ThirdPersonOverview.uasset
[2015.11.18-18.58.47:850][412]SourceControl: Info Changes not staged for commit:
[2015.11.18-18.58.47:850][412]SourceControl: Info   (use "git add/rm <file>..." to update what will be committed)
[2015.11.18-18.58.47:850][412]SourceControl: Info   (use "git checkout -- <file>..." to discard changes in working directory)
[2015.11.18-18.58.47:850][412]SourceControl: Info 	modified:   Intermediate/CachedAssetRegistry.bin
[2015.11.18-18.58.47:850][412]SourceControl: Info 	modified:   Intermediate/ReimportCache/3688439234.bin
[2015.11.18-18.58.47:850][412]SourceControl: Info 	deleted:    Saved/Backup/Bookshelf_2015-11-17-19-39-29.uasset
[2015.11.18-18.58.47:850][412]SourceControl: Info 	deleted:    Saved/Backup/CubeMaterial_2015-11-13-15-02-17.uasset
[2015.11.18-18.58.47:850][412]SourceControl: Info 	deleted:    Saved/Backup/Drawer_2015-11-17-19-39-29.uasset
[2015.11.18-18.58.47:850][412]SourceControl: Info 	deleted:    Saved/Backup/Glass_2015-11-08-18-04-19.uasset
[2015.11.18-18.58.47:850][412]SourceControl: Info 	deleted:    Saved/Backup/ThirdPersonCharacter_2015-11-02-10-44-23.uasset
[2015.11.18-18.58.47:850][412]SourceControl: Info 	deleted:    Saved/Backup/ThirdPersonCharacter_2015-11-02-11-30-23.uasset
[2015.11.18-18.58.47:850][412]SourceControl: Info 	modified:   Saved/Config/Windows/EditorPerProjectUserSettings.ini
[2015.11.18-18.58.47:850][412]SourceControl: Info 	modified:   Saved/Logs/MaidRunner_AD_05.log
[2015.11.18-18.58.50:014][412]SourceControl: Info rm 'Content/ThirdPersonBP/ThirdPersonOverview.uasset'
[2015.11.18-18.58.50:784][412]SourceControl: Info rm 'Content/ThirdPersonBP/Maps/ThirdPersonExampleMap.umap'
[2015.11.18-18.58.50:930][412]SourceControl: Info rm 'Content/ThirdPersonBP/Blueprints/ThirdPersonGameMode.uasset'
[2015.11.18-18.58.51:122][412]SourceControl: Info rm 'Content/ThirdPersonBP/Blueprints/ThirdPersonCharacter.uasset'
[2015.11.18-18.59.20:380][819]SourceControl: Info On branch master
[2015.11.18-18.59.20:380][819]SourceControl: Info Your branch is up-to-date with 'origin/master'.
[2015.11.18-18.59.20:380][819]SourceControl: Info Changes to be committed:
[2015.11.18-18.59.20:380][819]SourceControl: Info   (use "git reset HEAD <file>..." to unstage)
[2015.11.18-18.59.20:380][819]SourceControl: Info 	new file:   Content/Blueprints/ThirdPersonCharacter.uasset
[2015.11.18-18.59.20:380][819]SourceControl: Info 	renamed:    Content/ThirdPersonBP/Blueprints/ThirdPersonGameMode.uasset -> Content/Blueprints/ThirdPersonGameMode.uasset
[2015.11.18-18.59.20:380][819]SourceControl: Info 	new file:   Content/Blueprints/ThirdPersonOverview.uasset
[2015.11.18-18.59.20:380][819]SourceControl: Info 	renamed:    Content/ThirdPersonBP/Maps/ThirdPersonExampleMap.umap -> Content/Maps/ThirdPersonExampleMap.umap
[2015.11.18-18.59.20:380][819]SourceControl: Info 	deleted:    Content/ThirdPersonBP/Blueprints/ThirdPersonCharacter.uasset
[2015.11.18-18.59.20:380][819]SourceControl: Info 	deleted:    Content/ThirdPersonBP/ThirdPersonOverview.uasset
[2015.11.18-18.59.20:380][819]SourceControl: Info Changes not staged for commit:
[2015.11.18-18.59.20:380][819]SourceControl: Info   (use "git add/rm <file>..." to update what will be committed)
[2015.11.18-18.59.20:380][819]SourceControl: Info   (use "git checkout -- <file>..." to discard changes in working directory)
[2015.11.18-18.59.20:380][819]SourceControl: Info 	modified:   Intermediate/CachedAssetRegistry.bin
[2015.11.18-18.59.20:380][819]SourceControl: Info 	modified:   Intermediate/ReimportCache/3688439234.bin
[2015.11.18-18.59.20:380][819]SourceControl: Info 	deleted:    Saved/Backup/Bookshelf_2015-11-17-19-39-29.uasset
[2015.11.18-18.59.20:380][819]SourceControl: Info 	deleted:    Saved/Backup/CubeMaterial_2015-11-13-15-02-17.uasset
[2015.11.18-18.59.20:380][819]SourceControl: Info 	deleted:    Saved/Backup/Drawer_2015-11-17-19-39-29.uasset
[2015.11.18-18.59.20:380][819]SourceControl: Info 	deleted:    Saved/Backup/Glass_2015-11-08-18-04-19.uasset
[2015.11.18-18.59.20:380][819]SourceControl: Info 	deleted:    Saved/Backup/ThirdPersonCharacter_2015-11-02-10-44-23.uasset
[2015.11.18-18.59.20:380][819]SourceControl: Info 	deleted:    Saved/Backup/ThirdPersonCharacter_2015-11-02-11-30-23.uasset
[2015.11.18-18.59.20:380][819]SourceControl: Info 	modified:   Saved/Config/Windows/EditorPerProjectUserSettings.ini
[2015.11.18-18.59.20:380][819]SourceControl: Info 	modified:   Saved/Logs/MaidRunner_AD_05.log
[2015.11.18-18.59.20:961][819]SourceControl: Info rm 'Content/Assets/WhiteWall_Mat.uasset'
[2015.11.18-18.59.21:101][819]SourceControl: Info rm 'Content/Assets/WhiteWall.uasset'
[2015.11.18-19.00.16:293][ 33]SourceControl: Info fatal: C:/Program Files/Epic Games/4.9/Engine/Content/ArtTools/RenderToTexture/Blueprints/PhysMesh.uasset: 'C:/Program Files/Epic Games/4.9/Engine/Content/ArtTools/RenderToTexture/Blueprints/PhysMesh.uasset' is outside repository
[2015.11.18-19.00.16:293][ 33]SourceControl: Info fatal: C:/Program Files/Epic Games/4.9/Engine/Content/ArtTools/RenderToTexture/Enums/EFloatTypes.uasset: 'C:/Program Files/Epic Games/4.9/Engine/Content/ArtTools/RenderToTexture/Enums/EFloatTypes.uasset' is outside repository
[2015.11.18-19.00.16:293][ 33]SourceControl: Info fatal: C:/Program Files/Epic Games/4.9/Engine/Content/ArtTools/RenderToTexture/Macros/RenderToTextureMacros.uasset: 'C:/Program Files/Epic Games/4.9/Engine/Content/ArtTools/RenderToTexture/Macros/RenderToTextureMacros.uasset' is outside repository
[2015.11.18-19.00.16:293][ 33]SourceControl: Info fatal: C:/Program Files/Epic Games/4.9/Engine/Content/ArtTools/RenderToTexture/MaterialFunctions/BoundingSphereBased_0-1_UVW.uasset: 'C:/Program Files/Epic Games/4.9/Engine/Content/ArtTools/RenderToTexture/MaterialFunctions/BoundingSphereBased_0-1_UVW.uasset' is outside repository
[2015.11.18-19.00.16:293][ 33]SourceControl: Info fatal: C:/Program Files/Epic Games/4.9/Engine/Content/ArtTools/RenderToTexture/Materials/MPC_R2T.uasset: 'C:/Program Files/Epic Games/4.9/Engine/Content/ArtTools/RenderToTexture/Materials/MPC_R2T.uasset' is outside repository
[2015.11.18-19.00.16:293][ 33]SourceControl: Info fatal: C:/Program Files/Epic Games/4.9/Engine/Content/ArtTools/RenderToTexture/Materials/Debug/M_2sidedLit.uasset: 'C:/Program Files/Epic Games/4.9/Engine/Content/ArtTools/RenderToTexture/Materials/Debug/M_2sidedLit.uasset' is outside repository
[2015.11.18-19.00.16:293][ 33]SourceControl: Info fatal: C:/Program Files/Epic Games/4.9/Engine/Content/ArtTools/RenderToTexture/Materials/Flipbooks/M_FlipBookCounter_01.uasset: 'C:/Program Files/Epic Games/4.9/Engine/Content/ArtTools/RenderToTexture/Materials/Flipbooks/M_FlipBookCounter_01.uasset' is outside repository
[2015.11.18-19.00.16:293][ 33]SourceControl: Info fatal: C:/Program Files/Epic Games/4.9/Engine/Content/ArtTools/RenderToTexture/Materials/Imposters/M_ImposterTest_01.uasset: 'C:/Program Files/Epic Games/4.9/Engine/Content/ArtTools/RenderToTexture/Materials/Imposters/M_ImposterTest_01.uasset' is outside repository
[2015.11.18-19.00.16:294][ 33]SourceControl: Info fatal: C:/Program Files/Epic Games/4.9/Engine/Content/ArtTools/RenderToTexture/Meshes/ShadowTestMesh.uasset: 'C:/Program Files/Epic Games/4.9/Engine/Content/ArtTools/RenderToTexture/Meshes/ShadowTestMesh.uasset' is outside repository
[2015.11.18-19.00.16:294][ 33]SourceControl: Info fatal: C:/Program Files/Epic Games/4.9/Engine/Content/ArtTools/RenderToTexture/Textures/127grey.uasset: 'C:/Program Files/Epic Games/4.9/Engine/Content/ArtTools/RenderToTexture/Textures/127grey.uasset' is outside repository
[2015.11.18-19.00.16:294][ 33]SourceControl: Info fatal: C:/Program Files/Epic Games/4.9/Engine/Content/ArtTools/RenderToTexture/Textures/FlipbookMotionVectors/Position1.uasset: 'C:/Program Files/Epic Games/4.9/Engine/Content/ArtTools/RenderToTexture/Textures/FlipbookMotionVectors/Position1.uasset' is outside repository
[2015.11.18-19.00.16:294][ 33]SourceControl: Info fatal: C:/Program Files/Epic Games/4.9/Engine/Content/BasicShapes/BasicShapeMaterial.uasset: 'C:/Program Files/Epic Games/4.9/Engine/Content/BasicShapes/BasicShapeMaterial.uasset' is outside repository
[2015.11.18-19.00.16:294][ 33]SourceControl: Info fatal: C:/Program Files/Epic Games/4.9/Engine/Content/BufferVisualization/AmbientOcclusion.uasset: 'C:/Program Files/Epic Games/4.9/Engine/Content/BufferVisualization/AmbientOcclusion.uasset' is outside repository
[2015.11.18-19.00.16:294][ 33]SourceControl: Info fatal: C:/Program Files/Epic Games/4.9/Engine/Content/Editor/Slate/Icons/AssetIcons/Cone_16x.uasset: 'C:/Program Files/Epic Games/4.9/Engine/Content/Editor/Slate/Icons/AssetIcons/Cone_16x.uasset' is outside repository
[2015.11.18-19.00.16:294][ 33]SourceControl: Info fatal: C:/Program Files/Epic Games/4.9/Engine/Content/EditorBlueprintResources/ActorMacros.uasset: 'C:/Program Files/Epic Games/4.9/Engine/Content/EditorBlueprintResources/ActorMacros.uasset' is outside repository
[2015.11.18-19.00.16:294][ 33]SourceControl: Info fatal: C:/Program Files/Epic Games/4.9/Engine/Content/EditorKismetResources/StandardMacros.uasset: 'C:/Program Files/Epic Games/4.9/Engine/Content/EditorKismetResources/StandardMacros.uasset' is outside repository
[2015.11.18-19.00.16:294][ 33]SourceControl: Info fatal: C:/Program Files/Epic Games/4.9/Engine/Content/EditorLandscapeResources/AlphaBrushMaterial.uasset: 'C:/Program Files/Epic Games/4.9/Engine/Content/EditorLandscapeResources/AlphaBrushMaterial.uasset' is outside repository
[2015.11.18-19.00.16:294][ 33]SourceControl: Info fatal: C:/Program Files/Epic Games/4.9/Engine/Content/EditorMaterials/Anchor.uasset: 'C:/Program Files/Epic Games/4.9/Engine/Content/EditorMaterials/Anchor.uasset' is outside repository
[2015.11.18-19.00.16:294][ 33]SourceControl: Info fatal: C:/Program Files/Epic Games/4.9/Engine/Content/EditorMaterials/TreeArrow_ExpandedRealtimePreview.uasset: 'C:/Program Files/Epic Games/4.9/Engine/Content/EditorMaterials/TreeArrow_ExpandedRealtimePreview.uasset' is outside repository
[2015.11.18-19.00.16:294][ 33]SourceControl: Info fatal: C:/Program Files/Epic Games/4.9/Engine/Content/EditorMaterials/Cascade/CASC_BackgroundCube_MAT.uasset: 'C:/Program Files/Epic Games/4.9/Engine/Content/EditorMaterials/Cascade/CASC_BackgroundCube_MAT.uasset' is outside repository
[2015.11.18-19.00.16:294][ 33]SourceControl: Info fatal: C:/Program Files/Epic Games/4.9/Engine/Content/EditorMaterials/Matinee/MAT_EnableTrack_Mat.uasset: 'C:/Program Files/Epic Games/4.9/Engine/Content/EditorMaterials/Matinee/MAT_EnableTrack_Mat.uasset' is outside repository
[2015.11.18-19.00.16:294][ 33]SourceControl: Info fatal: C:/Program Files/Epic Games/4.9/Engine/Content/EditorMaterials/MatineeGroups/MAT_ColorTrack.uasset: 'C:/Program Files/Epic Games/4.9/Engine/Content/EditorMaterials/MatineeGroups/MAT_ColorTrack.uasset' is outside repository
[2015.11.18-19.00.16:294][ 33]SourceControl: Info fatal: C:/Program Files/Epic Games/4.9/Engine/Content/EditorMaterials/ParticleSystems/PSysThumbnail_NoImage.uasset: 'C:/Program Files/Epic Games/4.9/Engine/Content/EditorMaterials/ParticleSystems/PSysThumbnail_NoImage.uasset' is outside repository
[2015.11.18-19.00.16:294][ 33]SourceControl: Info fatal: C:/Program Files/Epic Games/4.9/Engine/Content/EditorMaterials/Thumbnails/FloorPlaneMaterial.uasset: 'C:/Program Files/Epic Games/4.9/Engine/Content/EditorMaterials/Thumbnails/FloorPlaneMaterial.uasset' is outside repository
[2015.11.18-19.00.16:294][ 33]SourceControl: Info fatal: C:/Program Files/Epic Games/4.9/Engine/Content/EditorMaterials/Utilities/ImageReflectionPreview.uasset: 'C:/Program Files/Epic Games/4.9/Engine/Content/EditorMaterials/Utilities/ImageReflectionPreview.uasset' is outside repository
[2015.11.18-19.00.16:294][ 33]SourceControl: Info fatal: C:/Program Files/Epic Games/4.9/Engine/Content/EditorMeshes/AnimTreeEd_PreviewFloor.uasset: 'C:/Program Files/Epic Games/4.9/Engine/Content/EditorMeshes/AnimTreeEd_PreviewFloor.uasset' is outside repository
[2015.11.18-19.00.16:294][ 33]SourceControl: Info fatal: C:/Program Files/Epic Games/4.9/Engine/Content/EditorMeshes/Cascade/BackgroundCube.uasset: 'C:/Program Files/Epic Games/4.9/Engine/Content/EditorMeshes/Cascade/BackgroundCube.uasset' is outside repository
[2015.11.18-19.00.16:294][ 33]SourceControl: Info fatal: C:/Program Files/Epic Games/4.9/Engine/Content/EditorMeshes/ColorCalibrator/M_ChromeBall.uasset: 'C:/Program Files/Epic Games/4.9/Engine/Content/EditorMeshes/ColorCalibrator/M_ChromeBall.uasset' is outside repository
[2015.11.18-19.00.16:294][ 33]SourceControl: Info fatal: C:/Program Files/Epic Games/4.9/Engine/Content/EditorMeshes/SkeletalMesh/DefaultSkeletalMesh.uasset: 'C:/Program Files/Epic Games/4.9/Engine/Content/EditorMeshes/SkeletalMesh/DefaultSkeletalMesh.uasset' is outside repository
[2015.11.18-19.00.16:294][ 33]SourceControl: Info fatal: C:/Program Files/Epic Games/4.9/Engine/Content/EditorResources/Ai_Spawnpoint.uasset: 'C:/Program Files/Epic Games/4.9/Engine/Content/EditorResources/Ai_Spawnpoint.uasset' is outside repository
[2015.11.18-19.00.16:294][ 33]SourceControl: Info fatal: C:/Program Files/Epic Games/4.9/Engine/Content/EditorResources/S_Trigger.uasset: 'C:/Program Files/Epic Games/4.9/Engine/Content/EditorResources/S_Trigger.uasset' is outside repository
[2015.11.18-19.00.16:294][ 33]SourceControl: Info fatal: C:/Program Files/Epic Games/4.9/Engine/Content/EditorResources/AI/S_NavLink.uasset: 'C:/Program Files/Epic Games/4.9/Engine/Content/EditorResources/AI/S_NavLink.uasset' is outside repository
[2015.11.18-19.00.16:294][ 33]SourceControl: Info fatal: C:/Program Files/Epic Games/4.9/Engine/Content/EditorResources/AudioIcons/S_Ambient_Sound_Moveable.uasset: 'C:/Program Files/Epic Games/4.9/Engine/Content/EditorResources/AudioIcons/S_Ambient_Sound_Moveable.uasset' is outside repository
[2015.11.18-19.00.16:294][ 33]SourceControl: Info fatal: C:/Program Files/Epic Games/4.9/Engine/Content/EditorResources/Crowd/T_Crowd_Spline.uasset: 'C:/Program Files/Epic Games/4.9/Engine/Content/EditorResources/Crowd/T_Crowd_Spline.uasset' is outside repository
[2015.11.18-19.00.16:294][ 33]SourceControl: Info fatal: C:/Program Files/Epic Games/4.9/Engine/Content/EditorResources/LightIcons/Light_Point_Stationary_Statics.uasset: 'C:/Program Files/Epic Games/4.9/Engine/Content/EditorResources/LightIcons/Light_Point_Stationary_Statics.uasset' is outside repository
[2015.11.18-19.00.16:294][ 33]SourceControl: Info fatal: C:/Program Files/Epic Games/4.9/Engine/Content/EditorResources/Spline/T_Loft_Spline.uasset: 'C:/Program Files/Epic Games/4.9/Engine/Content/EditorResources/Spline/T_Loft_Spline.uasset' is outside repository
[2015.11.18-19.00.16:294][ 33]SourceControl: Info fatal: C:/Program Files/Epic Games/4.9/Engine/Content/EditorShapes/Materials/MI_ShapeInstance.uasset: 'C:/Program Files/Epic Games/4.9/Engine/Content/EditorShapes/Materials/MI_ShapeInstance.uasset' is outside repository
[2015.11.18-19.00.16:294][ 33]SourceControl: Info fatal: C:/Program Files/Epic Games/4.9/Engine/Content/EditorShapes/Textures/T_ShapeDiffuse.uasset: 'C:/Program Files/Epic Games/4.9/Engine/Content/EditorShapes/Textures/T_ShapeDiffuse.uasset' is outside repository
[2015.11.18-19.00.16:295][ 33]SourceControl: Info fatal: C:/Program Files/Epic Games/4.9/Engine/Content/EditorShellMaterials/MI_BaseFlat.uasset: 'C:/Program Files/Epic Games/4.9/Engine/Content/EditorShellMaterials/MI_BaseFlat.uasset' is outside repository
[2015.11.18-19.00.16:295][ 33]SourceControl: Info fatal: C:/Program Files/Epic Games/4.9/Engine/Content/EditorShellMaterials/ManualUVs/MI_BaseGrid_MUV.uasset: 'C:/Program Files/Epic Games/4.9/Engine/Content/EditorShellMaterials/ManualUVs/MI_BaseGrid_MUV.uasset' is outside repository
[2015.11.18-19.00.16:295][ 33]SourceControl: Info fatal: C:/Program Files/Epic Games/4.9/Engine/Content/EditorShellMaterials/SketchUp/MI_BaseGrid_WUV_SketchUp.uasset: 'C:/Program Files/Epic Games/4.9/Engine/Content/EditorShellMaterials/SketchUp/MI_BaseGrid_WUV_SketchUp.uasset' is outside repository
[2015.11.18-19.00.16:295][ 33]SourceControl: Info fatal: C:/Program Files/Epic Games/4.9/Engine/Content/EditorShellMaterials/WorldUVs/MI_BaseGrid_WUV.uasset: 'C:/Program Files/Epic Games/4.9/Engine/Content/EditorShellMaterials/WorldUVs/MI_BaseGrid_WUV.uasset' is outside repository
[2015.11.18-19.00.16:295][ 33]SourceControl: Info fatal: C:/Program Files/Epic Games/4.9/Engine/Content/EditorSounds/GamePreview/EjectFromPlayer.uasset: 'C:/Program Files/Epic Games/4.9/Engine/Content/EditorSounds/GamePreview/EjectFromPlayer.uasset' is outside repository
[2015.11.18-19.00.16:295][ 33]SourceControl: Info fatal: C:/Program Files/Epic Games/4.9/Engine/Content/EditorSounds/Notifications/CompileFailed.uasset: 'C:/Program Files/Epic Games/4.9/Engine/Content/EditorSounds/Notifications/CompileFailed.uasset' is outside repository
[2015.11.18-19.00.16:295][ 33]SourceControl: Info fatal: C:/Program Files/Epic Games/4.9/Engine/Content/EngineAnimNotifies/AnimNotify_PlayParticleEffect.uasset: 'C:/Program Files/Epic Games/4.9/Engine/Content/EngineAnimNotifies/AnimNotify_PlayParticleEffect.uasset' is outside repository
[2015.11.18-19.00.16:295][ 33]SourceControl: Info fatal: C:/Program Files/Epic Games/4.9/Engine/Content/EngineDamageTypes/DmgTypeBP_Environmental.uasset: 'C:/Program Files/Epic Games/4.9/Engine/Content/EngineDamageTypes/DmgTypeBP_Environmental.uasset' is outside repository
[2015.11.18-19.00.16:295][ 33]SourceControl: Info fatal: C:/Program Files/Epic Games/4.9/Engine/Content/EngineDebugMaterials/BlackUnlitMaterial.uasset: 'C:/Program Files/Epic Games/4.9/Engine/Content/EngineDebugMaterials/BlackUnlitMaterial.uasset' is outside repository
[2015.11.18-19.00.16:295][ 33]SourceControl: Info fatal: C:/Program Files/Epic Games/4.9/Engine/Content/EngineDebugMaterials/LightingModels/M_TextureDefinedSpecularReflecti.uasset: 'C:/Program Files/Epic Games/4.9/Engine/Content/EngineDebugMaterials/LightingModels/M_TextureDefinedSpecularReflecti.uasset' is outside repository
[2015.11.18-19.00.16:295][ 33]SourceControl: Info fatal: C:/Program Files/Epic Games/4.9/Engine/Content/EngineFonts/Roboto.uasset: 'C:/Program Files/Epic Games/4.9/Engine/Content/EngineFonts/Roboto.uasset' is outside repository
[2015.11.18-19.00.16:295][ 33]SourceControl: Info fatal: C:/Program Files/Epic Games/4.9/Engine/Content/EngineLightProfiles/180Degree_IES.uasset: 'C:/Program Files/Epic Games/4.9/Engine/Content/EngineLightProfiles/180Degree_IES.uasset' is outside repository
[2015.11.18-19.00.16:295][ 33]SourceControl: Info fatal: C:/Program Files/Epic Games/4.9/Engine/Content/EngineMaterials/AntiAliasedTextMaterialTranslucent.uasset: 'C:/Program Files/Epic Games/4.9/Engine/Content/EngineMaterials/AntiAliasedTextMaterialTranslucent.uasset' is outside repository
[2015.11.18-19.00.16:295][ 33]SourceControl: Info fatal: C:/Program Files/Epic Games/4.9/Engine/Content/EngineMaterials/RandomMirrorDisc.uasset: 'C:/Program Files/Epic Games/4.9/Engine/Content/EngineMaterials/RandomMirrorDisc.uasset' is outside repository
[2015.11.18-19.00.16:295][ 33]SourceControl: Info fatal: C:/Program Files/Epic Games/4.9/Engine/Content/EngineMeshes/BackgroundCube.uasset: 'C:/Program Files/Epic Games/4.9/Engine/Content/EngineMeshes/BackgroundCube.uasset' is outside repository
[2015.11.18-19.00.16:295][ 33]SourceControl: Info fatal: C:/Program Files/Epic Games/4.9/Engine/Content/EngineProduction/ReferenceNormalMap.uasset: 'C:/Program Files/Epic Games/4.9/Engine/Content/EngineProduction/ReferenceNormalMap.uasset' is outside repository
[2015.11.18-19.00.16:295][ 33]SourceControl: Info fatal: C:/Program Files/Epic Games/4.9/Engine/Content/EngineResources/AICON-Green.uasset: 'C:/Program Files/Epic Games/4.9/Engine/Content/EngineResources/AICON-Green.uasset' is outside repository
[2015.11.18-19.00.16:295][ 33]SourceControl: Info fatal: C:/Program Files/Epic Games/4.9/Engine/Content/EngineResources/Cursors/Arrow.uasset: 'C:/Program Files/Epic Games/4.9/Engine/Content/EngineResources/Cursors/Arrow.uasset' is outside repository
[2015.11.18-19.00.16:295][ 33]SourceControl: Info fatal: C:/Program Files/Epic Games/4.9/Engine/Content/EngineSky/BP_Sky_Shere.uasset: 'C:/Program Files/Epic Games/4.9/Engine/Content/EngineSky/BP_Sky_Shere.uasset' is outside repository
[2015.11.18-19.00.16:295][ 33]SourceControl: Info fatal: C:/Program Files/Epic Games/4.9/Engine/Content/EngineSounds/Duck_Normal_Attack_MixMod.uasset: 'C:/Program Files/Epic Games/4.9/Engine/Content/EngineSounds/Duck_Normal_Attack_MixMod.uasset' is outside repository
[2015.11.18-19.00.16:295][ 33]SourceControl: Info fatal: C:/Program Files/Epic Games/4.9/Engine/Content/EngineSounds/ReverbSettings/Alley.uasset: 'C:/Program Files/Epic Games/4.9/Engine/Content/EngineSounds/ReverbSettings/Alley.uasset' is outside repository
[2015.11.18-19.00.16:295][ 33]SourceControl: Info fatal: C:/Program Files/Epic Games/4.9/Engine/Content/EngineTireTypes/DefaultTireType.uasset: 'C:/Program Files/Epic Games/4.9/Engine/Content/EngineTireTypes/DefaultTireType.uasset' is outside repository
[2015.11.18-19.00.16:295][ 33]SourceControl: Info fatal: C:/Program Files/Epic Games/4.9/Engine/Content/EngineVolumetrics/FalloffSphere/Materials/M_EV_FalloffSphere_Master_01.uasset: 'C:/Program Files/Epic Games/4.9/Engine/Content/EngineVolumetrics/FalloffSphere/Materials/M_EV_FalloffSphere_Master_01.uasset' is outside repository
[2015.11.18-19.00.16:295][ 33]SourceControl: Info fatal: C:/Program Files/Epic Games/4.9/Engine/Content/EngineVolumetrics/FalloffSphere/Mesh/S_EV_FalloffSphere_Mesh_01.uasset: 'C:/Program Files/Epic Games/4.9/Engine/Content/EngineVolumetrics/FalloffSphere/Mesh/S_EV_FalloffSphere_Mesh_01.uasset' is outside repository
[2015.11.18-19.00.16:295][ 33]SourceControl: Info fatal: C:/Program Files/Epic Games/4.9/Engine/Content/EngineVolumetrics/FogEnvironment/Materials/M_EV_FogEnvironment_Master_01.uasset: 'C:/Program Files/Epic Games/4.9/Engine/Content/EngineVolumetrics/FogEnvironment/Materials/M_EV_FogEnvironment_Master_01.uasset' is outside repository
[2015.11.18-19.00.16:295][ 33]SourceControl: Info fatal: C:/Program Files/Epic Games/4.9/Engine/Content/EngineVolumetrics/FogEnvironment/Mesh/S_EV_FogEnvironment_01_Mesh.uasset: 'C:/Program Files/Epic Games/4.9/Engine/Content/EngineVolumetrics/FogEnvironment/Mesh/S_EV_FogEnvironment_01_Mesh.uasset' is outside repository
[2015.11.18-19.00.16:295][ 33]SourceControl: Info fatal: C:/Program Files/Epic Games/4.9/Engine/Content/EngineVolumetrics/Fogsheet/T_EV_Fogsheet_FlareColors_01.uasset: 'C:/Program Files/Epic Games/4.9/Engine/Content/EngineVolumetrics/Fogsheet/T_EV_Fogsheet_FlareColors_01.uasset' is outside repository
[2015.11.18-19.00.16:295][ 33]SourceControl: Info fatal: C:/Program Files/Epic Games/4.9/Engine/Content/EngineVolumetrics/Fogsheet/Materials/M_EV_FogSheet_1sided_Master_01.uasset: 'C:/Program Files/Epic Games/4.9/Engine/Content/EngineVolumetrics/Fogsheet/Materials/M_EV_FogSheet_1sided_Master_01.uasset' is outside repository
[2015.11.18-19.00.16:295][ 33]SourceControl: Info fatal: C:/Program Files/Epic Games/4.9/Engine/Content/EngineVolumetrics/Fogsheet/Mesh/MI_Fogsheet_HideClose.uasset: 'C:/Program Files/Epic Games/4.9/Engine/Content/EngineVolumetrics/Fogsheet/Mesh/MI_Fogsheet_HideClose.uasset' is outside repository
[2015.11.18-19.00.16:296][ 33]SourceControl: Info fatal: C:/Program Files/Epic Games/4.9/Engine/Content/EngineVolumetrics/LightBeam/Materials/M_EV_Lightbeam_Master_01.uasset: 'C:/Program Files/Epic Games/4.9/Engine/Content/EngineVolumetrics/LightBeam/Materials/M_EV_Lightbeam_Master_01.uasset' is outside repository
[2015.11.18-19.00.16:296][ 33]SourceControl: Info fatal: C:/Program Files/Epic Games/4.9/Engine/Content/EngineVolumetrics/LightBeam/Mesh/S_EV_SimpleLightBeam_01.uasset: 'C:/Program Files/Epic Games/4.9/Engine/Content/EngineVolumetrics/LightBeam/Mesh/S_EV_SimpleLightBeam_01.uasset' is outside repository
[2015.11.18-19.00.16:296][ 33]SourceControl: Info fatal: C:/Program Files/Epic Games/4.9/Engine/Content/Engine_MI_Shaders/MI_Shader_BaseTileEx.uasset: 'C:/Program Files/Epic Games/4.9/Engine/Content/Engine_MI_Shaders/MI_Shader_BaseTileEx.uasset' is outside repository
[2015.11.18-19.00.16:296][ 33]SourceControl: Info fatal: C:/Program Files/Epic Games/4.9/Engine/Content/Engine_MI_Shaders/Instances/M_ES_Phong_Opaque_INST_01.uasset: 'C:/Program Files/Epic Games/4.9/Engine/Content/Engine_MI_Shaders/Instances/M_ES_Phong_Opaque_INST_01.uasset' is outside repository
[2015.11.18-19.00.16:296][ 33]SourceControl: Info fatal: C:/Program Files/Epic Games/4.9/Engine/Content/Engine_MI_Shaders/Textures/Bokeh.uasset: 'C:/Program Files/Epic Games/4.9/Engine/Content/Engine_MI_Shaders/Textures/Bokeh.uasset' is outside repository
[2015.11.18-19.00.16:296][ 33]SourceControl: Info fatal: C:/Program Files/Epic Games/4.9/Engine/Content/FunctionalTesting/Blueprints/AITesting_MoveGoal.uasset: 'C:/Program Files/Epic Games/4.9/Engine/Content/FunctionalTesting/Blueprints/AITesting_MoveGoal.uasset' is outside repository
[2015.11.18-19.00.16:296][ 33]SourceControl: Info fatal: C:/Program Files/Epic Games/4.9/Engine/Content/Functions/DistanceFields/Combiners/DistanceField_Intersection.uasset: 'C:/Program Files/Epic Games/4.9/Engine/Content/Functions/DistanceFields/Combiners/DistanceField_Intersection.uasset' is outside repository
[2015.11.18-19.00.16:296][ 33]SourceControl: Info fatal: C:/Program Files/Epic Games/4.9/Engine/Content/Functions/DistanceFields/Shapes/DistanceField_Capsule.uasset: 'C:/Program Files/Epic Games/4.9/Engine/Content/Functions/DistanceFields/Shapes/DistanceField_Capsule.uasset' is outside repository
[2015.11.18-19.00.16:296][ 33]SourceControl: Info fatal: C:/Program Files/Epic Games/4.9/Engine/Content/Functions/Engine_MaterialFunctions01/AlphaBlend/World_Aligned_Blend.uasset: 'C:/Program Files/Epic Games/4.9/Engine/Content/Functions/Engine_MaterialFunctions01/AlphaBlend/World_Aligned_Blend.uasset' is outside repository
[2015.11.18-19.00.16:296][ 33]SourceControl: Info fatal: C:/Program Files/Epic Games/4.9/Engine/Content/Functions/Engine_MaterialFunctions01/Coordinates/DrawLine-2D.uasset: 'C:/Program Files/Epic Games/4.9/Engine/Content/Functions/Engine_MaterialFunctions01/Coordinates/DrawLine-2D.uasset' is outside repository
[2015.11.18-19.00.16:296][ 33]SourceControl: Info fatal: C:/Program Files/Epic Games/4.9/Engine/Content/Functions/Engine_MaterialFunctions01/Debug/FunctionGraphSetup.uasset: 'C:/Program Files/Epic Games/4.9/Engine/Content/Functions/Engine_MaterialFunctions01/Debug/FunctionGraphSetup.uasset' is outside repository
[2015.11.18-19.00.16:296][ 33]SourceControl: Info fatal: C:/Program Files/Epic Games/4.9/Engine/Content/Functions/Engine_MaterialFunctions01/Density/ExponentialDensity.uasset: 'C:/Program Files/Epic Games/4.9/Engine/Content/Functions/Engine_MaterialFunctions01/Density/ExponentialDensity.uasset' is outside repository
[2015.11.18-19.00.16:296][ 33]SourceControl: Info fatal: C:/Program Files/Epic Games/4.9/Engine/Content/Functions/Engine_MaterialFunctions01/Gradient/BellCurve.uasset: 'C:/Program Files/Epic Games/4.9/Engine/Content/Functions/Engine_MaterialFunctions01/Gradient/BellCurve.uasset' is outside repository
[2015.11.18-19.00.16:296][ 33]SourceControl: Info fatal: C:/Program Files/Epic Games/4.9/Engine/Content/Functions/Engine_MaterialFunctions01/ImageAdjustment/3ColorBlend.uasset: 'C:/Program Files/Epic Games/4.9/Engine/Content/Functions/Engine_MaterialFunctions01/ImageAdjustment/3ColorBlend.uasset' is outside repository
[2015.11.18-19.00.16:296][ 33]SourceControl: Info fatal: C:/Program Files/Epic Games/4.9/Engine/Content/Functions/Engine_MaterialFunctions01/Lighting/PixelDepthOffset_Foliage.uasset: 'C:/Program Files/Epic Games/4.9/Engine/Content/Functions/Engine_MaterialFunctions01/Lighting/PixelDepthOffset_Foliage.uasset' is outside repository
[2015.11.18-19.00.16:296][ 33]SourceControl: Info fatal: C:/Program Files/Epic Games/4.9/Engine/Content/Functions/Engine_MaterialFunctions01/Opacity/AlphaOffset.uasset: 'C:/Program Files/Epic Games/4.9/Engine/Content/Functions/Engine_MaterialFunctions01/Opacity/AlphaOffset.uasset' is outside repository
[2015.11.18-19.00.16:296][ 33]SourceControl: Info fatal: C:/Program Files/Epic Games/4.9/Engine/Content/Functions/Engine_MaterialFunctions01/Reflections/ReflectionVectorSoft.uasset: 'C:/Program Files/Epic Games/4.9/Engine/Content/Functions/Engine_MaterialFunctions01/Reflections/ReflectionVectorSoft.uasset' is outside repository
[2015.11.18-19.00.16:296][ 33]SourceControl: Info fatal: C:/Program Files/Epic Games/4.9/Engine/Content/Functions/Engine_MaterialFunctions01/Shading/CalcLightsourceAngle.uasset: 'C:/Program Files/Epic Games/4.9/Engine/Content/Functions/Engine_MaterialFunctions01/Shading/CalcLightsourceAngle.uasset' is outside repository
[2015.11.18-19.00.16:296][ 33]SourceControl: Info fatal: C:/Program Files/Epic Games/4.9/Engine/Content/Functions/Engine_MaterialFunctions01/SpeedTree/SpeedTreeColorVariation.uasset: 'C:/Program Files/Epic Games/4.9/Engine/Content/Functions/Engine_MaterialFunctions01/SpeedTree/SpeedTreeColorVariation.uasset' is outside repository
[2015.11.18-19.00.16:296][ 33]SourceControl: Info fatal: C:/Program Files/Epic Games/4.9/Engine/Content/Functions/Engine_MaterialFunctions01/Texturing/BakedDisplacement.uasset: 'C:/Program Files/Epic Games/4.9/Engine/Content/Functions/Engine_MaterialFunctions01/Texturing/BakedDisplacement.uasset' is outside repository
[2015.11.18-19.00.16:296][ 33]SourceControl: Info fatal: C:/Program Files/Epic Games/4.9/Engine/Content/Functions/Engine_MaterialFunctions01/Vectors/MF_RotateVector_90.uasset: 'C:/Program Files/Epic Games/4.9/Engine/Content/Functions/Engine_MaterialFunctions01/Vectors/MF_RotateVector_90.uasset' is outside repository
[2015.11.18-19.00.16:296][ 33]SourceControl: Info fatal: C:/Program Files/Epic Games/4.9/Engine/Content/Functions/Engine_MaterialFunctions01/WorldPositionOffset/ConstantScalebyDistance.uasset: 'C:/Program Files/Epic Games/4.9/Engine/Content/Functions/Engine_MaterialFunctions01/WorldPositionOffset/ConstantScalebyDistance.uasset' is outside repository
[2015.11.18-19.00.16:296][ 33]SourceControl: Info fatal: C:/Program Files/Epic Games/4.9/Engine/Content/Functions/Engine_MaterialFunctions02/3PointLevels.uasset: 'C:/Program Files/Epic Games/4.9/Engine/Content/Functions/Engine_MaterialFunctions02/3PointLevels.uasset' is outside repository
[2015.11.18-19.00.16:296][ 33]SourceControl: Info fatal: C:/Program Files/Epic Games/4.9/Engine/Content/Functions/Engine_MaterialFunctions02/ExampleContent/3dParticleOpacityInstance.uasset: 'C:/Program Files/Epic Games/4.9/Engine/Content/Functions/Engine_MaterialFunctions02/ExampleContent/3dParticleOpacityInstance.uasset' is outside repository
[2015.11.18-19.00.16:296][ 33]SourceControl: Info fatal: C:/Program Files/Epic Games/4.9/Engine/Content/Functions/Engine_MaterialFunctions02/ExampleContent/MacroUVs/MacroUVs.uasset: 'C:/Program Files/Epic Games/4.9/Engine/Content/Functions/Engine_MaterialFunctions02/ExampleContent/MacroUVs/MacroUVs.uasset' is outside repository
[2015.11.18-19.00.16:296][ 33]SourceControl: Info fatal: C:/Program Files/Epic Games/4.9/Engine/Content/Functions/Engine_MaterialFunctions02/ExampleContent/TextureBasedWPO/DemoBox.uasset: 'C:/Program Files/Epic Games/4.9/Engine/Content/Functions/Engine_MaterialFunctions02/ExampleContent/TextureBasedWPO/DemoBox.uasset' is outside repository
[2015.11.18-19.00.16:296][ 33]SourceControl: Info fatal: C:/Program Files/Epic Games/4.9/Engine/Content/Functions/Engine_MaterialFunctions02/ExampleContent/Textures/DebugNumberPeriod.uasset: 'C:/Program Files/Epic Games/4.9/Engine/Content/Functions/Engine_MaterialFunctions02/ExampleContent/Textures/DebugNumberPeriod.uasset' is outside repository
[2015.11.18-19.00.16:296][ 33]SourceControl: Info fatal: C:/Program Files/Epic Games/4.9/Engine/Content/Functions/Engine_MaterialFunctions02/Gradients/GradientMap_Multi.uasset: 'C:/Program Files/Epic Games/4.9/Engine/Content/Functions/Engine_MaterialFunctions02/Gradients/GradientMap_Multi.uasset' is outside repository
[2015.11.18-19.00.16:296][ 33]SourceControl: Info fatal: C:/Program Files/Epic Games/4.9/Engine/Content/Functions/Engine_MaterialFunctions02/Math/AddComponents.uasset: 'C:/Program Files/Epic Games/4.9/Engine/Content/Functions/Engine_MaterialFunctions02/Math/AddComponents.uasset' is outside repository
[2015.11.18-19.00.16:297][ 33]SourceControl: Info fatal: C:/Program Files/Epic Games/4.9/Engine/Content/Functions/Engine_MaterialFunctions02/MAXScripts/MeshSequenceFlipbook_Script.uasset: 'C:/Program Files/Epic Games/4.9/Engine/Content/Functions/Engine_MaterialFunctions02/MAXScripts/MeshSequenceFlipbook_Script.uasset' is outside repository
[2015.11.18-19.00.16:297][ 33]SourceControl: Info fatal: C:/Program Files/Epic Games/4.9/Engine/Content/Functions/Engine_MaterialFunctions02/Normals/RotateNormalWhileMasking.uasset: 'C:/Program Files/Epic Games/4.9/Engine/Content/Functions/Engine_MaterialFunctions02/Normals/RotateNormalWhileMasking.uasset' is outside repository
[2015.11.18-19.00.16:297][ 33]SourceControl: Info fatal: C:/Program Files/Epic Games/4.9/Engine/Content/Functions/Engine_MaterialFunctions02/NotInUse/WorldAlignedNormals_HighQuality_optimizationAttempt.uasset: 'C:/Program Files/Epic Games/4.9/Engine/Content/Functions/Engine_MaterialFunctions02/NotInUse/WorldAlignedNormals_HighQuality_optimizationAttempt.uasset' is outside repository
[2015.11.18-19.00.16:297][ 33]SourceControl: Info fatal: C:/Program Files/Epic Games/4.9/Engine/Content/Functions/Engine_MaterialFunctions02/PivotPainter/PivotPainter_HierarchyData.uasset: 'C:/Program Files/Epic Games/4.9/Engine/Content/Functions/Engine_MaterialFunctions02/PivotPainter/PivotPainter_HierarchyData.uasset' is outside repository
[2015.11.18-19.00.16:297][ 33]SourceControl: Info fatal: C:/Program Files/Epic Games/4.9/Engine/Content/Functions/Engine_MaterialFunctions02/Texturing/3dParticleOpacity.uasset: 'C:/Program Files/Epic Games/4.9/Engine/Content/Functions/Engine_MaterialFunctions02/Texturing/3dParticleOpacity.uasset' is outside repository
[2015.11.18-19.00.16:297][ 33]SourceControl: Info fatal: C:/Program Files/Epic Games/4.9/Engine/Content/Functions/Engine_MaterialFunctions02/Utility/Append4.uasset: 'C:/Program Files/Epic Games/4.9/Engine/Content/Functions/Engine_MaterialFunctions02/Utility/Append4.uasset' is outside repository
[2015.11.18-19.00.16:297][ 33]SourceControl: Info fatal: C:/Program Files/Epic Games/4.9/Engine/Content/Functions/Engine_MaterialFunctions02/UVs/BoundingBoxBased_0-1_UVW.uasset: 'C:/Program Files/Epic Games/4.9/Engine/Content/Functions/Engine_MaterialFunctions02/UVs/BoundingBoxBased_0-1_UVW.uasset' is outside repository
[2015.11.18-19.00.16:297][ 33]SourceControl: Info fatal: C:/Program Files/Epic Games/4.9/Engine/Content/Functions/Engine_MaterialFunctions02/WorldPositionOffset/AdjustNormalsToCompensateForRotateAboutAxisOffset.uasset: 'C:/Program Files/Epic Games/4.9/Engine/Content/Functions/Engine_MaterialFunctions02/WorldPositionOffset/AdjustNormalsToCompensateForRotateAboutAxisOffset.uasset' is outside repository
[2015.11.18-19.00.16:297][ 33]SourceControl: Info fatal: C:/Program Files/Epic Games/4.9/Engine/Content/Functions/Engine_MaterialFunctions03/Blends/Blend_ColorBurn.uasset: 'C:/Program Files/Epic Games/4.9/Engine/Content/Functions/Engine_MaterialFunctions03/Blends/Blend_ColorBurn.uasset' is outside repository
[2015.11.18-19.00.16:297][ 33]SourceControl: Info fatal: C:/Program Files/Epic Games/4.9/Engine/Content/Functions/Engine_MaterialFunctions03/ComplexMotion/Motion_4WayChaos.uasset: 'C:/Program Files/Epic Games/4.9/Engine/Content/Functions/Engine_MaterialFunctions03/ComplexMotion/Motion_4WayChaos.uasset' is outside repository
[2015.11.18-19.00.16:297][ 33]SourceControl: Info fatal: C:/Program Files/Epic Games/4.9/Engine/Content/Functions/Engine_MaterialFunctions03/Particles/Distance_Blend.uasset: 'C:/Program Files/Epic Games/4.9/Engine/Content/Functions/Engine_MaterialFunctions03/Particles/Distance_Blend.uasset' is outside repository
[2015.11.18-19.00.16:297][ 33]SourceControl: Info fatal: C:/Program Files/Epic Games/4.9/Engine/Content/Functions/Engine_MaterialFunctions03/Procedurals/ComputeFilterWidth.uasset: 'C:/Program Files/Epic Games/4.9/Engine/Content/Functions/Engine_MaterialFunctions03/Procedurals/ComputeFilterWidth.uasset' is outside repository
[2015.11.18-19.00.16:297][ 33]SourceControl: Info fatal: C:/Program Files/Epic Games/4.9/Engine/Content/Functions/Engine_MaterialFunctions03/Texturing/CameraWorldBlend.uasset: 'C:/Program Files/Epic Games/4.9/Engine/Content/Functions/Engine_MaterialFunctions03/Texturing/CameraWorldBlend.uasset' is outside repository
[2015.11.18-19.00.16:297][ 33]SourceControl: Info fatal: C:/Program Files/Epic Games/4.9/Engine/Content/Functions/GetPostProcessFunctions/GetAmbientCubemapIntensity.uasset: 'C:/Program Files/Epic Games/4.9/Engine/Content/Functions/GetPostProcessFunctions/GetAmbientCubemapIntensity.uasset' is outside repository
[2015.11.18-19.00.16:297][ 33]SourceControl: Info fatal: C:/Program Files/Epic Games/4.9/Engine/Content/Functions/MaterialLayerFunctions/MatLayerBlend_AddWorldPositionOffset.uasset: 'C:/Program Files/Epic Games/4.9/Engine/Content/Functions/MaterialLayerFunctions/MatLayerBlend_AddWorldPositionOffset.uasset' is outside repository
[2015.11.18-19.00.16:297][ 33]SourceControl: Info fatal: C:/Program Files/Epic Games/4.9/Engine/Content/Maps/Entry.umap: 'C:/Program Files/Epic Games/4.9/Engine/Content/Maps/Entry.umap' is outside repository
[2015.11.18-19.00.16:297][ 33]SourceControl: Info fatal: C:/Program Files/Epic Games/4.9/Engine/Content/Maps/Templates/Template_Default.umap: 'C:/Program Files/Epic Games/4.9/Engine/Content/Maps/Templates/Template_Default.umap' is outside repository
[2015.11.18-19.00.16:297][ 33]SourceControl: Info fatal: C:/Program Files/Epic Games/4.9/Engine/Content/Maps/Templates/Thumbnails/Default.uasset: 'C:/Program Files/Epic Games/4.9/Engine/Content/Maps/Templates/Thumbnails/Default.uasset' is outside repository
[2015.11.18-19.00.16:297][ 33]SourceControl: Info fatal: C:/Program Files/Epic Games/4.9/Engine/Content/MapTemplates/Bokeh_5Sides.uasset: 'C:/Program Files/Epic Games/4.9/Engine/Content/MapTemplates/Bokeh_5Sides.uasset' is outside repository
[2015.11.18-19.00.16:297][ 33]SourceControl: Info fatal: C:/Program Files/Epic Games/4.9/Engine/Content/MapTemplates/lut/LUT_Afternoon.uasset: 'C:/Program Files/Epic Games/4.9/Engine/Content/MapTemplates/lut/LUT_Afternoon.uasset' is outside repository
[2015.11.18-19.00.16:297][ 33]SourceControl: Info fatal: C:/Program Files/Epic Games/4.9/Engine/Content/MapTemplates/Materials/BasicAsset01.uasset: 'C:/Program Files/Epic Games/4.9/Engine/Content/MapTemplates/Materials/BasicAsset01.uasset' is outside repository
[2015.11.18-19.00.16:297][ 33]SourceControl: Info fatal: C:/Program Files/Epic Games/4.9/Engine/Content/MapTemplates/Sky/DaylightAmbientCubemap.uasset: 'C:/Program Files/Epic Games/4.9/Engine/Content/MapTemplates/Sky/DaylightAmbientCubemap.uasset' is outside repository
[2015.11.18-19.00.16:297][ 33]SourceControl: Info fatal: C:/Program Files/Epic Games/4.9/Engine/Content/MaterialTemplates/Gradients/Gradient_Linear.uasset: 'C:/Program Files/Epic Games/4.9/Engine/Content/MaterialTemplates/Gradients/Gradient_Linear.uasset' is outside repository
[2015.11.18-19.00.16:297][ 33]SourceControl: Info fatal: C:/Program Files/Epic Games/4.9/Engine/Content/MaterialTemplates/PerfTricks/MultiChannelMask.uasset: 'C:/Program Files/Epic Games/4.9/Engine/Content/MaterialTemplates/PerfTricks/MultiChannelMask.uasset' is outside repository
[2015.11.18-19.00.16:297][ 33]SourceControl: Info fatal: C:/Program Files/Epic Games/4.9/Engine/Content/MaterialTemplates/Textures/T_multiMask.uasset: 'C:/Program Files/Epic Games/4.9/Engine/Content/MaterialTemplates/Textures/T_multiMask.uasset' is outside repository
[2015.11.18-19.00.16:297][ 33]SourceControl: Info fatal: C:/Program Files/Epic Games/4.9/Engine/Content/MaterialTemplates/VertexAnimation/AdvancedFlag.uasset: 'C:/Program Files/Epic Games/4.9/Engine/Content/MaterialTemplates/VertexAnimation/AdvancedFlag.uasset' is outside repository
[2015.11.18-19.00.16:297][ 33]SourceControl: Info fatal: C:/Program Files/Epic Games/4.9/Engine/Content/MobileResources/T_MobileControls_texture.uasset: 'C:/Program Files/Epic Games/4.9/Engine/Content/MobileResources/T_MobileControls_texture.uasset' is outside repository
[2015.11.18-19.00.16:297][ 33]SourceControl: Info fatal: C:/Program Files/Epic Games/4.9/Engine/Content/MobileResources/HUD/AnalogHat.uasset: 'C:/Program Files/Epic Games/4.9/Engine/Content/MobileResources/HUD/AnalogHat.uasset' is outside repository
[2015.11.18-19.00.16:297][ 33]SourceControl: Info fatal: C:/Program Files/Epic Games/4.9/Engine/Content/TemplateResources/MI_Template_BaseBlue.uasset: 'C:/Program Files/Epic Games/4.9/Engine/Content/TemplateResources/MI_Template_BaseBlue.uasset' is outside repository
[2015.11.18-19.00.16:298][ 33]SourceControl: Info fatal: C:/Program Files/Epic Games/4.9/Engine/Content/Tutorial/ContentIntroCurve.uasset: 'C:/Program Files/Epic Games/4.9/Engine/Content/Tutorial/ContentIntroCurve.uasset' is outside repository
[2015.11.18-19.00.16:298][ 33]SourceControl: Info fatal: C:/Program Files/Epic Games/4.9/Engine/Content/Tutorial/Audio/Audience.uasset: 'C:/Program Files/Epic Games/4.9/Engine/Content/Tutorial/Audio/Audience.uasset' is outside repository
[2015.11.18-19.00.16:298][ 33]SourceControl: Info fatal: C:/Program Files/Epic Games/4.9/Engine/Content/Tutorial/Basics/ContentBrowserOverview.uasset: 'C:/Program Files/Epic Games/4.9/Engine/Content/Tutorial/Basics/ContentBrowserOverview.uasset' is outside repository
[2015.11.18-19.00.16:298][ 33]SourceControl: Info fatal: C:/Program Files/Epic Games/4.9/Engine/Content/Tutorial/Basics/TutorialAssets/CameraActor_64x.uasset: 'C:/Program Files/Epic Games/4.9/Engine/Content/Tutorial/Basics/TutorialAssets/CameraActor_64x.uasset' is outside repository
[2015.11.18-19.00.16:298][ 33]SourceControl: Info fatal: C:/Program Files/Epic Games/4.9/Engine/Content/Tutorial/BlueprintTutorials/BlueprintEditorTutorial.uasset: 'C:/Program Files/Epic Games/4.9/Engine/Content/Tutorial/BlueprintTutorials/BlueprintEditorTutorial.uasset' is outside repository
[2015.11.18-19.00.16:298][ 33]SourceControl: Info fatal: C:/Program Files/Epic Games/4.9/Engine/Content/Tutorial/BlueprintTutorials/TutorialAssets/BlueprintFunctionLibrary_64x.uasset: 'C:/Program Files/Epic Games/4.9/Engine/Content/Tutorial/BlueprintTutorials/TutorialAssets/BlueprintFunctionLibrary_64x.uasset' is outside repository
[2015.11.18-19.00.16:298][ 33]SourceControl: Info fatal: C:/Program Files/Epic Games/4.9/Engine/Content/Tutorial/Code/AddingCode.uasset: 'C:/Program Files/Epic Games/4.9/Engine/Content/Tutorial/Code/AddingCode.uasset' is outside repository
[2015.11.18-19.00.16:298][ 33]SourceControl: Info fatal: C:/Program Files/Epic Games/4.9/Engine/Content/Tutorial/Foliage/FoliageWalkThrough.uasset: 'C:/Program Files/Epic Games/4.9/Engine/Content/Tutorial/Foliage/FoliageWalkThrough.uasset' is outside repository
[2015.11.18-19.00.16:298][ 33]SourceControl: Info fatal: C:/Program Files/Epic Games/4.9/Engine/Content/Tutorial/Foliage/TutorialAssets/Foliage.uasset: 'C:/Program Files/Epic Games/4.9/Engine/Content/Tutorial/Foliage/TutorialAssets/Foliage.uasset' is outside repository
[2015.11.18-19.00.16:298][ 33]SourceControl: Info fatal: C:/Program Files/Epic Games/4.9/Engine/Content/Tutorial/Installation/InstallingVisualStudioTutorial.uasset: 'C:/Program Files/Epic Games/4.9/Engine/Content/Tutorial/Installation/InstallingVisualStudioTutorial.uasset' is outside repository
[2015.11.18-19.00.16:298][ 33]SourceControl: Info fatal: C:/Program Files/Epic Games/4.9/Engine/Content/Tutorial/InWorldBlueprintEditing/IWBE_Tutorial.uasset: 'C:/Program Files/Epic Games/4.9/Engine/Content/Tutorial/InWorldBlueprintEditing/IWBE_Tutorial.uasset' is outside repository
[2015.11.18-19.00.16:298][ 33]SourceControl: Info fatal: C:/Program Files/Epic Games/4.9/Engine/Content/Tutorial/InWorldBlueprintEditing/TutorialAssets/IWBE_Blutility.uasset: 'C:/Program Files/Epic Games/4.9/Engine/Content/Tutorial/InWorldBlueprintEditing/TutorialAssets/IWBE_Blutility.uasset' is outside repository
[2015.11.18-19.00.16:298][ 33]SourceControl: Info fatal: C:/Program Files/Epic Games/4.9/Engine/Content/Tutorial/Landscape/LandscapeWalkThrough.uasset: 'C:/Program Files/Epic Games/4.9/Engine/Content/Tutorial/Landscape/LandscapeWalkThrough.uasset' is outside repository
[2015.11.18-19.00.16:298][ 33]SourceControl: Info fatal: C:/Program Files/Epic Games/4.9/Engine/Content/Tutorial/Landscape/TutorialAssets/Landscape.uasset: 'C:/Program Files/Epic Games/4.9/Engine/Content/Tutorial/Landscape/TutorialAssets/Landscape.uasset' is outside repository
[2015.11.18-19.00.16:298][ 33]SourceControl: Info fatal: C:/Program Files/Epic Games/4.9/Engine/Content/Tutorial/Mobile/CreatingSigningCertAndProvisionTutorial.uasset: 'C:/Program Files/Epic Games/4.9/Engine/Content/Tutorial/Mobile/CreatingSigningCertAndProvisionTutorial.uasset' is outside repository
[2015.11.18-19.00.16:298][ 33]SourceControl: Info fatal: C:/Program Files/Epic Games/4.9/Engine/Content/Tutorial/Mobile/TutorialAssets/android_Icon.uasset: 'C:/Program Files/Epic Games/4.9/Engine/Content/Tutorial/Mobile/TutorialAssets/android_Icon.uasset' is outside repository
[2015.11.18-19.00.16:298][ 33]SourceControl: Info fatal: C:/Program Files/Epic Games/4.9/Engine/Content/Tutorial/Paper2D/FlipbookEditorTutorial.uasset: 'C:/Program Files/Epic Games/4.9/Engine/Content/Tutorial/Paper2D/FlipbookEditorTutorial.uasset' is outside repository
[2015.11.18-19.00.16:298][ 33]SourceControl: Info fatal: C:/Program Files/Epic Games/4.9/Engine/Content/Tutorial/Paper2D/TutorialAssets/Paper2DFlipbook_TutorialIcon.uasset: 'C:/Program Files/Epic Games/4.9/Engine/Content/Tutorial/Paper2D/TutorialAssets/Paper2DFlipbook_TutorialIcon.uasset' is outside repository
[2015.11.18-19.00.16:298][ 33]SourceControl: Info fatal: C:/Program Files/Epic Games/4.9/Engine/Content/Tutorial/SubEditors/DestructibleMeshEditorTutorial.uasset: 'C:/Program Files/Epic Games/4.9/Engine/Content/Tutorial/SubEditors/DestructibleMeshEditorTutorial.uasset' is outside repository
[2015.11.18-19.00.16:298][ 33]SourceControl: Info fatal: C:/Program Files/Epic Games/4.9/Engine/Content/Tutorial/SubEditors/TutorialAssets/icon_Editor_Preferences_General_40x.uasset: 'C:/Program Files/Epic Games/4.9/Engine/Content/Tutorial/SubEditors/TutorialAssets/icon_Editor_Preferences_General_40x.uasset' is outside repository
[2015.11.18-19.00.16:298][ 33]SourceControl: Info fatal: C:/Program Files/Epic Games/4.9/Engine/Content/Tutorial/SubEditors/TutorialAssets/Character/NewBlendSpace1D.uasset: 'C:/Program Files/Epic Games/4.9/Engine/Content/Tutorial/SubEditors/TutorialAssets/Character/NewBlendSpace1D.uasset' is outside repository
[2015.11.18-19.00.16:298][ 33]SourceControl: Info fatal: C:/Program Files/Epic Games/4.9/Engine/Plugins/2D/Paper2D/Content/DefaultLitSpriteMaterial.uasset: 'C:/Program Files/Epic Games/4.9/Engine/Plugins/2D/Paper2D/Content/DefaultLitSpriteMaterial.uasset' is outside repository
[2015.11.18-19.00.16:298][ 33]SourceControl: Info fatal: C:/Program Files/Epic Games/4.9/Engine/Plugins/2D/Paper2D/Content/PlaceholderTextures/DummySpriteTexture.uasset: 'C:/Program Files/Epic Games/4.9/Engine/Plugins/2D/Paper2D/Content/PlaceholderTextures/DummySpriteTexture.uasset' is outside repository
[2015.11.18-19.00.16:298][ 33]SourceControl: Info fatal: C:/Program Files/Epic Games/4.9/Engine/Plugins/Runtime/LeapMotionController/Content/LM_CapsuleMesh.uasset: 'C:/Program Files/Epic Games/4.9/Engine/Plugins/Runtime/LeapMotionController/Content/LM_CapsuleMesh.uasset' is outside repository
[2015.11.18-19.00.16:298][ 33]SourceControl: Info fatal: C:/Program Files/Epic Games/4.9/Engine/Content/: 'C:/Program Files/Epic Games/4.9/Engine/Content/' is outside repository
[2015.11.18-19.01.01:943][ 33]LogSourceControl: FGitCheckInWorker: commit successful
[2015.11.18-19.01.02:053][ 33]SourceControl: Info [master e1b432b] Third person folder delition and rearrangement
[2015.11.18-19.01.02:053][ 33]SourceControl: Info  8 files changed, 0 insertions(+), 0 deletions(-)
[2015.11.18-19.01.02:053][ 33]SourceControl: Info  delete mode 100644 Content/Assets/WhiteWall.uasset
[2015.11.18-19.01.02:053][ 33]SourceControl: Info  delete mode 100644 Content/Assets/WhiteWall_Mat.uasset
[2015.11.18-19.01.02:053][ 33]SourceControl: Info  create mode 100644 Content/Blueprints/ThirdPersonCharacter.uasset
[2015.11.18-19.01.02:053][ 33]SourceControl: Info  rename Content/{ThirdPersonBP => }/Blueprints/ThirdPersonGameMode.uasset (59%)
[2015.11.18-19.01.02:053][ 33]SourceControl: Info  create mode 100644 Content/Blueprints/ThirdPersonOverview.uasset
[2015.11.18-19.01.02:053][ 33]SourceControl: Info  rename Content/{ThirdPersonBP => }/Maps/ThirdPersonExampleMap.umap (98%)
[2015.11.18-19.01.02:053][ 33]SourceControl: Info  delete mode 100644 Content/ThirdPersonBP/Blueprints/ThirdPersonCharacter.uasset
[2015.11.18-19.01.02:053][ 33]SourceControl: Info  delete mode 100644 Content/ThirdPersonBP/ThirdPersonOverview.uasset
[2015.11.18-19.01.02:061][ 33]SourceControl: Info Commited [master e1b432b] Third person folder delition and rearrangement.
[2015.11.18-19.02.56:970][205]LogEditorViewport: Clicking on Actor (LMB): StaticMeshActor (Carpet)
[2015.11.18-19.03.06:878][211]LogEditorViewport: Clicking on Actor (LMB): StaticMeshActor (Carpet)
[2015.11.18-19.03.14:017][737]LogEditorViewport: Clicking on Actor (LMB): StaticMeshActor (StuffedChair2)
[2015.11.18-19.04.17:495][373]LogActorComponent: UnregisterComponent: (/Engine/Transient.CharMoveComp) Not registered. Aborting.
[2015.11.18-19.04.18:519][374]Cmd: QUIT_EDITOR
[2015.11.18-19.04.19:058][374]LogExit: Preparing to exit.
[2015.11.18-19.04.20:286][374]LogExit: Editor shut down
[2015.11.18-19.04.20:286][374]LogExit: Transaction tracking system shut down
[2015.11.18-19.04.20:328][374]LogParticles: Destroying 0 GPU particle simulations for FXSystem 0x000000001E6BA020
[2015.11.18-19.04.20:328][374]LogParticles: Destroying 0 GPU particle simulations for FXSystem 0x0000000025171440
[2015.11.18-19.04.20:328][374]LogParticles: Destroying 0 GPU particle simulations for FXSystem 0x000000002549F1A0
[2015.11.18-19.04.20:328][374]LogParticles: Destroying 0 GPU particle simulations for FXSystem 0x000000002532CC20
[2015.11.18-19.04.21:517][374]LogParticles: Destroying 0 GPU particle simulations for FXSystem 0x0000000015A3A7A0
[2015.11.18-19.04.21:518][374]LogExit: Object subsystem successfully closed.
[2015.11.18-19.04.21:766][374]LogD3D11RHI: Shutdown
[2015.11.18-19.04.21:776][374]LogD3D11RHI: CleanupD3DDevice
[2015.11.18-19.04.21:905][374]LogD3D11RHI: ~FD3D11DynamicRHI
[2015.11.18-19.04.22:378][374]LogModuleManager: Shutting down and abandoning module CrashTracker (199)
[2015.11.18-19.04.22:378][374]LogModuleManager: Shutting down and abandoning module SceneOutliner (198)
[2015.11.18-19.04.22:378][374]LogModuleManager: Shutting down and abandoning module SuperSearch (197)
[2015.11.18-19.04.22:378][374]LogModuleManager: Shutting down and abandoning module WidgetCarousel (196)
[2015.11.18-19.04.22:378][374]LogModuleManager: Shutting down and abandoning module AddContentDialog (195)
[2015.11.18-19.04.22:416][374]LogModuleManager: Shutting down and abandoning module EditorWidgets (194)
[2015.11.18-19.04.22:416][374]LogModuleManager: Shutting down and abandoning module CollectionManager (193)
[2015.11.18-19.04.22:417][374]LogModuleManager: Shutting down and abandoning module StatsViewer (192)
[2015.11.18-19.04.22:417][374]LogModuleManager: Shutting down and abandoning module FoliageEdit (191)
[2015.11.18-19.04.22:417][374]LogModuleManager: Shutting down and abandoning module LandscapeEditor (190)
[2015.11.18-19.04.22:424][374]LogModuleManager: Shutting down and abandoning module ActorPickerMode (189)
[2015.11.18-19.04.22:424][374]LogModuleManager: Shutting down and abandoning module GeometryMode (188)
[2015.11.18-19.04.22:424][374]LogModuleManager: Shutting down and abandoning module TextureAlignMode (187)
[2015.11.18-19.04.22:424][374]LogModuleManager: Shutting down and abandoning module BspMode (186)
[2015.11.18-19.04.22:424][374]LogModuleManager: Shutting down and abandoning module PlacementMode (185)
[2015.11.18-19.04.22:424][374]LogModuleManager: Shutting down and abandoning module AutomationWorker (184)
[2015.11.18-19.04.22:430][374]LogModuleManager: Shutting down and abandoning module CharacterAI (183)
[2015.11.18-19.04.22:430][374]LogModuleManager: Shutting down and abandoning module SmartSnapping (182)
[2015.11.18-19.04.22:430][374]LogModuleManager: Shutting down and abandoning module ViewportSnapping (181)
[2015.11.18-19.04.22:430][374]LogModuleManager: Shutting down and abandoning module LogVisualizer (180)
[2015.11.18-19.04.22:453][374]LogModuleManager: Shutting down and abandoning module GameProjectGeneration (179)
[2015.11.18-19.04.22:459][374]LogModuleManager: Shutting down and abandoning module IntroTutorials (178)
[2015.11.18-19.04.22:477][374]LogModuleManager: Shutting down and abandoning module EditorLiveStreaming (177)
[2015.11.18-19.04.22:477][374]LogModuleManager: Shutting down and abandoning module IOSPlatformEditor (176)
[2015.11.18-19.04.22:487][374]LogModuleManager: Shutting down and abandoning module HTML5PlatformEditor (175)
[2015.11.18-19.04.22:487][374]LogModuleManager: Shutting down and abandoning module AndroidDeviceDetection (174)
[2015.11.18-19.04.22:810][374]LogModuleManager: Shutting down and abandoning module AndroidPlatformEditor (173)
[2015.11.18-19.04.22:810][374]LogModuleManager: Shutting down and abandoning module IOSRuntimeSettings (172)
[2015.11.18-19.04.22:810][374]LogModuleManager: Shutting down and abandoning module AndroidRuntimeSettings (171)
[2015.11.18-19.04.22:810][374]LogModuleManager: Shutting down and abandoning module MergeActors (170)
[2015.11.18-19.04.22:828][374]LogModuleManager: Shutting down and abandoning module SizeMap (169)
[2015.11.18-19.04.22:828][374]LogModuleManager: Shutting down and abandoning module TreeMap (168)
[2015.11.18-19.04.22:829][374]LogModuleManager: Shutting down and abandoning module ReferenceViewer (167)
[2015.11.18-19.04.22:829][374]LogModuleManager: Shutting down and abandoning module LocalizationService (166)
[2015.11.18-19.04.22:829][374]LogModuleManager: Shutting down and abandoning module LocalizationDashboard (165)
[2015.11.18-19.04.22:841][374]LogModuleManager: Shutting down and abandoning module HardwareTargeting (164)
[2015.11.18-19.04.22:841][374]LogModuleManager: Shutting down and abandoning module DeviceProfileEditor (163)
[2015.11.18-19.04.22:841][374]LogModuleManager: Shutting down and abandoning module UndoHistory (162)
[2015.11.18-19.04.22:854][374]LogModuleManager: Shutting down and abandoning module GameplayTagsEditor (161)
[2015.11.18-19.04.22:854][374]LogModuleManager: Shutting down and abandoning module UserFeedback (160)
[2015.11.18-19.04.22:854][374]LogModuleManager: Shutting down and abandoning module XmlParser (159)
[2015.11.18-19.04.22:854][374]LogModuleManager: Shutting down and abandoning module Blutility (158)
[2015.11.18-19.04.22:854][374]LogModuleManager: Shutting down and abandoning module ProjectTargetPlatformEditor (157)
[2015.11.18-19.04.22:855][374]LogModuleManager: Shutting down and abandoning module ProjectSettingsViewer (156)
[2015.11.18-19.04.22:855][374]LogModuleManager: Shutting down and abandoning module InputBindingEditor (155)
[2015.11.18-19.04.22:858][374]LogModuleManager: Shutting down and abandoning module EditorSettingsViewer (154)
[2015.11.18-19.04.22:858][374]LogModuleManager: Shutting down and abandoning module SettingsEditor (153)
[2015.11.18-19.04.22:868][374]LogModuleManager: Shutting down and abandoning module ProjectLauncher (152)
[2015.11.18-19.04.22:868][374]LogModuleManager: Shutting down and abandoning module SessionFrontend (151)
[2015.11.18-19.04.22:882][374]LogModuleManager: Shutting down and abandoning module ProfilerClient (150)
[2015.11.18-19.04.22:883][374]LogModuleManager: Shutting down and abandoning module TargetDeviceServices (149)
[2015.11.18-19.04.22:883][374]LogModuleManager: Shutting down and abandoning module DeviceManager (148)
[2015.11.18-19.04.22:904][374]LogModuleManager: Shutting down and abandoning module AutomationController (147)
[2015.11.18-19.04.22:904][374]LogModuleManager: Shutting down and abandoning module AutomationWindow (146)
[2015.11.18-19.04.22:908][374]LogModuleManager: Shutting down and abandoning module Layers (145)
[2015.11.18-19.04.22:919][374]LogModuleManager: Shutting down and abandoning module ComponentVisualizers (144)
[2015.11.18-19.04.22:919][374]LogModuleManager: Shutting down and abandoning module DetailCustomizations (143)
[2015.11.18-19.04.22:919][374]LogModuleManager: Shutting down and abandoning module PackagesDialog (142)
[2015.11.18-19.04.22:931][374]LogModuleManager: Shutting down and abandoning module Persona (141)
[2015.11.18-19.04.22:960][374]LogModuleManager: Shutting down and abandoning module Kismet (140)
[2015.11.18-19.04.22:991][374]LogModuleManager: Shutting down and abandoning module GraphEditor (139)
[2015.11.18-19.04.23:067][374]LogModuleManager: Shutting down and abandoning module ClassViewer (138)
[2015.11.18-19.04.23:078][374]LogModuleManager: Shutting down and abandoning module Toolbox (137)
[2015.11.18-19.04.23:078][374]LogModuleManager: Shutting down and abandoning module ModuleUI (136)
[2015.11.18-19.04.23:081][374]LogModuleManager: Shutting down and abandoning module MovieSceneTools (135)
[2015.11.18-19.04.23:081][374]LogModuleManager: Shutting down and abandoning module OutputLog (134)
[2015.11.18-19.04.23:146][374]LogModuleManager: Shutting down and abandoning module GammaUI (133)
[2015.11.18-19.04.23:159][374]LogModuleManager: Shutting down and abandoning module Documentation (132)
[2015.11.18-19.04.23:159][374]LogModuleManager: Shutting down and abandoning module GameLiveStreaming (131)
[2015.11.18-19.04.23:167][374]LogModuleManager: Shutting down and abandoning module StreamingPauseRendering (130)
[2015.11.18-19.04.23:167][374]LogModuleManager: Shutting down and abandoning module AnalyticsET (129)
[2015.11.18-19.04.23:167][374]LogModuleManager: Shutting down and abandoning module Analytics (128)
[2015.11.18-19.04.23:167][374]LogModuleManager: Shutting down and abandoning module AITestSuite (127)
[2015.11.18-19.04.23:167][374]LogModuleManager: Shutting down and abandoning module GameplayDebugger (126)
[2015.11.18-19.04.23:167][374]LogModuleManager: Shutting down and abandoning module AIModule (125)
[2015.11.18-19.04.23:167][374]LogModuleManager: Shutting down and abandoning module ProfilerService (124)
[2015.11.18-19.04.23:203][374]LogModuleManager: Shutting down and abandoning module TaskGraph (123)
[2015.11.18-19.04.23:217][374]LogModuleManager: Shutting down and abandoning module SubstanceEditor (122)
[2015.11.18-19.04.23:227][374]LogModuleManager: Shutting down and abandoning module SlateRemote (121)
[2015.11.18-19.04.23:227][374]LogModuleManager: Shutting down and abandoning module SteamVRController (120)
[2015.11.18-19.04.23:227][374]LogModuleManager: Shutting down and abandoning module SteamVR (119)
[2015.11.18-19.04.23:227][374]LogModuleManager: Shutting down and abandoning module ProceduralMeshComponent (118)
[2015.11.18-19.04.23:227][374]LogModuleManager: Shutting down and abandoning module OculusRift (117)
[2015.11.18-19.04.23:227][374]LogModuleManager: Shutting down and abandoning module OculusLibrary (116)
[2015.11.18-19.04.23:227][374]LogModuleManager: Shutting down and abandoning module LeapMotionController (115)
[2015.11.18-19.04.23:234][374]LogModuleManager: Shutting down and abandoning module CustomMeshComponent (114)
[2015.11.18-19.04.23:238][374]LogModuleManager: Shutting down and abandoning module CableComponent (113)
[2015.11.18-19.04.23:238][374]LogModuleManager: Shutting down and abandoning module ArchVisCharacter (112)
[2015.11.18-19.04.23:238][374]LogModuleManager: Shutting down and abandoning module MessagingDebugger (111)
[2015.11.18-19.04.23:255][374]LogModuleManager: Shutting down and abandoning module MediaPlayerEditor (110)
[2015.11.18-19.04.23:267][374]LogModuleManager: Shutting down and abandoning module HTML5Networking (109)
[2015.11.18-19.04.23:267][374]LogModuleManager: Shutting down and abandoning module SpeedTreeImporter (108)
[2015.11.18-19.04.23:267][374]LogModuleManager: Shutting down and abandoning module PluginBrowser (107)
[2015.11.18-19.04.23:267][374]LogModuleManager: Shutting down and abandoning module EpicSurvey (106)
[2015.11.18-19.04.23:267][374]LogModuleManager: Shutting down and abandoning module DesktopPlatform (105)
[2015.11.18-19.04.23:267][374]LogModuleManager: Shutting down and abandoning module VisualStudioSourceCodeAccess (104)
[2015.11.18-19.04.23:267][374]LogModuleManager: Shutting down and abandoning module UObjectPlugin (103)
[2015.11.18-19.04.23:267][374]LogModuleManager: Shutting down and abandoning module SubversionSourceControl (102)
[2015.11.18-19.04.23:267][374]LogModuleManager: Shutting down and abandoning module PerforceSourceControl (101)
[2015.11.18-19.04.23:267][374]LogModuleManager: Shutting down and abandoning module SourceControl (100)
[2015.11.18-19.04.23:267][374]LogModuleManager: Shutting down and abandoning module GitSourceControl (99)
[2015.11.18-19.04.23:267][374]LogModuleManager: Shutting down and abandoning module LightPropagationVolumeEditor (98)
[2015.11.18-19.04.23:267][374]LogModuleManager: Shutting down and abandoning module PaperTiledImporter (97)
[2015.11.18-19.04.23:267][374]LogModuleManager: Shutting down and abandoning module PaperSpriteSheetImporter (96)
[2015.11.18-19.04.23:267][374]LogModuleManager: Shutting down and abandoning module MeshPaint (95)
[2015.11.18-19.04.23:273][374]LogModuleManager: Shutting down and abandoning module SlateReflector (94)
[2015.11.18-19.04.23:280][374]LogModuleManager: Shutting down and abandoning module HotReload (93)
[2015.11.18-19.04.23:280][374]LogModuleManager: Shutting down and abandoning module MainFrame (92)
[2015.11.18-19.04.23:280][374]LogModuleManager: Shutting down and abandoning module LevelEditor (91)
[2015.11.18-19.04.23:283][374]LogModuleManager: Shutting down and abandoning module ContentBrowser (90)
[2015.11.18-19.04.23:284][374]LogModuleManager: Shutting down and abandoning module Paper2DEditor (89)
[2015.11.18-19.04.23:291][374]LogModuleManager: Shutting down and abandoning module UdpMessaging (88)
[2015.11.18-19.04.23:391][374]LogModuleManager: Shutting down and abandoning module DirectoryWatcher (87)
[2015.11.18-19.04.23:391][374]LogModuleManager: Shutting down and abandoning module AssetRegistry (86)
[2015.11.18-19.04.23:513][374]LogModuleManager: Shutting down and abandoning module SubstanceCore (85)
[2015.11.18-19.04.23:513][374]LogModuleManager: Shutting down and abandoning module LightPropagationVolumeRuntime (84)
[2015.11.18-19.04.23:513][374]LogModuleManager: Shutting down and abandoning module Paper2D (83)
[2015.11.18-19.04.23:513][374]LogModuleManager: Shutting down and abandoning module WindowsMoviePlayer (82)
[2015.11.18-19.04.23:524][374]LogModuleManager: Shutting down and abandoning module Media (81)
[2015.11.18-19.04.23:524][374]LogModuleManager: Shutting down and abandoning module WmfMedia (80)
[2015.11.18-19.04.23:533][374]LogModuleManager: Shutting down and abandoning module OnlineBlueprintSupport (79)
[2015.11.18-19.04.23:533][374]LogModuleManager: Shutting down and abandoning module GameplayTasksEditor (78)
[2015.11.18-19.04.23:533][374]LogModuleManager: Shutting down and abandoning module PropertyEditor (77)
[2015.11.18-19.04.23:533][374]LogModuleManager: Shutting down and abandoning module BehaviorTreeEditor (76)
[2015.11.18-19.04.23:552][374]LogModuleManager: Shutting down and abandoning module FunctionalTesting (75)
[2015.11.18-19.04.23:552][374]LogModuleManager: Shutting down and abandoning module CollisionAnalyzer (74)
[2015.11.18-19.04.23:572][374]LogModuleManager: Shutting down and abandoning module WorkspaceMenuStructure (73)
[2015.11.18-19.04.23:572][374]LogModuleManager: Shutting down and abandoning module MessageLog (72)
[2015.11.18-19.04.23:573][374]LogModuleManager: Shutting down and abandoning module Sequencer (71)
[2015.11.18-19.04.23:573][374]LogModuleManager: Shutting down and abandoning module AssetTools (70)
[2015.11.18-19.04.23:590][374]LogModuleManager: Shutting down and abandoning module UMGEditor (69)
[2015.11.18-19.04.23:596][374]LogModuleManager: Shutting down and abandoning module UMG (68)
[2015.11.18-19.04.23:599][374]LogModuleManager: Shutting down and abandoning module Slate (67)
[2015.11.18-19.04.23:599][374]LogModuleManager: Shutting down and abandoning module EditorStyle (66)
[2015.11.18-19.04.23:601][374]LogModuleManager: Shutting down and abandoning module SessionServices (65)
[2015.11.18-19.04.23:601][374]LogModuleManager: Shutting down and abandoning module SourceCodeAccess (64)
[2015.11.18-19.04.23:601][374]LogModuleManager: Shutting down and abandoning module HeadMountedDisplay (63)
[2015.11.18-19.04.23:601][374]LogModuleManager: Shutting down and abandoning module XAudio2 (62)
[2015.11.18-19.04.23:601][374]LogModuleManager: Shutting down and abandoning module Networking (60)
[2015.11.18-19.04.23:601][374]LogModuleManager: Shutting down and abandoning module Core (59)
[2015.11.18-19.04.23:601][374]LogModuleManager: Shutting down and abandoning module KismetCompiler (58)
[2015.11.18-19.04.23:601][374]LogModuleManager: Shutting down and abandoning module PhysXFormats (57)
[2015.11.18-19.04.23:601][374]LogModuleManager: Shutting down and abandoning module MeshUtilities (56)
[2015.11.18-19.04.23:610][374]LogModuleManager: Shutting down and abandoning module CookingStats (55)
[2015.11.18-19.04.23:610][374]LogModuleManager: Shutting down and abandoning module DerivedDataCache (54)
[2015.11.18-19.04.23:690][374]LogDerivedDataCache: Shutdown
[2015.11.18-19.04.23:690][374]LogModuleManager: Shutting down and abandoning module ShaderFormatOpenGL (53)
[2015.11.18-19.04.23:690][374]LogModuleManager: Shutting down and abandoning module ShaderFormatD3D (52)
[2015.11.18-19.04.23:690][374]LogModuleManager: Shutting down and abandoning module MetalShaderFormat (51)
[2015.11.18-19.04.23:690][374]LogModuleManager: Shutting down and abandoning module TextureFormatUncompressed (50)
[2015.11.18-19.04.23:690][374]LogModuleManager: Shutting down and abandoning module TextureFormatPVR (49)
[2015.11.18-19.04.23:690][374]LogModuleManager: Shutting down and abandoning module TextureFormatIntelISPCTexComp (48)
[2015.11.18-19.04.23:690][374]LogModuleManager: Shutting down and abandoning module TextureFormatDXT (47)
[2015.11.18-19.04.23:690][374]LogModuleManager: Shutting down and abandoning module ImageWrapper (46)
[2015.11.18-19.04.23:690][374]LogModuleManager: Shutting down and abandoning module TextureFormatASTC (45)
[2015.11.18-19.04.23:690][374]LogModuleManager: Shutting down and abandoning module TextureFormatAndroid (44)
[2015.11.18-19.04.23:690][374]LogModuleManager: Shutting down and abandoning module AudioFormatOpus (43)
[2015.11.18-19.04.23:690][374]LogModuleManager: Shutting down and abandoning module AudioFormatOgg (42)
[2015.11.18-19.04.23:690][374]LogModuleManager: Shutting down and abandoning module AudioFormatADPCM (41)
[2015.11.18-19.04.23:708][374]LogModuleManager: Shutting down and abandoning module LinuxTargetPlatform (40)
[2015.11.18-19.04.23:708][374]LogModuleManager: Shutting down and abandoning module LinuxServerTargetPlatform (39)
[2015.11.18-19.04.23:708][374]LogModuleManager: Shutting down and abandoning module LinuxNoEditorTargetPlatform (38)
[2015.11.18-19.04.23:708][374]LogModuleManager: Shutting down and abandoning module Messaging (37)
[2015.11.18-19.04.23:708][374]LogModuleManager: Shutting down and abandoning module IOSTargetPlatform (36)
[2015.11.18-19.04.23:708][374]LogModuleManager: Shutting down and abandoning module HTML5TargetPlatform (35)
[2015.11.18-19.04.23:708][374]LogModuleManager: Shutting down and abandoning module Android_PVRTCTargetPlatform (34)
[2015.11.18-19.04.23:719][374]LogModuleManager: Shutting down and abandoning module Android_ETC2TargetPlatform (33)
[2015.11.18-19.04.23:719][374]LogModuleManager: Shutting down and abandoning module Android_ETC1TargetPlatform (32)
[2015.11.18-19.04.23:719][374]LogModuleManager: Shutting down and abandoning module Android_DXTTargetPlatform (31)
[2015.11.18-19.04.23:720][374]LogModuleManager: Shutting down and abandoning module Android_ATCTargetPlatform (30)
[2015.11.18-19.04.23:720][374]LogModuleManager: Shutting down and abandoning module Android_ASTCTargetPlatform (29)
[2015.11.18-19.04.23:720][374]LogModuleManager: Shutting down and abandoning module AndroidTargetPlatform (28)
[2015.11.18-19.04.23:720][374]LogModuleManager: Shutting down and abandoning module WindowsTargetPlatform (27)
[2015.11.18-19.04.23:720][374]LogModuleManager: Shutting down and abandoning module WindowsServerTargetPlatform (26)
[2015.11.18-19.04.23:720][374]LogModuleManager: Shutting down and abandoning module WindowsNoEditorTargetPlatform (25)
[2015.11.18-19.04.23:720][374]LogModuleManager: Shutting down and abandoning module WindowsClientTargetPlatform (24)
[2015.11.18-19.04.23:720][374]LogModuleManager: Shutting down and abandoning module AllDesktopTargetPlatform (23)
[2015.11.18-19.04.23:720][374]LogModuleManager: Shutting down and abandoning module TargetPlatform (22)
[2015.11.18-19.04.23:720][374]LogModuleManager: Shutting down and abandoning module InputCore (21)
[2015.11.18-19.04.23:720][374]LogModuleManager: Shutting down and abandoning module Settings (20)
[2015.11.18-19.04.23:720][374]LogModuleManager: Shutting down and abandoning module OnlineSubsystem (18)
[2015.11.18-19.04.23:720][374]LogModuleManager: Shutting down and abandoning module HTTP (17)
[2015.11.18-19.04.24:720][374]LogModuleManager: Shutting down and abandoning module XMPP (16)
[2015.11.18-19.04.24:753][374]LogModuleManager: Shutting down and abandoning module ExampleDeviceProfileSelector (15)
[2015.11.18-19.04.24:753][374]LogModuleManager: Shutting down and abandoning module TextureCompressor (14)
[2015.11.18-19.04.24:768][374]LogModuleManager: Shutting down and abandoning module ShaderCore (13)
[2015.11.18-19.04.24:768][374]LogModuleManager: Shutting down and abandoning module Landscape (12)
[2015.11.18-19.04.24:768][374]LogModuleManager: Shutting down and abandoning module SlateRHIRenderer (11)
[2015.11.18-19.04.24:769][374]LogModuleManager: Shutting down and abandoning module OpenGLDrv (10)
[2015.11.18-19.04.24:780][374]LogModuleManager: Shutting down and abandoning module D3D11RHI (9)
[2015.11.18-19.04.24:780][374]LogModuleManager: Shutting down and abandoning module AnimGraphRuntime (8)
[2015.11.18-19.04.24:780][374]LogModuleManager: Shutting down and abandoning module Renderer (7)
[2015.11.18-19.04.24:780][374]LogModuleManager: Shutting down and abandoning module Engine (6)
[2015.11.18-19.04.24:780][374]LogModuleManager: Shutting down and abandoning module CoreUObject (5)
[2015.11.18-19.04.24:780][374]LogModuleManager: Shutting down and abandoning module NetworkFile (4)
[2015.11.18-19.04.24:780][374]LogModuleManager: Shutting down and abandoning module StreamingFile (3)
[2015.11.18-19.04.24:780][374]LogModuleManager: Shutting down and abandoning module SandboxFile (2)
[2015.11.18-19.04.24:780][374]LogModuleManager: Shutting down and abandoning module PakFile (1)
[2015.11.18-19.04.24:785][374]LogExit: Exiting.
[2015.11.18-19.04.24:810][374]Log file closed, 11/18/15 19:04:24
