[2015.11.17-18.04.24:894][  0]Log file open, 11/17/15 18:04:24
[2015.11.17-18.04.24:894][  0]LogInit:Display: Running engine for game: MaidRunner_AD_05
[2015.11.17-18.04.24:894][  0]LogInit:Display: RandInit(2034799880) SRandInit(2034799881).
[2015.11.17-18.04.24:894][  0]LogTaskGraph: Started task graph with 4 named threads and 7 total threads.
[2015.11.17-18.04.24:894][  0]LogStats: Stats thread started at 0.075029
[2015.11.17-18.04.24:894][  0]LogInit: Version: 4.9.2-2707645+++depot+UE4-Releases+4.9
[2015.11.17-18.04.24:894][  0]LogInit: API Version: 2672455
[2015.11.17-18.04.24:894][  0]LogInit: Compiled (64-bit): Sep 28 2015 10:25:44
[2015.11.17-18.04.24:894][  0]LogInit: Compiled with Visual C++: 18.00.21005.01
[2015.11.17-18.04.24:894][  0]LogInit: Build Configuration: Development
[2015.11.17-18.04.24:894][  0]LogInit: Branch Name: ++depot+UE4-Releases+4.9
[2015.11.17-18.04.24:894][  0]LogInit: Command line:  
[2015.11.17-18.04.24:894][  0]LogInit: Base directory: C:/Program Files/Epic Games/4.9/Engine/Binaries/Win64/
[2015.11.17-18.04.24:894][  0]LogInit: Rocket: 1
[2015.11.17-18.04.24:903][  0]LogInit: Using libcurl 7.41.0
[2015.11.17-18.04.24:903][  0]LogInit:  - built for x86_64-pc-win32
[2015.11.17-18.04.24:903][  0]LogInit:  - supports SSL with WinSSL
[2015.11.17-18.04.24:903][  0]LogInit:  - other features:
[2015.11.17-18.04.24:903][  0]LogInit:      CURL_VERSION_SSL
[2015.11.17-18.04.24:903][  0]LogInit:      CURL_VERSION_IPV6
[2015.11.17-18.04.24:903][  0]LogInit:      CURL_VERSION_ASYNCHDNS
[2015.11.17-18.04.24:903][  0]LogInit:      CURL_VERSION_LARGEFILE
[2015.11.17-18.04.24:904][  0]LogInit:      CURL_VERSION_IDN
[2015.11.17-18.04.24:904][  0]LogInit:  CurlRequestOptions (configurable via config and command line):
[2015.11.17-18.04.24:904][  0]LogInit:  - bVerifyPeer = true  - Libcurl will verify peer certificate
[2015.11.17-18.04.24:904][  0]LogInit:  - bUseHttpProxy = false  - Libcurl will NOT use HTTP proxy
[2015.11.17-18.04.24:904][  0]LogInit:  - bDontReuseConnections = false  - Libcurl will reuse connections
[2015.11.17-18.04.24:904][  0]LogInit:  - CertBundlePath = nullptr  - Libcurl will use whatever was configured at build time.
[2015.11.17-18.04.24:913][  0]LogInit: Presizing for 0 objects not considered by GC, pre-allocating 0 bytes.
[2015.11.17-18.04.24:924][  0]LogInit: Object subsystem initialized
[2015.11.17-18.04.24:927][  0]LogInit: Selected Device Profile: [Windows]
[2015.11.17-18.04.24:927][  0]LogInit: Applying CVar settings loaded from the selected device profile: [Windows]
[2015.11.17-18.04.24:939][  0]LogInit: Computer: PHOENIX
[2015.11.17-18.04.24:939][  0]LogInit: User: Beren
[2015.11.17-18.04.24:939][  0]LogInit: CPU Page size=4096, Cores=4
[2015.11.17-18.04.24:939][  0]LogInit: High frequency timer resolution =2.734404 MHz
[2015.11.17-18.04.24:939][  0]LogMemory: Memory total: Physical=8.0GB (8GB approx)
[2015.11.17-18.04.24:939][  0]LogMemory: Platform Memory Stats for Windows
[2015.11.17-18.04.24:939][  0]LogMemory: Process Physical Memory: 54.17 MB used, 54.17 MB peak
[2015.11.17-18.04.24:939][  0]LogMemory: Process Virtual Memory: 56.61 MB used, 56.61 MB peak
[2015.11.17-18.04.24:939][  0]LogMemory: Physical Memory: 4793.99 MB used, 8150.99 MB total
[2015.11.17-18.04.24:939][  0]LogMemory: Virtual Memory: 334.34 MB used, 8388608.00 MB total
[2015.11.17-18.04.24:982][  0]LogTextLocalizationManager: No specific translations for ('en-GB') exist, so ('en') translations will be used.
[2015.11.17-18.04.25:978][  0]LogD3D11RHI: Found D3D11 adapter 0: AMD Radeon HD 6900 Series (Feature Level 11_0)
[2015.11.17-18.04.25:978][  0]LogD3D11RHI: Adapter has 2032MB of dedicated video memory, 0MB of dedicated system memory, and 3819MB of shared system memory, 1 output[s]
[2015.11.17-18.04.25:978][  0]LogD3D11RHI: Chosen D3D11 Adapter Id = 0
[2015.11.17-18.04.25:982][  0]LogD3D11RHI: !Direct3DDevice
[2015.11.17-18.04.25:983][  0]LogRHI: Texture pool is 1361 MB (70% of 1945 MB)
[2015.11.17-18.04.25:990][  0]LogD3D11RHI: Async texture creation disabled: no driver support
[2015.11.17-18.04.26:000][  0]LogShaderCompilers: Guid format shader working directory is 16 characters bigger than the processId version (../../../../../../Users/Beren/Documents/University/Year 2/Game Engine and Assets/Unreal Projects/MaidRunner_AD_05/Intermediate/Shaders/WorkingDirectory/836/).
[2015.11.17-18.04.26:001][  0]LogShaderCompilers: Cleaned the shader compiler working directory '../../../../../../Users/Beren/Documents/University/Year 2/Game Engine and Assets/Unreal Projects/MaidRunner_AD_05/Intermediate/Shaders/tmp/C04C881548CCBD0B117356B3FE4A9385/'.
[2015.11.17-18.04.26:001][  0]LogShaderCompilers:Display: Using Local Shader Compiler.
[2015.11.17-18.04.27:778][  0]LogTemp:Display: Loaded TP AllDesktopTargetPlatform
[2015.11.17-18.04.27:785][  0]LogTemp:Display: Loaded TP WindowsClientTargetPlatform
[2015.11.17-18.04.27:793][  0]LogTemp:Display: Loaded TP WindowsNoEditorTargetPlatform
[2015.11.17-18.04.27:800][  0]LogTemp:Display: Loaded TP WindowsServerTargetPlatform
[2015.11.17-18.04.27:807][  0]LogTemp:Display: Loaded TP WindowsTargetPlatform
[2015.11.17-18.04.27:812][  0]LogTemp:Display: Loaded TP AndroidTargetPlatform
[2015.11.17-18.04.27:817][  0]LogTemp:Display: Loaded TP Android_ASTCTargetPlatform
[2015.11.17-18.04.27:823][  0]LogTemp:Display: Loaded TP Android_ATCTargetPlatform
[2015.11.17-18.04.27:828][  0]LogTemp:Display: Loaded TP Android_DXTTargetPlatform
[2015.11.17-18.04.27:833][  0]LogTemp:Display: Loaded TP Android_ETC1TargetPlatform
[2015.11.17-18.04.27:839][  0]LogTemp:Display: Loaded TP Android_ETC2TargetPlatform
[2015.11.17-18.04.27:844][  0]LogTemp:Display: Loaded TP Android_PVRTCTargetPlatform
[2015.11.17-18.04.27:845][  0]LogTemp:Display: Loaded TP HTML5TargetPlatform
[2015.11.17-18.04.27:865][  0]LogTemp:Display: Loaded TP IOSTargetPlatform
[2015.11.17-18.04.27:870][  0]LogTemp:Display: Loaded TP LinuxNoEditorTargetPlatform
[2015.11.17-18.04.27:875][  0]LogTemp:Display: Loaded TP LinuxServerTargetPlatform
[2015.11.17-18.04.27:880][  0]LogTemp:Display: Loaded TP LinuxTargetPlatform
[2015.11.17-18.04.27:880][  0]LogTargetPlatformManager:Display: Building Assets For Windows
[2015.11.17-18.04.27:985][  0]LogDerivedDataCache:Display: Max Cache Size: 512 MB
[2015.11.17-18.04.28:047][  0]LogDerivedDataCache: Loaded boot cache 0.06s 41MB C:/Users/Beren/AppData/Local/UnrealEngine/4.9/DerivedDataCache/Boot.ddc.
[2015.11.17-18.04.28:047][  0]LogDerivedDataCache:Display: Loaded Boot cache: C:/Users/Beren/AppData/Local/UnrealEngine/4.9/DerivedDataCache/Boot.ddc
[2015.11.17-18.04.28:047][  0]LogDerivedDataCache: FDerivedDataBackendGraph:  Pak pak cache file ../../../../../../Users/Beren/Documents/University/Year 2/Game Engine and Assets/Unreal Projects/MaidRunner_AD_05/DerivedDataCache/DDC.ddp not found, will not use a pak cache.
[2015.11.17-18.04.28:047][  0]LogDerivedDataCache: Unable to find inner node Pak for hierarchical cache Hierarchy.
[2015.11.17-18.04.28:047][  0]LogDerivedDataCache: FDerivedDataBackendGraph:  CompressedPak pak cache file ../../../../../../Users/Beren/Documents/University/Year 2/Game Engine and Assets/Unreal Projects/MaidRunner_AD_05/DerivedDataCache/Compressed.ddp not found, will not use a pak cache.
[2015.11.17-18.04.28:047][  0]LogDerivedDataCache: Unable to find inner node CompressedPak for hierarchical cache Hierarchy.
[2015.11.17-18.04.28:239][  0]LogDerivedDataCache:Display: Pak cache opened for reading ../../../Engine/DerivedDataCache/Compressed.ddp.
[2015.11.17-18.04.28:251][  0]LogDerivedDataCache: Using Local data cache path C:/Users/Beren/AppData/Local/UnrealEngine/Common/DerivedDataCache: Writable
[2015.11.17-18.04.28:535][  0]LogInit: Selected Device Profile: [Windows]
[2015.11.17-18.04.28:535][  0]LogContentStreaming: Texture pool size is 0.000000MB
[2015.11.17-18.04.28:568][  0]LogMeshUtilities: No automatic mesh reduction module available
[2015.11.17-18.04.28:568][  0]LogMeshUtilities: No automatic mesh merging module available
[2015.11.17-18.04.29:090][  0]LogInit: WinSock: version 1.1 (2.2), MaxSocks=32767, MaxUdp=65467
[2015.11.17-18.04.30:462][  0]LogAssetRegistry: FAssetRegistry took 0.0098 seconds to start up
[2015.11.17-18.04.30:478][  0]UdpMessaging: Initializing bridge on interface 0.0.0.0:0 to multicast group 230.0.0.1:6666.
[2015.11.17-18.04.30:787][  0]SourceControl: Info Source control is disabled
[2015.11.17-18.04.30:788][  0]SourceControl: Info Source control is disabled
[2015.11.17-18.04.30:800][  0]SourceControl: Info Source control is disabled
[2015.11.17-18.04.30:811][  0]SourceControl: Info Source control is disabled
[2015.11.17-18.04.30:971][  0]LogLinker:Warning: Asset '../../../Engine/Plugins/Runtime/LeapMotionController/Content/LM_PassthroughMaterial.uasset' has been saved with empty engine version. The asset will be loaded but may be incompatible.
[2015.11.17-18.04.31:072][  0]LogObj: 28528 objects as part of root set at end of initial load.
[2015.11.17-18.04.31:073][  0]LogUObjectAllocator: 6068464 out of 0 bytes used by permanent object pool.
[2015.11.17-18.04.31:143][  0]LogEngine: Initializing Engine...
[2015.11.17-18.04.31:145][  0]LogHMD: Can't find Oculus library dev build: is proper Runtime installed? Version: 0.7.0.0
[2015.11.17-18.04.31:146][  0]LogHMD: SteamVR failed to initialize.  Err: 110
[2015.11.17-18.04.31:306][  0]LogAIModule: Creating AISystem for world NewWorld
[2015.11.17-18.04.31:316][  0]LogInit: XAudio2 using 'Speakers (VIA HD Audio)' : 2 channels at 48 kHz using 32 bits per sample (channel mask 0x3)
[2015.11.17-18.04.31:352][  0]LogInit: FAudioDevice initialized.
[2015.11.17-18.04.31:401][  0]LogDerivedDataCache: Saved boot cache 0.05s 41MB C:/Users/Beren/AppData/Local/UnrealEngine/4.9/DerivedDataCache/Boot.ddc.
[2015.11.17-18.04.31:408][  0]LogInit: Texture streaming: Enabled
[2015.11.17-18.04.31:414][  0]LogAnalytics: Creating configured Analytics provider AnalyticsET
[2015.11.17-18.04.31:414][  0]LogAnalytics: [UEEditor.Rocket.Release] APIServer = http://et2.epicgames.com/ET2/. AppVersion = 4.9.2-2707645+++depot+UE4-Releases+4.9
[2015.11.17-18.04.31:414][  0]LogAnalytics: [UEEditor.Rocket.Release] SetUserId 3ab26a0a4fcf02a9d7a1c0b18ce06c6d|1a9fd4cccc794e438b183d4a2d921f67|3d9614c9-529e-4188-9376-3f0e091b9e40
[2015.11.17-18.04.31:414][  0]LogAnalytics: [UEEditor.Rocket.Release] AnalyticsET::StartSession
[2015.11.17-18.04.31:434][  0]LogInit: Transaction tracking system initialized
[2015.11.17-18.04.31:465][  0]BlueprintLog: New page: Editor Load
[2015.11.17-18.04.31:555][  0]LocalizationService: Info Localization service is disabled
[2015.11.17-18.04.31:658][  0]LogConsoleResponse:Display: 
[2015.11.17-18.04.31:802][  0]LogCook:Display: Done creating registry. It took  0.00s.
[2015.11.17-18.04.31:869][  0]LogFileCache: Scanning file cache for directory 'C:/Users/Beren/Documents/University/Year 2/Game Engine and Assets/Unreal Projects/MaidRunner_AD_05/Content/' took 0.01s
[2015.11.17-18.04.31:869][  0]SourceControl: Info Source control is disabled
[2015.11.17-18.04.31:870][  0]LightingResults: New page: Lighting Build
[2015.11.17-18.04.31:874][  0]MapCheck: New page: Map Check
[2015.11.17-18.04.31:874][  0]LightingResults: New page: Lighting Build
[2015.11.17-18.04.31:887][  0]LogParticles: Destroying 0 GPU particle simulations for FXSystem 0x000000001F910400
[2015.11.17-18.04.32:389][  0]LogAIModule: Creating AISystem for world ThirdPersonExampleMap
[2015.11.17-18.04.32:398][  0]LogEditorServer: Finished looking for orphan Actors (0.000 secs)
[2015.11.17-18.04.32:398][  0]Cmd: MAP CHECKDEP NOCLEARLOG
[2015.11.17-18.04.32:459][  0]MapCheck: Info Map check complete: 0 Error(s), 0 Warning(s), took 60.537ms to complete.
[2015.11.17-18.04.32:459][  0]LogFileHelpers: Loading map 'ThirdPersonExampleMap' took 0.589
[2015.11.17-18.04.32:593][  0]LogCollectionManager: Loaded 0 collections in 0.003087 seconds
[2015.11.17-18.04.32:633][  0]LogFileCache: Scanning file cache for directory 'C:/Users/Beren/Documents/University/Year 2/Game Engine and Assets/Unreal Projects/MaidRunner_AD_05/Saved/Collections/' took 0.01s
[2015.11.17-18.04.32:633][  0]LogFileCache: Scanning file cache for directory 'C:/Users/Beren/Documents/University/Year 2/Game Engine and Assets/Unreal Projects/MaidRunner_AD_05/Content/Developers/Beren/Collections/' took 0.01s
[2015.11.17-18.04.32:633][  0]LogFileCache: Scanning file cache for directory 'C:/Users/Beren/Documents/University/Year 2/Game Engine and Assets/Unreal Projects/MaidRunner_AD_05/Content/Collections/' took 0.01s
[2015.11.17-18.04.32:633][  0]LogContentBrowser: Native class hierarchy populated in 0.0101 seconds. Added 1882 classes and 339 folders.
[2015.11.17-18.04.32:644][  0]LogCollectionManager: Rebuilt the GUID cache for 0 collections in 0.000003 seconds
[2015.11.17-18.04.32:658][  0]LogContentBrowser: Native class hierarchy updated for 'WidgetCarousel' in 0.0004 seconds. Added 0 classes and 0 folders.
[2015.11.17-18.04.32:727][  0]LogContentBrowser: Native class hierarchy updated for 'AddContentDialog' in 0.0004 seconds. Added 0 classes and 0 folders.
[2015.11.17-18.04.32:732][  0]LogContentBrowser: Native class hierarchy updated for 'SceneOutliner' in 0.0004 seconds. Added 1 classes and 2 folders.
[2015.11.17-18.04.32:767][  0]LogCrashTracker: Crashtracker disabled due to settings.
[2015.11.17-18.04.32:771][  0]LogUObjectGlobals:Warning: Failed to find object 'Class None.'
[2015.11.17-18.04.32:791][  0]LogLoad: Full Startup: 8.62 seconds (BP compile: 0.07 seconds)
[2015.11.17-18.04.32:877][  0]LogContentStreaming: Texture pool size now 1000 MB
[2015.11.17-18.04.33:047][  0]LogRenderer: Reallocating scene render targets to support 832x456 (Frame:2).
[2015.11.17-18.04.33:798][  4]LogAssetRegistry: Asset discovery search completed in 3.3466 seconds
[2015.11.17-18.04.33:798][  4]LogCollectionManager: Rebuilt the object cache for 0 collections in 0.000001 seconds (found 0 objects)
[2015.11.17-18.04.33:798][  4]LogCollectionManager: Fixed up redirectors for 0 collections in 0.000028 seconds (updated 0 objects)
[2015.11.17-18.07.29:828][221]SourceControl:Error: Error Failed to enable Git source control. You need to initialize the project as a Git repository first.
[2015.11.17-18.08.35:465][161]SourceControl:Error: Error Failed to enable Git source control. You need to initialize the project as a Git repository first.
[2015.11.17-18.09.35:153][996]SourceControl: Info Source control is disabled
[2015.11.17-19.39.26:318][137]LogSavePackage: Save=285.011292ms
[2015.11.17-19.39.26:318][137]LogSavePackage: Moving '../../../../../../Users/Beren/Documents/University/Year 2/Game Engine and Assets/Unreal Projects/MaidRunner_AD_05/Saved/initialShadingGroupC27276204C09BC41D91911A558927542.tmp' to '../../../../../../Users/Beren/Documents/University/Year 2/Game Engine and Assets/Unreal Projects/MaidRunner_AD_05/Content/Materials/initialShadingGroup.uasset'
[2015.11.17-19.39.26:411][137]LogSavePackage: Total save time: 410.332929ms
[2015.11.17-19.39.26:411][137]LogSavePackage:Warning: Finished SavePackage ../../../../../../Users/Beren/Documents/University/Year 2/Game Engine and Assets/Unreal Projects/MaidRunner_AD_05/Content/Materials/initialShadingGroup.uasset
[2015.11.17-19.39.26:479][137]LogSavePackage: Save=13.430715ms
[2015.11.17-19.39.26:479][137]LogSavePackage: Moving '../../../../../../Users/Beren/Documents/University/Year 2/Game Engine and Assets/Unreal Projects/MaidRunner_AD_05/Saved/lambert1518E3D48480006E15FA2A482936E383B.tmp' to '../../../../../../Users/Beren/Documents/University/Year 2/Game Engine and Assets/Unreal Projects/MaidRunner_AD_05/Content/Materials/lambert1.uasset'
[2015.11.17-19.39.26:483][137]LogSavePackage: Total save time: 17.013215ms
[2015.11.17-19.39.26:483][137]LogSavePackage:Warning: Finished SavePackage ../../../../../../Users/Beren/Documents/University/Year 2/Game Engine and Assets/Unreal Projects/MaidRunner_AD_05/Content/Materials/lambert1.uasset
[2015.11.17-19.39.26:565][137]LogSavePackage: Save=14.278797ms
[2015.11.17-19.39.26:565][137]LogSavePackage: Moving '../../../../../../Users/Beren/Documents/University/Year 2/Game Engine and Assets/Unreal Projects/MaidRunner_AD_05/Saved/lambert2A2B874F146AE6EEFF2628BBEAAD82815.tmp' to '../../../../../../Users/Beren/Documents/University/Year 2/Game Engine and Assets/Unreal Projects/MaidRunner_AD_05/Content/Materials/lambert2.uasset'
[2015.11.17-19.39.26:569][137]LogSavePackage: Total save time: 17.944310ms
[2015.11.17-19.39.26:569][137]LogSavePackage:Warning: Finished SavePackage ../../../../../../Users/Beren/Documents/University/Year 2/Game Engine and Assets/Unreal Projects/MaidRunner_AD_05/Content/Materials/lambert2.uasset
[2015.11.17-19.39.26:616][137]LogSavePackage: Save=14.127028ms
[2015.11.17-19.39.26:616][137]LogSavePackage: Moving '../../../../../../Users/Beren/Documents/University/Year 2/Game Engine and Assets/Unreal Projects/MaidRunner_AD_05/Saved/lambert2SG15A4D6E44DEE5B9DD6F7C1972FC443C6.tmp' to '../../../../../../Users/Beren/Documents/University/Year 2/Game Engine and Assets/Unreal Projects/MaidRunner_AD_05/Content/Materials/lambert2SG.uasset'
[2015.11.17-19.39.26:619][137]LogSavePackage: Total save time: 17.580796ms
[2015.11.17-19.39.26:619][137]LogSavePackage:Warning: Finished SavePackage ../../../../../../Users/Beren/Documents/University/Year 2/Game Engine and Assets/Unreal Projects/MaidRunner_AD_05/Content/Materials/lambert2SG.uasset
[2015.11.17-19.39.26:668][137]LogSavePackage: Save=14.139827ms
[2015.11.17-19.39.26:668][137]LogSavePackage: Moving '../../../../../../Users/Beren/Documents/University/Year 2/Game Engine and Assets/Unreal Projects/MaidRunner_AD_05/Saved/lambert3C1207D3D4DAE73B2E5041BB62A3C0031.tmp' to '../../../../../../Users/Beren/Documents/University/Year 2/Game Engine and Assets/Unreal Projects/MaidRunner_AD_05/Content/Materials/lambert3.uasset'
[2015.11.17-19.39.26:671][137]LogSavePackage: Total save time: 17.571654ms
[2015.11.17-19.39.26:671][137]LogSavePackage:Warning: Finished SavePackage ../../../../../../Users/Beren/Documents/University/Year 2/Game Engine and Assets/Unreal Projects/MaidRunner_AD_05/Content/Materials/lambert3.uasset
[2015.11.17-19.39.26:731][137]LogSavePackage: Save=14.083142ms
[2015.11.17-19.39.26:731][137]LogSavePackage: Moving '../../../../../../Users/Beren/Documents/University/Year 2/Game Engine and Assets/Unreal Projects/MaidRunner_AD_05/Saved/lambert3SG188FF6014CDDB622C5DA8189084B4C50.tmp' to '../../../../../../Users/Beren/Documents/University/Year 2/Game Engine and Assets/Unreal Projects/MaidRunner_AD_05/Content/Materials/lambert3SG.uasset'
[2015.11.17-19.39.26:748][137]LogSavePackage: Total save time: 31.234961ms
[2015.11.17-19.39.26:748][137]LogSavePackage:Warning: Finished SavePackage ../../../../../../Users/Beren/Documents/University/Year 2/Game Engine and Assets/Unreal Projects/MaidRunner_AD_05/Content/Materials/lambert3SG.uasset
[2015.11.17-19.39.26:842][137]LogSavePackage: Save=47.831264ms
[2015.11.17-19.39.26:842][137]LogSavePackage: Moving '../../../../../../Users/Beren/Documents/University/Year 2/Game Engine and Assets/Unreal Projects/MaidRunner_AD_05/Saved/lambert4A4BBF60745DB53DB2FE9BA9C20F595E5.tmp' to '../../../../../../Users/Beren/Documents/University/Year 2/Game Engine and Assets/Unreal Projects/MaidRunner_AD_05/Content/Materials/lambert4.uasset'
[2015.11.17-19.39.26:846][137]LogSavePackage: Total save time: 51.693533ms
[2015.11.17-19.39.26:846][137]LogSavePackage:Warning: Finished SavePackage ../../../../../../Users/Beren/Documents/University/Year 2/Game Engine and Assets/Unreal Projects/MaidRunner_AD_05/Content/Materials/lambert4.uasset
[2015.11.17-19.39.26:895][137]LogSavePackage: Save=16.379803ms
[2015.11.17-19.39.26:895][137]LogSavePackage: Moving '../../../../../../Users/Beren/Documents/University/Year 2/Game Engine and Assets/Unreal Projects/MaidRunner_AD_05/Saved/lambert4SG64D45D3943402C02ED9D1099BCEB94CB.tmp' to '../../../../../../Users/Beren/Documents/University/Year 2/Game Engine and Assets/Unreal Projects/MaidRunner_AD_05/Content/Materials/lambert4SG.uasset'
[2015.11.17-19.39.26:899][137]LogSavePackage: Total save time: 20.004723ms
[2015.11.17-19.39.26:899][137]LogSavePackage:Warning: Finished SavePackage ../../../../../../Users/Beren/Documents/University/Year 2/Game Engine and Assets/Unreal Projects/MaidRunner_AD_05/Content/Materials/lambert4SG.uasset
[2015.11.17-19.39.26:974][137]LogSavePackage: Save=13.461800ms
[2015.11.17-19.39.26:974][137]LogSavePackage: Moving '../../../../../../Users/Beren/Documents/University/Year 2/Game Engine and Assets/Unreal Projects/MaidRunner_AD_05/Saved/Material__2569976C3543579E4158A4F79092295404.tmp' to '../../../../../../Users/Beren/Documents/University/Year 2/Game Engine and Assets/Unreal Projects/MaidRunner_AD_05/Content/Materials/Material__25.uasset'
[2015.11.17-19.39.26:977][137]LogSavePackage: Total save time: 17.150719ms
[2015.11.17-19.39.26:977][137]LogSavePackage:Warning: Finished SavePackage ../../../../../../Users/Beren/Documents/University/Year 2/Game Engine and Assets/Unreal Projects/MaidRunner_AD_05/Content/Materials/Material__25.uasset
[2015.11.17-19.39.27:053][137]LogSavePackage: Save=13.297596ms
[2015.11.17-19.39.27:053][137]LogSavePackage: Moving '../../../../../../Users/Beren/Documents/University/Year 2/Game Engine and Assets/Unreal Projects/MaidRunner_AD_05/Saved/Material__5444C82DED40F0F732EA6290B2E349E119.tmp' to '../../../../../../Users/Beren/Documents/University/Year 2/Game Engine and Assets/Unreal Projects/MaidRunner_AD_05/Content/Materials/Material__54.uasset'
[2015.11.17-19.39.27:057][137]LogSavePackage: Total save time: 17.073192ms
[2015.11.17-19.39.27:057][137]LogSavePackage:Warning: Finished SavePackage ../../../../../../Users/Beren/Documents/University/Year 2/Game Engine and Assets/Unreal Projects/MaidRunner_AD_05/Content/Materials/Material__54.uasset
[2015.11.17-19.39.27:138][137]LogSavePackage: Save=49.174519ms
[2015.11.17-19.39.27:138][137]LogSavePackage: Moving '../../../../../../Users/Beren/Documents/University/Year 2/Game Engine and Assets/Unreal Projects/MaidRunner_AD_05/Saved/WhiteWallE024DD5D44C34725B214B4B53356D91C.tmp' to '../../../../../../Users/Beren/Documents/University/Year 2/Game Engine and Assets/Unreal Projects/MaidRunner_AD_05/Content/Materials/WhiteWall.uasset'
[2015.11.17-19.39.27:141][137]LogSavePackage: Total save time: 52.748241ms
[2015.11.17-19.39.27:141][137]LogSavePackage:Warning: Finished SavePackage ../../../../../../Users/Beren/Documents/University/Year 2/Game Engine and Assets/Unreal Projects/MaidRunner_AD_05/Content/Materials/WhiteWall.uasset
[2015.11.17-19.39.28:378][137]LogSavePackage: Save=2.219131ms
[2015.11.17-19.39.28:378][137]LogSavePackage: Moving '../../../../../../Users/Beren/Documents/University/Year 2/Game Engine and Assets/Unreal Projects/MaidRunner_AD_05/Saved/WhiteWall59F6FE914BCB4FD98CA61E945C36438D.tmp' to '../../../../../../Users/Beren/Documents/University/Year 2/Game Engine and Assets/Unreal Projects/MaidRunner_AD_05/Content/Assets/WhiteWall.uasset'
[2015.11.17-19.39.28:435][137]LogSavePackage: Total save time: 1286.818258ms
[2015.11.17-19.39.28:435][137]LogSavePackage:Warning: Finished SavePackage ../../../../../../Users/Beren/Documents/University/Year 2/Game Engine and Assets/Unreal Projects/MaidRunner_AD_05/Content/Assets/WhiteWall.uasset
[2015.11.17-19.39.28:483][137]LogSavePackage: Save=12.906286ms
[2015.11.17-19.39.28:483][137]LogSavePackage: Moving '../../../../../../Users/Beren/Documents/University/Year 2/Game Engine and Assets/Unreal Projects/MaidRunner_AD_05/Saved/WhiteWall_MatF9042EB44476AEA3632B13ACC15DF45A.tmp' to '../../../../../../Users/Beren/Documents/University/Year 2/Game Engine and Assets/Unreal Projects/MaidRunner_AD_05/Content/Materials/WhiteWall_Mat.uasset'
[2015.11.17-19.39.28:486][137]LogSavePackage: Total save time: 16.471229ms
[2015.11.17-19.39.28:486][137]LogSavePackage:Warning: Finished SavePackage ../../../../../../Users/Beren/Documents/University/Year 2/Game Engine and Assets/Unreal Projects/MaidRunner_AD_05/Content/Materials/WhiteWall_Mat.uasset
[2015.11.17-19.39.28:526][137]LogSavePackage: Save=1.427368ms
[2015.11.17-19.39.28:526][137]LogSavePackage: Moving '../../../../../../Users/Beren/Documents/University/Year 2/Game Engine and Assets/Unreal Projects/MaidRunner_AD_05/Saved/WhiteWall_Mat2DEE776F4A0602EA929A2593279700F1.tmp' to '../../../../../../Users/Beren/Documents/University/Year 2/Game Engine and Assets/Unreal Projects/MaidRunner_AD_05/Content/Assets/WhiteWall_Mat.uasset'
[2015.11.17-19.39.28:545][137]LogSavePackage: Total save time: 27.388051ms
[2015.11.17-19.39.28:545][137]LogSavePackage:Warning: Finished SavePackage ../../../../../../Users/Beren/Documents/University/Year 2/Game Engine and Assets/Unreal Projects/MaidRunner_AD_05/Content/Assets/WhiteWall_Mat.uasset
[2015.11.17-19.39.29:296][137]LogSavePackage: Save=12.397948ms
[2015.11.17-19.39.29:296][137]LogSavePackage: Moving '../../../../../../Users/Beren/Documents/University/Year 2/Game Engine and Assets/Unreal Projects/MaidRunner_AD_05/Saved/obj_AD_stuffedchair6DA8D6A8484453C08EC192A605DF2701.tmp' to '../../../../../../Users/Beren/Documents/University/Year 2/Game Engine and Assets/Unreal Projects/MaidRunner_AD_05/Content/Assets/obj_AD_stuffedchair.uasset'
[2015.11.17-19.39.29:299][137]LogSavePackage: Total save time: 22.872258ms
[2015.11.17-19.39.29:299][137]LogSavePackage:Warning: Finished SavePackage ../../../../../../Users/Beren/Documents/University/Year 2/Game Engine and Assets/Unreal Projects/MaidRunner_AD_05/Content/Assets/obj_AD_stuffedchair.uasset
[2015.11.17-19.39.29:442][137]LogSavePackage: Save=13.423401ms
[2015.11.17-19.39.29:442][137]LogSavePackage: Moving '../../../../../../Users/Beren/Documents/University/Year 2/Game Engine and Assets/Unreal Projects/MaidRunner_AD_05/Saved/Drawer0DD4693C40D2441E9CBFF5B95312F15D.tmp' to '../../../../../../Users/Beren/Documents/University/Year 2/Game Engine and Assets/Unreal Projects/MaidRunner_AD_05/Content/Assets/Drawer.uasset'
[2015.11.17-19.39.29:445][137]LogSavePackage: Total save time: 102.943089ms
[2015.11.17-19.39.29:445][137]LogSavePackage:Warning: Finished SavePackage ../../../../../../Users/Beren/Documents/University/Year 2/Game Engine and Assets/Unreal Projects/MaidRunner_AD_05/Content/Assets/Drawer.uasset
[2015.11.17-19.39.29:530][137]LogSavePackage: Save=12.896412ms
[2015.11.17-19.39.29:530][137]LogSavePackage: Moving '../../../../../../Users/Beren/Documents/University/Year 2/Game Engine and Assets/Unreal Projects/MaidRunner_AD_05/Saved/StuffedChair563DF9A04B2BE229D5BB94AAA3E23DDC.tmp' to '../../../../../../Users/Beren/Documents/University/Year 2/Game Engine and Assets/Unreal Projects/MaidRunner_AD_05/Content/Assets/StuffedChair.uasset'
[2015.11.17-19.39.29:532][137]LogSavePackage: Total save time: 54.968104ms
[2015.11.17-19.39.29:532][137]LogSavePackage:Warning: Finished SavePackage ../../../../../../Users/Beren/Documents/University/Year 2/Game Engine and Assets/Unreal Projects/MaidRunner_AD_05/Content/Assets/StuffedChair.uasset
[2015.11.17-19.39.29:586][137]LogSavePackage: Save=13.639170ms
[2015.11.17-19.39.29:586][137]LogSavePackage: Moving '../../../../../../Users/Beren/Documents/University/Year 2/Game Engine and Assets/Unreal Projects/MaidRunner_AD_05/Saved/WindowFA453B47435C588A1C9D36B5D4AE0C34.tmp' to '../../../../../../Users/Beren/Documents/University/Year 2/Game Engine and Assets/Unreal Projects/MaidRunner_AD_05/Content/Assets/Window.uasset'
[2015.11.17-19.39.29:589][137]LogSavePackage: Total save time: 23.844685ms
[2015.11.17-19.39.29:589][137]LogSavePackage:Warning: Finished SavePackage ../../../../../../Users/Beren/Documents/University/Year 2/Game Engine and Assets/Unreal Projects/MaidRunner_AD_05/Content/Assets/Window.uasset
[2015.11.17-19.39.29:604][137]LogSavePackage: Save=2.875947ms
[2015.11.17-19.39.29:604][137]LogSavePackage: Moving '../../../../../../Users/Beren/Documents/University/Year 2/Game Engine and Assets/Unreal Projects/MaidRunner_AD_05/Saved/StuffedChair4DFF34504BA8FBD4CF2291829935BED6.tmp' to '../../../../../../Users/Beren/Documents/University/Year 2/Game Engine and Assets/Unreal Projects/MaidRunner_AD_05/Content/Assets/StuffedChair.uasset'
[2015.11.17-19.39.29:606][137]LogSavePackage: Total save time: 11.650804ms
[2015.11.17-19.39.29:606][137]LogSavePackage:Warning: Finished SavePackage ../../../../../../Users/Beren/Documents/University/Year 2/Game Engine and Assets/Unreal Projects/MaidRunner_AD_05/Content/Assets/StuffedChair.uasset
[2015.11.17-19.39.29:622][137]LogSavePackage: Save=2.871924ms
[2015.11.17-19.39.29:622][137]LogSavePackage: Moving '../../../../../../Users/Beren/Documents/University/Year 2/Game Engine and Assets/Unreal Projects/MaidRunner_AD_05/Saved/obj_AD_stuffedchair92578350491FFF1055E89D9BC745D8DC.tmp' to '../../../../../../Users/Beren/Documents/University/Year 2/Game Engine and Assets/Unreal Projects/MaidRunner_AD_05/Content/Assets/obj_AD_stuffedchair.uasset'
[2015.11.17-19.39.29:624][137]LogSavePackage: Total save time: 12.101725ms
[2015.11.17-19.39.29:624][137]LogSavePackage:Warning: Finished SavePackage ../../../../../../Users/Beren/Documents/University/Year 2/Game Engine and Assets/Unreal Projects/MaidRunner_AD_05/Content/Assets/obj_AD_stuffedchair.uasset
[2015.11.17-19.39.29:640][137]LogSavePackage: Save=2.860953ms
[2015.11.17-19.39.29:640][137]LogSavePackage: Moving '../../../../../../Users/Beren/Documents/University/Year 2/Game Engine and Assets/Unreal Projects/MaidRunner_AD_05/Saved/StuffedChair87F733D046EF2423C0B85FAFEA92E038.tmp' to '../../../../../../Users/Beren/Documents/University/Year 2/Game Engine and Assets/Unreal Projects/MaidRunner_AD_05/Content/Assets/StuffedChair.uasset'
[2015.11.17-19.39.29:642][137]LogSavePackage: Total save time: 11.665795ms
[2015.11.17-19.39.29:642][137]LogSavePackage:Warning: Finished SavePackage ../../../../../../Users/Beren/Documents/University/Year 2/Game Engine and Assets/Unreal Projects/MaidRunner_AD_05/Content/Assets/StuffedChair.uasset
[2015.11.17-19.39.29:658][137]LogSavePackage: Save=3.011260ms
[2015.11.17-19.39.29:658][137]LogSavePackage: Moving '../../../../../../Users/Beren/Documents/University/Year 2/Game Engine and Assets/Unreal Projects/MaidRunner_AD_05/Saved/obj_AD_stuffedchairEF5BB93840E307E54957F4A628BA5731.tmp' to '../../../../../../Users/Beren/Documents/University/Year 2/Game Engine and Assets/Unreal Projects/MaidRunner_AD_05/Content/Assets/obj_AD_stuffedchair.uasset'
[2015.11.17-19.39.29:660][137]LogSavePackage: Total save time: 11.893269ms
[2015.11.17-19.39.29:660][137]LogSavePackage:Warning: Finished SavePackage ../../../../../../Users/Beren/Documents/University/Year 2/Game Engine and Assets/Unreal Projects/MaidRunner_AD_05/Content/Assets/obj_AD_stuffedchair.uasset
[2015.11.17-19.39.29:675][137]LogSavePackage: Save=2.837547ms
[2015.11.17-19.39.29:675][137]LogSavePackage: Moving '../../../../../../Users/Beren/Documents/University/Year 2/Game Engine and Assets/Unreal Projects/MaidRunner_AD_05/Saved/StuffedChairB46B6FFC4C071F96C1A87C9CDF576D0E.tmp' to '../../../../../../Users/Beren/Documents/University/Year 2/Game Engine and Assets/Unreal Projects/MaidRunner_AD_05/Content/Assets/StuffedChair.uasset'
[2015.11.17-19.39.29:677][137]LogSavePackage: Total save time: 11.600334ms
[2015.11.17-19.39.29:677][137]LogSavePackage:Warning: Finished SavePackage ../../../../../../Users/Beren/Documents/University/Year 2/Game Engine and Assets/Unreal Projects/MaidRunner_AD_05/Content/Assets/StuffedChair.uasset
[2015.11.17-19.39.29:692][137]LogSavePackage: Save=3.080013ms
[2015.11.17-19.39.29:692][137]LogSavePackage: Moving '../../../../../../Users/Beren/Documents/University/Year 2/Game Engine and Assets/Unreal Projects/MaidRunner_AD_05/Saved/obj_AD_stuffedchair021A3A4842113089DDC0D9B741CF369D.tmp' to '../../../../../../Users/Beren/Documents/University/Year 2/Game Engine and Assets/Unreal Projects/MaidRunner_AD_05/Content/Assets/obj_AD_stuffedchair.uasset'
[2015.11.17-19.39.29:694][137]LogSavePackage: Total save time: 11.580218ms
[2015.11.17-19.39.29:694][137]LogSavePackage:Warning: Finished SavePackage ../../../../../../Users/Beren/Documents/University/Year 2/Game Engine and Assets/Unreal Projects/MaidRunner_AD_05/Content/Assets/obj_AD_stuffedchair.uasset
[2015.11.17-19.39.29:756][137]LogSavePackage: Save=12.031507ms
[2015.11.17-19.39.29:756][137]LogSavePackage: Moving '../../../../../../Users/Beren/Documents/University/Year 2/Game Engine and Assets/Unreal Projects/MaidRunner_AD_05/Saved/Bookshelf8E3AEBB64729331926FF87BE26CB47EC.tmp' to '../../../../../../Users/Beren/Documents/University/Year 2/Game Engine and Assets/Unreal Projects/MaidRunner_AD_05/Content/Assets/Bookshelf.uasset'
[2015.11.17-19.39.29:759][137]LogSavePackage: Total save time: 22.524469ms
[2015.11.17-19.39.29:759][137]LogSavePackage:Warning: Finished SavePackage ../../../../../../Users/Beren/Documents/University/Year 2/Game Engine and Assets/Unreal Projects/MaidRunner_AD_05/Content/Assets/Bookshelf.uasset
[2015.11.17-19.39.29:944][137]LogSavePackage: Save=14.153724ms
[2015.11.17-19.39.29:944][137]LogSavePackage: Moving '../../../../../../Users/Beren/Documents/University/Year 2/Game Engine and Assets/Unreal Projects/MaidRunner_AD_05/Saved/PopulatedShelf11DBABBE4B4B15010117BE80B7D5F23E.tmp' to '../../../../../../Users/Beren/Documents/University/Year 2/Game Engine and Assets/Unreal Projects/MaidRunner_AD_05/Content/Assets/PopulatedShelf.uasset'
[2015.11.17-19.39.29:947][137]LogSavePackage: Total save time: 145.085000ms
[2015.11.17-19.39.29:947][137]LogSavePackage:Warning: Finished SavePackage ../../../../../../Users/Beren/Documents/University/Year 2/Game Engine and Assets/Unreal Projects/MaidRunner_AD_05/Content/Assets/PopulatedShelf.uasset
[2015.11.17-19.39.29:963][137]LogSavePackage: Save=3.386113ms
[2015.11.17-19.39.29:963][137]LogSavePackage: Moving '../../../../../../Users/Beren/Documents/University/Year 2/Game Engine and Assets/Unreal Projects/MaidRunner_AD_05/Saved/PopulatedShelf9FD74D014D06B0EC72A0618953DD7CB3.tmp' to '../../../../../../Users/Beren/Documents/University/Year 2/Game Engine and Assets/Unreal Projects/MaidRunner_AD_05/Content/Assets/PopulatedShelf.uasset'
[2015.11.17-19.39.29:966][137]LogSavePackage: Total save time: 12.405626ms
[2015.11.17-19.39.29:966][137]LogSavePackage:Warning: Finished SavePackage ../../../../../../Users/Beren/Documents/University/Year 2/Game Engine and Assets/Unreal Projects/MaidRunner_AD_05/Content/Assets/PopulatedShelf.uasset
[2015.11.17-19.39.41:620][700]LogEditorViewport: Clicking on Actor (LMB): StaticMeshActor (Drawer)
[2015.11.17-20.18.58:420][496]Cmd: QUIT_EDITOR
[2015.11.17-20.18.59:090][496]LogExit: Preparing to exit.
[2015.11.17-20.19.02:624][496]LogExit: Editor shut down
[2015.11.17-20.19.02:624][496]LogExit: Transaction tracking system shut down
[2015.11.17-20.19.02:662][496]LogParticles: Destroying 0 GPU particle simulations for FXSystem 0x00000000116171A0
[2015.11.17-20.19.02:663][496]LogParticles: Destroying 0 GPU particle simulations for FXSystem 0x000000002346F880
[2015.11.17-20.19.02:663][496]LogParticles: Destroying 0 GPU particle simulations for FXSystem 0x0000000026D6BE20
[2015.11.17-20.19.06:767][496]LogParticles: Destroying 0 GPU particle simulations for FXSystem 0x0000000026D6BC40
[2015.11.17-20.19.06:767][496]LogExit: Object subsystem successfully closed.
[2015.11.17-20.19.08:596][496]LogD3D11RHI: Shutdown
[2015.11.17-20.19.08:596][496]LogD3D11RHI: CleanupD3DDevice
[2015.11.17-20.19.08:736][496]LogD3D11RHI: ~FD3D11DynamicRHI
[2015.11.17-20.19.09:859][496]LogModuleManager: Shutting down and abandoning module CrashTracker (199)
[2015.11.17-20.19.09:859][496]LogModuleManager: Shutting down and abandoning module SceneOutliner (198)
[2015.11.17-20.19.09:879][496]LogModuleManager: Shutting down and abandoning module SuperSearch (197)
[2015.11.17-20.19.09:879][496]LogModuleManager: Shutting down and abandoning module WidgetCarousel (196)
[2015.11.17-20.19.09:879][496]LogModuleManager: Shutting down and abandoning module AddContentDialog (195)
[2015.11.17-20.19.09:891][496]LogModuleManager: Shutting down and abandoning module EditorWidgets (194)
[2015.11.17-20.19.09:891][496]LogModuleManager: Shutting down and abandoning module CollectionManager (193)
[2015.11.17-20.19.09:901][496]LogModuleManager: Shutting down and abandoning module StatsViewer (192)
[2015.11.17-20.19.09:921][496]LogModuleManager: Shutting down and abandoning module FoliageEdit (191)
[2015.11.17-20.19.09:945][496]LogModuleManager: Shutting down and abandoning module LandscapeEditor (190)
[2015.11.17-20.19.09:965][496]LogModuleManager: Shutting down and abandoning module ActorPickerMode (189)
[2015.11.17-20.19.09:965][496]LogModuleManager: Shutting down and abandoning module GeometryMode (188)
[2015.11.17-20.19.09:965][496]LogModuleManager: Shutting down and abandoning module TextureAlignMode (187)
[2015.11.17-20.19.09:965][496]LogModuleManager: Shutting down and abandoning module BspMode (186)
[2015.11.17-20.19.09:965][496]LogModuleManager: Shutting down and abandoning module PlacementMode (185)
[2015.11.17-20.19.09:965][496]LogModuleManager: Shutting down and abandoning module AutomationWorker (184)
[2015.11.17-20.19.09:971][496]LogModuleManager: Shutting down and abandoning module CharacterAI (183)
[2015.11.17-20.19.09:971][496]LogModuleManager: Shutting down and abandoning module SmartSnapping (182)
[2015.11.17-20.19.09:971][496]LogModuleManager: Shutting down and abandoning module ViewportSnapping (181)
[2015.11.17-20.19.09:971][496]LogModuleManager: Shutting down and abandoning module LogVisualizer (180)
[2015.11.17-20.19.10:006][496]LogModuleManager: Shutting down and abandoning module GameProjectGeneration (179)
[2015.11.17-20.19.10:021][496]LogModuleManager: Shutting down and abandoning module IntroTutorials (178)
[2015.11.17-20.19.10:051][496]LogModuleManager: Shutting down and abandoning module EditorLiveStreaming (177)
[2015.11.17-20.19.10:051][496]LogModuleManager: Shutting down and abandoning module IOSPlatformEditor (176)
[2015.11.17-20.19.10:061][496]LogModuleManager: Shutting down and abandoning module HTML5PlatformEditor (175)
[2015.11.17-20.19.10:061][496]LogModuleManager: Shutting down and abandoning module AndroidDeviceDetection (174)
[2015.11.17-20.19.11:060][496]LogModuleManager: Shutting down and abandoning module AndroidPlatformEditor (173)
[2015.11.17-20.19.11:060][496]LogModuleManager: Shutting down and abandoning module IOSRuntimeSettings (172)
[2015.11.17-20.19.11:060][496]LogModuleManager: Shutting down and abandoning module AndroidRuntimeSettings (171)
[2015.11.17-20.19.11:060][496]LogModuleManager: Shutting down and abandoning module MergeActors (170)
[2015.11.17-20.19.11:091][496]LogModuleManager: Shutting down and abandoning module SizeMap (169)
[2015.11.17-20.19.11:091][496]LogModuleManager: Shutting down and abandoning module TreeMap (168)
[2015.11.17-20.19.11:101][496]LogModuleManager: Shutting down and abandoning module ReferenceViewer (167)
[2015.11.17-20.19.11:101][496]LogModuleManager: Shutting down and abandoning module LocalizationService (166)
[2015.11.17-20.19.11:109][496]LogModuleManager: Shutting down and abandoning module LocalizationDashboard (165)
[2015.11.17-20.19.11:115][496]LogModuleManager: Shutting down and abandoning module HardwareTargeting (164)
[2015.11.17-20.19.11:115][496]LogModuleManager: Shutting down and abandoning module DeviceProfileEditor (163)
[2015.11.17-20.19.11:115][496]LogModuleManager: Shutting down and abandoning module UndoHistory (162)
[2015.11.17-20.19.11:128][496]LogModuleManager: Shutting down and abandoning module GameplayTagsEditor (161)
[2015.11.17-20.19.11:128][496]LogModuleManager: Shutting down and abandoning module UserFeedback (160)
[2015.11.17-20.19.11:128][496]LogModuleManager: Shutting down and abandoning module XmlParser (159)
[2015.11.17-20.19.11:140][496]LogModuleManager: Shutting down and abandoning module Blutility (158)
[2015.11.17-20.19.11:140][496]LogModuleManager: Shutting down and abandoning module ProjectTargetPlatformEditor (157)
[2015.11.17-20.19.11:143][496]LogModuleManager: Shutting down and abandoning module ProjectSettingsViewer (156)
[2015.11.17-20.19.11:143][496]LogModuleManager: Shutting down and abandoning module InputBindingEditor (155)
[2015.11.17-20.19.11:154][496]LogModuleManager: Shutting down and abandoning module EditorSettingsViewer (154)
[2015.11.17-20.19.11:154][496]LogModuleManager: Shutting down and abandoning module SettingsEditor (153)
[2015.11.17-20.19.11:169][496]LogModuleManager: Shutting down and abandoning module ProjectLauncher (152)
[2015.11.17-20.19.11:199][496]LogModuleManager: Shutting down and abandoning module SessionFrontend (151)
[2015.11.17-20.19.11:212][496]LogModuleManager: Shutting down and abandoning module ProfilerClient (150)
[2015.11.17-20.19.11:216][496]LogModuleManager: Shutting down and abandoning module TargetDeviceServices (149)
[2015.11.17-20.19.11:216][496]LogModuleManager: Shutting down and abandoning module DeviceManager (148)
[2015.11.17-20.19.11:222][496]LogModuleManager: Shutting down and abandoning module AutomationController (147)
[2015.11.17-20.19.11:232][496]LogModuleManager: Shutting down and abandoning module AutomationWindow (146)
[2015.11.17-20.19.11:248][496]LogModuleManager: Shutting down and abandoning module Layers (145)
[2015.11.17-20.19.11:271][496]LogModuleManager: Shutting down and abandoning module ComponentVisualizers (144)
[2015.11.17-20.19.11:271][496]LogModuleManager: Shutting down and abandoning module DetailCustomizations (143)
[2015.11.17-20.19.11:291][496]LogModuleManager: Shutting down and abandoning module PackagesDialog (142)
[2015.11.17-20.19.11:291][496]LogModuleManager: Shutting down and abandoning module Persona (141)
[2015.11.17-20.19.11:312][496]LogModuleManager: Shutting down and abandoning module Kismet (140)
[2015.11.17-20.19.11:331][496]LogModuleManager: Shutting down and abandoning module GraphEditor (139)
[2015.11.17-20.19.11:375][496]LogModuleManager: Shutting down and abandoning module ClassViewer (138)
[2015.11.17-20.19.11:385][496]LogModuleManager: Shutting down and abandoning module Toolbox (137)
[2015.11.17-20.19.11:385][496]LogModuleManager: Shutting down and abandoning module ModuleUI (136)
[2015.11.17-20.19.11:388][496]LogModuleManager: Shutting down and abandoning module MovieSceneTools (135)
[2015.11.17-20.19.11:388][496]LogModuleManager: Shutting down and abandoning module OutputLog (134)
[2015.11.17-20.19.11:398][496]LogModuleManager: Shutting down and abandoning module GammaUI (133)
[2015.11.17-20.19.11:410][496]LogModuleManager: Shutting down and abandoning module Documentation (132)
[2015.11.17-20.19.11:423][496]LogModuleManager: Shutting down and abandoning module GameLiveStreaming (131)
[2015.11.17-20.19.11:430][496]LogModuleManager: Shutting down and abandoning module StreamingPauseRendering (130)
[2015.11.17-20.19.11:440][496]LogModuleManager: Shutting down and abandoning module AnalyticsET (129)
[2015.11.17-20.19.11:440][496]LogModuleManager: Shutting down and abandoning module Analytics (128)
[2015.11.17-20.19.11:440][496]LogModuleManager: Shutting down and abandoning module AITestSuite (127)
[2015.11.17-20.19.11:451][496]LogModuleManager: Shutting down and abandoning module GameplayDebugger (126)
[2015.11.17-20.19.11:451][496]LogModuleManager: Shutting down and abandoning module AIModule (125)
[2015.11.17-20.19.11:455][496]LogModuleManager: Shutting down and abandoning module ProfilerService (124)
[2015.11.17-20.19.11:744][496]LogModuleManager: Shutting down and abandoning module TaskGraph (123)
[2015.11.17-20.19.11:757][496]LogModuleManager: Shutting down and abandoning module SubstanceEditor (122)
[2015.11.17-20.19.11:767][496]LogModuleManager: Shutting down and abandoning module SlateRemote (121)
[2015.11.17-20.19.11:768][496]LogModuleManager: Shutting down and abandoning module SteamVRController (120)
[2015.11.17-20.19.11:768][496]LogModuleManager: Shutting down and abandoning module SteamVR (119)
[2015.11.17-20.19.11:768][496]LogModuleManager: Shutting down and abandoning module ProceduralMeshComponent (118)
[2015.11.17-20.19.11:768][496]LogModuleManager: Shutting down and abandoning module OculusRift (117)
[2015.11.17-20.19.11:768][496]LogModuleManager: Shutting down and abandoning module OculusLibrary (116)
[2015.11.17-20.19.11:768][496]LogModuleManager: Shutting down and abandoning module LeapMotionController (115)
[2015.11.17-20.19.11:807][496]LogModuleManager: Shutting down and abandoning module CustomMeshComponent (114)
[2015.11.17-20.19.11:856][496]LogModuleManager: Shutting down and abandoning module CableComponent (113)
[2015.11.17-20.19.11:856][496]LogModuleManager: Shutting down and abandoning module ArchVisCharacter (112)
[2015.11.17-20.19.11:856][496]LogModuleManager: Shutting down and abandoning module MessagingDebugger (111)
[2015.11.17-20.19.11:918][496]LogModuleManager: Shutting down and abandoning module MediaPlayerEditor (110)
[2015.11.17-20.19.11:965][496]LogModuleManager: Shutting down and abandoning module HTML5Networking (109)
[2015.11.17-20.19.11:965][496]LogModuleManager: Shutting down and abandoning module SpeedTreeImporter (108)
[2015.11.17-20.19.11:965][496]LogModuleManager: Shutting down and abandoning module PluginBrowser (107)
[2015.11.17-20.19.11:975][496]LogModuleManager: Shutting down and abandoning module EpicSurvey (106)
[2015.11.17-20.19.11:975][496]LogModuleManager: Shutting down and abandoning module DesktopPlatform (105)
[2015.11.17-20.19.11:995][496]LogModuleManager: Shutting down and abandoning module VisualStudioSourceCodeAccess (104)
[2015.11.17-20.19.12:002][496]LogModuleManager: Shutting down and abandoning module UObjectPlugin (103)
[2015.11.17-20.19.12:002][496]LogModuleManager: Shutting down and abandoning module SubversionSourceControl (102)
[2015.11.17-20.19.12:040][496]LogModuleManager: Shutting down and abandoning module PerforceSourceControl (101)
[2015.11.17-20.19.12:107][496]LogModuleManager: Shutting down and abandoning module SourceControl (100)
[2015.11.17-20.19.12:107][496]LogModuleManager: Shutting down and abandoning module GitSourceControl (99)
[2015.11.17-20.19.12:121][496]LogModuleManager: Shutting down and abandoning module LightPropagationVolumeEditor (98)
[2015.11.17-20.19.12:121][496]LogModuleManager: Shutting down and abandoning module PaperTiledImporter (97)
[2015.11.17-20.19.12:133][496]LogModuleManager: Shutting down and abandoning module PaperSpriteSheetImporter (96)
[2015.11.17-20.19.12:177][496]LogModuleManager: Shutting down and abandoning module MeshPaint (95)
[2015.11.17-20.19.12:225][496]LogModuleManager: Shutting down and abandoning module SlateReflector (94)
[2015.11.17-20.19.12:231][496]LogModuleManager: Shutting down and abandoning module HotReload (93)
[2015.11.17-20.19.12:259][496]LogModuleManager: Shutting down and abandoning module MainFrame (92)
[2015.11.17-20.19.12:259][496]LogModuleManager: Shutting down and abandoning module LevelEditor (91)
[2015.11.17-20.19.12:268][496]LogModuleManager: Shutting down and abandoning module ContentBrowser (90)
[2015.11.17-20.19.12:269][496]LogModuleManager: Shutting down and abandoning module Paper2DEditor (89)
[2015.11.17-20.19.12:283][496]LogModuleManager: Shutting down and abandoning module UdpMessaging (88)
[2015.11.17-20.19.12:383][496]LogModuleManager: Shutting down and abandoning module DirectoryWatcher (87)
[2015.11.17-20.19.12:384][496]LogModuleManager: Shutting down and abandoning module AssetRegistry (86)
[2015.11.17-20.19.12:462][496]LogModuleManager: Shutting down and abandoning module SubstanceCore (85)
[2015.11.17-20.19.12:517][496]LogModuleManager: Shutting down and abandoning module LightPropagationVolumeRuntime (84)
[2015.11.17-20.19.12:517][496]LogModuleManager: Shutting down and abandoning module Paper2D (83)
[2015.11.17-20.19.12:535][496]LogModuleManager: Shutting down and abandoning module WindowsMoviePlayer (82)
[2015.11.17-20.19.12:565][496]LogModuleManager: Shutting down and abandoning module Media (81)
[2015.11.17-20.19.12:565][496]LogModuleManager: Shutting down and abandoning module WmfMedia (80)
[2015.11.17-20.19.12:601][496]LogModuleManager: Shutting down and abandoning module OnlineBlueprintSupport (79)
[2015.11.17-20.19.12:601][496]LogModuleManager: Shutting down and abandoning module GameplayTasksEditor (78)
[2015.11.17-20.19.12:601][496]LogModuleManager: Shutting down and abandoning module PropertyEditor (77)
[2015.11.17-20.19.12:601][496]LogModuleManager: Shutting down and abandoning module BehaviorTreeEditor (76)
[2015.11.17-20.19.12:637][496]LogModuleManager: Shutting down and abandoning module FunctionalTesting (75)
[2015.11.17-20.19.12:637][496]LogModuleManager: Shutting down and abandoning module CollisionAnalyzer (74)
[2015.11.17-20.19.12:668][496]LogModuleManager: Shutting down and abandoning module WorkspaceMenuStructure (73)
[2015.11.17-20.19.12:669][496]LogModuleManager: Shutting down and abandoning module MessageLog (72)
[2015.11.17-20.19.12:669][496]LogModuleManager: Shutting down and abandoning module Sequencer (71)
[2015.11.17-20.19.12:698][496]LogModuleManager: Shutting down and abandoning module AssetTools (70)
[2015.11.17-20.19.12:772][496]LogModuleManager: Shutting down and abandoning module UMGEditor (69)
[2015.11.17-20.19.12:825][496]LogModuleManager: Shutting down and abandoning module UMG (68)
[2015.11.17-20.19.12:839][496]LogModuleManager: Shutting down and abandoning module Slate (67)
[2015.11.17-20.19.12:839][496]LogModuleManager: Shutting down and abandoning module EditorStyle (66)
[2015.11.17-20.19.12:866][496]LogModuleManager: Shutting down and abandoning module SessionServices (65)
[2015.11.17-20.19.12:866][496]LogModuleManager: Shutting down and abandoning module SourceCodeAccess (64)
[2015.11.17-20.19.12:866][496]LogModuleManager: Shutting down and abandoning module HeadMountedDisplay (63)
[2015.11.17-20.19.12:866][496]LogModuleManager: Shutting down and abandoning module XAudio2 (62)
[2015.11.17-20.19.12:866][496]LogModuleManager: Shutting down and abandoning module Networking (60)
[2015.11.17-20.19.12:866][496]LogModuleManager: Shutting down and abandoning module Core (59)
[2015.11.17-20.19.12:866][496]LogModuleManager: Shutting down and abandoning module KismetCompiler (58)
[2015.11.17-20.19.12:866][496]LogModuleManager: Shutting down and abandoning module PhysXFormats (57)
[2015.11.17-20.19.12:891][496]LogModuleManager: Shutting down and abandoning module MeshUtilities (56)
[2015.11.17-20.19.12:915][496]LogModuleManager: Shutting down and abandoning module CookingStats (55)
[2015.11.17-20.19.12:916][496]LogModuleManager: Shutting down and abandoning module DerivedDataCache (54)
[2015.11.17-20.19.12:999][496]LogDerivedDataCache: Shutdown
[2015.11.17-20.19.12:999][496]LogModuleManager: Shutting down and abandoning module ShaderFormatOpenGL (53)
[2015.11.17-20.19.13:067][496]LogModuleManager: Shutting down and abandoning module ShaderFormatD3D (52)
[2015.11.17-20.19.13:133][496]LogModuleManager: Shutting down and abandoning module MetalShaderFormat (51)
[2015.11.17-20.19.13:140][496]LogModuleManager: Shutting down and abandoning module TextureFormatUncompressed (50)
[2015.11.17-20.19.13:140][496]LogModuleManager: Shutting down and abandoning module TextureFormatPVR (49)
[2015.11.17-20.19.13:166][496]LogModuleManager: Shutting down and abandoning module TextureFormatIntelISPCTexComp (48)
[2015.11.17-20.19.13:181][496]LogModuleManager: Shutting down and abandoning module TextureFormatDXT (47)
[2015.11.17-20.19.13:222][496]LogModuleManager: Shutting down and abandoning module ImageWrapper (46)
[2015.11.17-20.19.13:222][496]LogModuleManager: Shutting down and abandoning module TextureFormatASTC (45)
[2015.11.17-20.19.13:222][496]LogModuleManager: Shutting down and abandoning module TextureFormatAndroid (44)
[2015.11.17-20.19.13:222][496]LogModuleManager: Shutting down and abandoning module AudioFormatOpus (43)
[2015.11.17-20.19.13:225][496]LogModuleManager: Shutting down and abandoning module AudioFormatOgg (42)
[2015.11.17-20.19.13:230][496]LogModuleManager: Shutting down and abandoning module AudioFormatADPCM (41)
[2015.11.17-20.19.13:237][496]LogModuleManager: Shutting down and abandoning module LinuxTargetPlatform (40)
[2015.11.17-20.19.13:237][496]LogModuleManager: Shutting down and abandoning module LinuxServerTargetPlatform (39)
[2015.11.17-20.19.13:256][496]LogModuleManager: Shutting down and abandoning module LinuxNoEditorTargetPlatform (38)
[2015.11.17-20.19.13:258][496]LogModuleManager: Shutting down and abandoning module Messaging (37)
[2015.11.17-20.19.13:258][496]LogModuleManager: Shutting down and abandoning module IOSTargetPlatform (36)
[2015.11.17-20.19.13:259][496]LogModuleManager: Shutting down and abandoning module HTML5TargetPlatform (35)
[2015.11.17-20.19.13:259][496]LogModuleManager: Shutting down and abandoning module Android_PVRTCTargetPlatform (34)
[2015.11.17-20.19.13:271][496]LogModuleManager: Shutting down and abandoning module Android_ETC2TargetPlatform (33)
[2015.11.17-20.19.13:284][496]LogModuleManager: Shutting down and abandoning module Android_ETC1TargetPlatform (32)
[2015.11.17-20.19.13:296][496]LogModuleManager: Shutting down and abandoning module Android_DXTTargetPlatform (31)
[2015.11.17-20.19.13:305][496]LogModuleManager: Shutting down and abandoning module Android_ATCTargetPlatform (30)
[2015.11.17-20.19.13:310][496]LogModuleManager: Shutting down and abandoning module Android_ASTCTargetPlatform (29)
[2015.11.17-20.19.13:319][496]LogModuleManager: Shutting down and abandoning module AndroidTargetPlatform (28)
[2015.11.17-20.19.13:324][496]LogModuleManager: Shutting down and abandoning module WindowsTargetPlatform (27)
[2015.11.17-20.19.13:325][496]LogModuleManager: Shutting down and abandoning module WindowsServerTargetPlatform (26)
[2015.11.17-20.19.13:338][496]LogModuleManager: Shutting down and abandoning module WindowsNoEditorTargetPlatform (25)
[2015.11.17-20.19.13:349][496]LogModuleManager: Shutting down and abandoning module WindowsClientTargetPlatform (24)
[2015.11.17-20.19.13:354][496]LogModuleManager: Shutting down and abandoning module AllDesktopTargetPlatform (23)
[2015.11.17-20.19.13:357][496]LogModuleManager: Shutting down and abandoning module TargetPlatform (22)
[2015.11.17-20.19.13:357][496]LogModuleManager: Shutting down and abandoning module InputCore (21)
[2015.11.17-20.19.13:357][496]LogModuleManager: Shutting down and abandoning module Settings (20)
[2015.11.17-20.19.13:358][496]LogModuleManager: Shutting down and abandoning module OnlineSubsystem (18)
[2015.11.17-20.19.13:358][496]LogModuleManager: Shutting down and abandoning module HTTP (17)
[2015.11.17-20.19.15:358][496]LogModuleManager: Shutting down and abandoning module XMPP (16)
[2015.11.17-20.19.15:603][496]LogModuleManager: Shutting down and abandoning module ExampleDeviceProfileSelector (15)
[2015.11.17-20.19.15:603][496]LogModuleManager: Shutting down and abandoning module TextureCompressor (14)
[2015.11.17-20.19.15:675][496]LogModuleManager: Shutting down and abandoning module ShaderCore (13)
[2015.11.17-20.19.15:675][496]LogModuleManager: Shutting down and abandoning module Landscape (12)
[2015.11.17-20.19.15:675][496]LogModuleManager: Shutting down and abandoning module SlateRHIRenderer (11)
[2015.11.17-20.19.15:739][496]LogModuleManager: Shutting down and abandoning module OpenGLDrv (10)
[2015.11.17-20.19.15:754][496]LogModuleManager: Shutting down and abandoning module D3D11RHI (9)
[2015.11.17-20.19.15:754][496]LogModuleManager: Shutting down and abandoning module AnimGraphRuntime (8)
[2015.11.17-20.19.15:756][496]LogModuleManager: Shutting down and abandoning module Renderer (7)
[2015.11.17-20.19.15:756][496]LogModuleManager: Shutting down and abandoning module Engine (6)
[2015.11.17-20.19.15:756][496]LogModuleManager: Shutting down and abandoning module CoreUObject (5)
[2015.11.17-20.19.15:756][496]LogModuleManager: Shutting down and abandoning module NetworkFile (4)
[2015.11.17-20.19.15:770][496]LogModuleManager: Shutting down and abandoning module StreamingFile (3)
[2015.11.17-20.19.15:779][496]LogModuleManager: Shutting down and abandoning module SandboxFile (2)
[2015.11.17-20.19.15:787][496]LogModuleManager: Shutting down and abandoning module PakFile (1)
[2015.11.17-20.19.15:820][496]LogExit: Exiting.
[2015.11.17-20.19.15:832][496]Log file closed, 11/17/15 20:19:15
