[2015.11.17-08.02.09:539][  0]Log file open, 11/17/15 08:02:09
[2015.11.17-08.02.09:539][  0]LogInit:Display: Running engine for game: MaidRunner_AD_02
[2015.11.17-08.02.09:539][  0]LogInit:Display: RandInit(1979857761) SRandInit(1979857762).
[2015.11.17-08.02.09:539][  0]LogTaskGraph: Started task graph with 4 named threads and 7 total threads.
[2015.11.17-08.02.09:539][  0]LogStats: Stats thread started at 34.074268
[2015.11.17-08.02.09:539][  0]LogInit: Version: 4.9.2-2707645+++depot+UE4-Releases+4.9
[2015.11.17-08.02.09:539][  0]LogInit: API Version: 2672455
[2015.11.17-08.02.09:539][  0]LogInit: Compiled (64-bit): Sep 28 2015 10:25:44
[2015.11.17-08.02.09:539][  0]LogInit: Compiled with Visual C++: 18.00.21005.01
[2015.11.17-08.02.09:539][  0]LogInit: Build Configuration: Development
[2015.11.17-08.02.09:539][  0]LogInit: Branch Name: ++depot+UE4-Releases+4.9
[2015.11.17-08.02.09:539][  0]LogInit: Command line:  
[2015.11.17-08.02.09:539][  0]LogInit: Base directory: C:/Program Files/Epic Games/4.9/Engine/Binaries/Win64/
[2015.11.17-08.02.09:539][  0]LogInit: Rocket: 1
[2015.11.17-08.02.10:366][  0]LogInit: Using libcurl 7.41.0
[2015.11.17-08.02.10:366][  0]LogInit:  - built for x86_64-pc-win32
[2015.11.17-08.02.10:366][  0]LogInit:  - supports SSL with WinSSL
[2015.11.17-08.02.10:366][  0]LogInit:  - other features:
[2015.11.17-08.02.10:366][  0]LogInit:      CURL_VERSION_SSL
[2015.11.17-08.02.10:366][  0]LogInit:      CURL_VERSION_IPV6
[2015.11.17-08.02.10:366][  0]LogInit:      CURL_VERSION_ASYNCHDNS
[2015.11.17-08.02.10:366][  0]LogInit:      CURL_VERSION_LARGEFILE
[2015.11.17-08.02.10:366][  0]LogInit:      CURL_VERSION_IDN
[2015.11.17-08.02.10:366][  0]LogInit:  CurlRequestOptions (configurable via config and command line):
[2015.11.17-08.02.10:366][  0]LogInit:  - bVerifyPeer = true  - Libcurl will verify peer certificate
[2015.11.17-08.02.10:366][  0]LogInit:  - bUseHttpProxy = false  - Libcurl will NOT use HTTP proxy
[2015.11.17-08.02.10:366][  0]LogInit:  - bDontReuseConnections = false  - Libcurl will reuse connections
[2015.11.17-08.02.10:366][  0]LogInit:  - CertBundlePath = nullptr  - Libcurl will use whatever was configured at build time.
[2015.11.17-08.02.11:266][  0]LogInit: Presizing for 0 objects not considered by GC, pre-allocating 0 bytes.
[2015.11.17-08.02.11:276][  0]LogInit: Object subsystem initialized
[2015.11.17-08.02.11:278][  0]LogInit: Selected Device Profile: [Windows]
[2015.11.17-08.02.11:278][  0]LogInit: Applying CVar settings loaded from the selected device profile: [Windows]
[2015.11.17-08.02.11:360][  0]LogInit: Computer: PHOENIX
[2015.11.17-08.02.11:360][  0]LogInit: User: Beren
[2015.11.17-08.02.11:360][  0]LogInit: CPU Page size=4096, Cores=4
[2015.11.17-08.02.11:360][  0]LogInit: High frequency timer resolution =2.734404 MHz
[2015.11.17-08.02.11:360][  0]LogMemory: Memory total: Physical=8.0GB (8GB approx)
[2015.11.17-08.02.11:360][  0]LogMemory: Platform Memory Stats for Windows
[2015.11.17-08.02.11:360][  0]LogMemory: Process Physical Memory: 54.08 MB used, 54.08 MB peak
[2015.11.17-08.02.11:360][  0]LogMemory: Process Virtual Memory: 56.59 MB used, 56.59 MB peak
[2015.11.17-08.02.11:360][  0]LogMemory: Physical Memory: 4038.03 MB used, 8150.99 MB total
[2015.11.17-08.02.11:360][  0]LogMemory: Virtual Memory: 334.34 MB used, 8388608.00 MB total
[2015.11.17-08.02.16:796][  0]LogTextLocalizationManager: No specific translations for ('en-GB') exist, so ('en') translations will be used.
[2015.11.17-08.02.18:608][  0]LogD3D11RHI: Found D3D11 adapter 0: AMD Radeon HD 6900 Series (Feature Level 11_0)
[2015.11.17-08.02.18:608][  0]LogD3D11RHI: Adapter has 2032MB of dedicated video memory, 0MB of dedicated system memory, and 3819MB of shared system memory, 1 output[s]
[2015.11.17-08.02.18:608][  0]LogD3D11RHI: Chosen D3D11 Adapter Id = 0
[2015.11.17-08.02.18:613][  0]LogD3D11RHI: !Direct3DDevice
[2015.11.17-08.02.18:613][  0]LogRHI: Texture pool is 1361 MB (70% of 1945 MB)
[2015.11.17-08.02.18:620][  0]LogD3D11RHI: Async texture creation disabled: no driver support
[2015.11.17-08.02.23:252][  0]LogShaderCompilers: Guid format shader working directory is 15 characters bigger than the processId version (../../../../../../Users/Beren/Documents/University/Year 2/Game Engine and Assets/Unreal Projects/MaidRunner_AD_01/Intermediate/Shaders/WorkingDirectory/6512/).
[2015.11.17-08.02.23:252][  0]LogShaderCompilers: Cleaned the shader compiler working directory '../../../../../../Users/Beren/Documents/University/Year 2/Game Engine and Assets/Unreal Projects/MaidRunner_AD_01/Intermediate/Shaders/tmp/73D1DE5243BDFB8763EB1F8313580E96/'.
[2015.11.17-08.02.23:328][  0]LogShaderCompilers:Display: Using Local Shader Compiler.
[2015.11.17-08.03.00:901][  0]LogTemp:Display: Loaded TP AllDesktopTargetPlatform
[2015.11.17-08.03.01:029][  0]LogTemp:Display: Loaded TP WindowsClientTargetPlatform
[2015.11.17-08.03.01:157][  0]LogTemp:Display: Loaded TP WindowsNoEditorTargetPlatform
[2015.11.17-08.03.01:227][  0]LogTemp:Display: Loaded TP WindowsServerTargetPlatform
[2015.11.17-08.03.01:304][  0]LogTemp:Display: Loaded TP WindowsTargetPlatform
[2015.11.17-08.03.01:371][  0]LogTemp:Display: Loaded TP AndroidTargetPlatform
[2015.11.17-08.03.01:436][  0]LogTemp:Display: Loaded TP Android_ASTCTargetPlatform
[2015.11.17-08.03.01:604][  0]LogTemp:Display: Loaded TP Android_ATCTargetPlatform
[2015.11.17-08.03.01:810][  0]LogTemp:Display: Loaded TP Android_DXTTargetPlatform
[2015.11.17-08.03.01:935][  0]LogTemp:Display: Loaded TP Android_ETC1TargetPlatform
[2015.11.17-08.03.03:249][  0]LogTemp:Display: Loaded TP Android_ETC2TargetPlatform
[2015.11.17-08.03.04:425][  0]LogTemp:Display: Loaded TP Android_PVRTCTargetPlatform
[2015.11.17-08.03.05:102][  0]LogTemp:Display: Loaded TP HTML5TargetPlatform
[2015.11.17-08.03.06:727][  0]LogTemp:Display: Loaded TP IOSTargetPlatform
[2015.11.17-08.03.06:842][  0]LogTemp:Display: Loaded TP LinuxNoEditorTargetPlatform
[2015.11.17-08.03.06:973][  0]LogTemp:Display: Loaded TP LinuxServerTargetPlatform
[2015.11.17-08.03.07:664][  0]LogTemp:Display: Loaded TP LinuxTargetPlatform
[2015.11.17-08.03.07:665][  0]LogTargetPlatformManager:Display: Building Assets For Windows
[2015.11.17-08.03.18:525][  0]LogDerivedDataCache:Display: Max Cache Size: 512 MB
[2015.11.17-08.03.29:429][  0]LogDerivedDataCache: Loaded boot cache 10.87s 41MB C:/Users/Beren/AppData/Local/UnrealEngine/4.9/DerivedDataCache/Boot.ddc.
[2015.11.17-08.03.29:429][  0]LogDerivedDataCache:Display: Loaded Boot cache: C:/Users/Beren/AppData/Local/UnrealEngine/4.9/DerivedDataCache/Boot.ddc
[2015.11.17-08.03.29:429][  0]LogDerivedDataCache: FDerivedDataBackendGraph:  Pak pak cache file ../../../../../../Users/Beren/Documents/University/Year 2/Game Engine and Assets/Unreal Projects/MaidRunner_AD_01/DerivedDataCache/DDC.ddp not found, will not use a pak cache.
[2015.11.17-08.03.29:429][  0]LogDerivedDataCache: Unable to find inner node Pak for hierarchical cache Hierarchy.
[2015.11.17-08.03.29:429][  0]LogDerivedDataCache: FDerivedDataBackendGraph:  CompressedPak pak cache file ../../../../../../Users/Beren/Documents/University/Year 2/Game Engine and Assets/Unreal Projects/MaidRunner_AD_01/DerivedDataCache/Compressed.ddp not found, will not use a pak cache.
[2015.11.17-08.03.29:429][  0]LogDerivedDataCache: Unable to find inner node CompressedPak for hierarchical cache Hierarchy.
[2015.11.17-08.03.30:664][  0]LogDerivedDataCache:Display: Pak cache opened for reading ../../../Engine/DerivedDataCache/Compressed.ddp.
[2015.11.17-08.03.30:811][  0]LogDerivedDataCache: Using Local data cache path C:/Users/Beren/AppData/Local/UnrealEngine/Common/DerivedDataCache: Writable
[2015.11.17-08.04.51:317][  0]LogInit: Selected Device Profile: [Windows]
[2015.11.17-08.04.51:578][  0]LogContentStreaming: Texture pool size is 0.000000MB
[2015.11.17-08.04.54:405][  0]LogMeshUtilities: No automatic mesh reduction module available
[2015.11.17-08.04.54:406][  0]LogMeshUtilities: No automatic mesh merging module available
[2015.11.17-08.05.17:083][  0]LogInit: WinSock: version 1.1 (2.2), MaxSocks=32767, MaxUdp=65467
[2015.11.17-08.06.59:060][  0]LogAssetRegistry: FAssetRegistry took 0.0303 seconds to start up
[2015.11.17-08.06.59:462][  0]UdpMessaging: Initializing bridge on interface 0.0.0.0:0 to multicast group 230.0.0.1:6666.
[2015.11.17-08.07.14:422][  0]SourceControl: Info Source control is disabled
[2015.11.17-08.07.14:423][  0]SourceControl: Info Source control is disabled
[2015.11.17-08.07.15:052][  0]SourceControl: Info Source control is disabled
[2015.11.17-08.07.15:574][  0]SourceControl: Info Source control is disabled
[2015.11.17-08.07.20:164][  0]LogLinker:Warning: Asset '../../../Engine/Plugins/Runtime/LeapMotionController/Content/LM_PassthroughMaterial.uasset' has been saved with empty engine version. The asset will be loaded but may be incompatible.
[2015.11.17-08.07.22:786][  0]LogObj: 28528 objects as part of root set at end of initial load.
[2015.11.17-08.07.22:786][  0]LogUObjectAllocator: 6068456 out of 0 bytes used by permanent object pool.
[2015.11.17-08.07.25:642][  0]LogAutomationTest:Warning: Smoke tests took > 1s to run: 1.44s
[2015.11.17-08.07.26:038][  0]LogEngine: Initializing Engine...
[2015.11.17-08.07.26:201][  0]LogHMD: Can't find Oculus library dev build: is proper Runtime installed? Version: 0.7.0.0
[2015.11.17-08.07.26:237][  0]LogHMD: SteamVR failed to initialize.  Err: 110
[2015.11.17-08.07.30:913][  0]LogAIModule: Creating AISystem for world NewWorld
[2015.11.17-08.07.32:341][  0]LogInit: XAudio2 using 'Speakers (3- Plantronics GameCom 780)' : 2 channels at 44.1 kHz using 16 bits per sample (channel mask 0x3)
[2015.11.17-08.07.32:396][  0]LogInit: FAudioDevice initialized.
[2015.11.17-08.07.32:431][  0]LogDerivedDataCache: Saved boot cache 0.03s 41MB C:/Users/Beren/AppData/Local/UnrealEngine/4.9/DerivedDataCache/Boot.ddc.
[2015.11.17-08.07.32:438][  0]LogInit: Texture streaming: Enabled
[2015.11.17-08.07.32:465][  0]LogAnalytics: Creating configured Analytics provider AnalyticsET
[2015.11.17-08.07.32:465][  0]LogAnalytics: [UEEditor.Rocket.Release] APIServer = http://et2.epicgames.com/ET2/. AppVersion = 4.9.2-2707645+++depot+UE4-Releases+4.9
[2015.11.17-08.07.32:465][  0]LogAnalytics: [UEEditor.Rocket.Release] SetUserId 3ab26a0a4fcf02a9d7a1c0b18ce06c6d|1a9fd4cccc794e438b183d4a2d921f67|3d9614c9-529e-4188-9376-3f0e091b9e40
[2015.11.17-08.07.32:465][  0]LogAnalytics: [UEEditor.Rocket.Release] AnalyticsET::StartSession
[2015.11.17-08.07.34:119][  0]LogInit: Transaction tracking system initialized
[2015.11.17-08.07.37:082][  0]BlueprintLog: New page: Editor Load
[2015.11.17-08.07.47:550][  0]LocalizationService: Info Localization service is disabled
[2015.11.17-08.07.53:118][  0]LogConsoleResponse:Display: 
[2015.11.17-08.07.59:604][  0]LogFileCache: Scanning file cache for directory 'C:/Users/Beren/Documents/University/Year 2/Game Engine and Assets/Unreal Projects/MaidRunner_AD_01/Content/' took 0.05s
[2015.11.17-08.07.59:604][  0]LogCook:Display: Done creating registry. It took  0.00s.
[2015.11.17-08.08.03:817][  0]SourceControl: Info Source control is disabled
[2015.11.17-08.08.04:065][  0]LightingResults: New page: Lighting Build
[2015.11.17-08.08.04:965][  0]MapCheck: New page: Map Check
[2015.11.17-08.08.04:965][  0]LightingResults: New page: Lighting Build
[2015.11.17-08.08.07:509][  0]LogParticles: Destroying 0 GPU particle simulations for FXSystem 0x0000000021274400
[2015.11.17-08.08.22:209][  0]LogAIModule: Creating AISystem for world ThirdPersonExampleMap
[2015.11.17-08.08.25:138][  0]LogEditorServer: Finished looking for orphan Actors (0.000 secs)
[2015.11.17-08.08.25:352][  0]Cmd: MAP CHECKDEP NOCLEARLOG
[2015.11.17-08.08.25:618][  0]MapCheck: Info Map check complete: 0 Error(s), 0 Warning(s), took 266.355ms to complete.
[2015.11.17-08.08.25:651][  0]LogFileHelpers: Loading map 'ThirdPersonExampleMap' took 21.688
[2015.11.17-08.08.35:102][  0]LogCollectionManager: Loaded 0 collections in 0.091333 seconds
[2015.11.17-08.08.35:657][  0]LogFileCache: Scanning file cache for directory 'C:/Users/Beren/Documents/University/Year 2/Game Engine and Assets/Unreal Projects/MaidRunner_AD_01/Saved/Collections/' took 0.01s
[2015.11.17-08.08.35:657][  0]LogFileCache: Scanning file cache for directory 'C:/Users/Beren/Documents/University/Year 2/Game Engine and Assets/Unreal Projects/MaidRunner_AD_01/Content/Developers/Beren/Collections/' took 0.01s
[2015.11.17-08.08.35:657][  0]LogFileCache: Scanning file cache for directory 'C:/Users/Beren/Documents/University/Year 2/Game Engine and Assets/Unreal Projects/MaidRunner_AD_01/Content/Collections/' took 0.01s
[2015.11.17-08.08.35:657][  0]LogContentBrowser: Native class hierarchy populated in 0.0511 seconds. Added 1882 classes and 339 folders.
[2015.11.17-08.08.36:764][  0]LogCollectionManager: Rebuilt the GUID cache for 0 collections in 0.000003 seconds
[2015.11.17-08.08.38:373][  0]LogContentBrowser: Native class hierarchy updated for 'WidgetCarousel' in 0.0004 seconds. Added 0 classes and 0 folders.
[2015.11.17-08.08.46:149][  0]LogContentBrowser: Native class hierarchy updated for 'AddContentDialog' in 0.0004 seconds. Added 0 classes and 0 folders.
[2015.11.17-08.08.46:869][  0]LogContentBrowser: Native class hierarchy updated for 'SceneOutliner' in 0.0006 seconds. Added 1 classes and 2 folders.
[2015.11.17-08.08.49:367][  0]LogCrashTracker: Crashtracker disabled due to settings.
[2015.11.17-08.08.49:703][  0]LogUObjectGlobals:Warning: Failed to find object 'Class None.'
[2015.11.17-08.08.49:900][  0]LogLoad: Full Startup: 446.63 seconds (BP compile: 2.37 seconds)
[2015.11.17-08.08.51:494][  0]LogContentStreaming: Texture pool size now 1000 MB
[2015.11.17-08.08.54:487][  0]LogRenderer: Reallocating scene render targets to support 832x456 (Frame:2).
[2015.11.17-08.08.57:133][  4]LogAssetRegistry: Asset discovery search completed in 118.0911 seconds
[2015.11.17-08.08.57:133][  4]LogCollectionManager: Rebuilt the object cache for 0 collections in 0.000001 seconds (found 0 objects)
[2015.11.17-08.08.57:133][  4]LogCollectionManager: Fixed up redirectors for 0 collections in 0.000033 seconds (updated 0 objects)
[2015.11.17-08.10.50:016][502]Cmd: QUIT_EDITOR
[2015.11.17-08.10.50:997][502]LogExit: Preparing to exit.
[2015.11.17-08.10.52:221][502]LogExit: Editor shut down
[2015.11.17-08.10.52:221][502]LogExit: Transaction tracking system shut down
[2015.11.17-08.10.53:086][502]LogParticles: Destroying 0 GPU particle simulations for FXSystem 0x000000001015C4A0
[2015.11.17-08.10.53:087][502]LogParticles: Destroying 0 GPU particle simulations for FXSystem 0x0000000022B5E340
[2015.11.17-08.10.53:087][502]LogParticles: Destroying 0 GPU particle simulations for FXSystem 0x00000000235D3A60
[2015.11.17-08.10.53:087][502]LogParticles: Destroying 0 GPU particle simulations for FXSystem 0x00000000235D3880
[2015.11.17-08.10.54:657][502]LogExit: Object subsystem successfully closed.
[2015.11.17-08.10.54:969][502]LogD3D11RHI: Shutdown
[2015.11.17-08.10.54:979][502]LogD3D11RHI: CleanupD3DDevice
[2015.11.17-08.10.55:058][502]LogD3D11RHI: ~FD3D11DynamicRHI
[2015.11.17-08.10.56:691][502]LogModuleManager: Shutting down and abandoning module CrashTracker (199)
[2015.11.17-08.10.56:691][502]LogModuleManager: Shutting down and abandoning module SceneOutliner (198)
[2015.11.17-08.10.56:691][502]LogModuleManager: Shutting down and abandoning module SuperSearch (197)
[2015.11.17-08.10.56:691][502]LogModuleManager: Shutting down and abandoning module WidgetCarousel (196)
[2015.11.17-08.10.56:691][502]LogModuleManager: Shutting down and abandoning module AddContentDialog (195)
[2015.11.17-08.10.56:719][502]LogModuleManager: Shutting down and abandoning module EditorWidgets (194)
[2015.11.17-08.10.56:719][502]LogModuleManager: Shutting down and abandoning module CollectionManager (193)
[2015.11.17-08.10.56:719][502]LogModuleManager: Shutting down and abandoning module StatsViewer (192)
[2015.11.17-08.10.56:720][502]LogModuleManager: Shutting down and abandoning module FoliageEdit (191)
[2015.11.17-08.10.56:720][502]LogModuleManager: Shutting down and abandoning module LandscapeEditor (190)
[2015.11.17-08.10.56:818][502]LogModuleManager: Shutting down and abandoning module ActorPickerMode (189)
[2015.11.17-08.10.56:818][502]LogModuleManager: Shutting down and abandoning module GeometryMode (188)
[2015.11.17-08.10.56:818][502]LogModuleManager: Shutting down and abandoning module TextureAlignMode (187)
[2015.11.17-08.10.56:818][502]LogModuleManager: Shutting down and abandoning module BspMode (186)
[2015.11.17-08.10.56:818][502]LogModuleManager: Shutting down and abandoning module PlacementMode (185)
[2015.11.17-08.10.56:818][502]LogModuleManager: Shutting down and abandoning module AutomationWorker (184)
[2015.11.17-08.10.56:818][502]LogModuleManager: Shutting down and abandoning module CharacterAI (183)
[2015.11.17-08.10.56:818][502]LogModuleManager: Shutting down and abandoning module SmartSnapping (182)
[2015.11.17-08.10.56:818][502]LogModuleManager: Shutting down and abandoning module ViewportSnapping (181)
[2015.11.17-08.10.56:818][502]LogModuleManager: Shutting down and abandoning module LogVisualizer (180)
[2015.11.17-08.10.56:819][502]LogModuleManager: Shutting down and abandoning module GameProjectGeneration (179)
[2015.11.17-08.10.56:819][502]LogModuleManager: Shutting down and abandoning module IntroTutorials (178)
[2015.11.17-08.10.56:844][502]LogModuleManager: Shutting down and abandoning module EditorLiveStreaming (177)
[2015.11.17-08.10.56:845][502]LogModuleManager: Shutting down and abandoning module IOSPlatformEditor (176)
[2015.11.17-08.10.56:845][502]LogModuleManager: Shutting down and abandoning module HTML5PlatformEditor (175)
[2015.11.17-08.10.56:845][502]LogModuleManager: Shutting down and abandoning module AndroidDeviceDetection (174)
[2015.11.17-08.10.57:182][502]LogModuleManager: Shutting down and abandoning module AndroidPlatformEditor (173)
[2015.11.17-08.10.57:182][502]LogModuleManager: Shutting down and abandoning module IOSRuntimeSettings (172)
[2015.11.17-08.10.57:182][502]LogModuleManager: Shutting down and abandoning module AndroidRuntimeSettings (171)
[2015.11.17-08.10.57:182][502]LogModuleManager: Shutting down and abandoning module MergeActors (170)
[2015.11.17-08.10.57:182][502]LogModuleManager: Shutting down and abandoning module SizeMap (169)
[2015.11.17-08.10.57:182][502]LogModuleManager: Shutting down and abandoning module TreeMap (168)
[2015.11.17-08.10.57:182][502]LogModuleManager: Shutting down and abandoning module ReferenceViewer (167)
[2015.11.17-08.10.57:182][502]LogModuleManager: Shutting down and abandoning module LocalizationService (166)
[2015.11.17-08.10.57:182][502]LogModuleManager: Shutting down and abandoning module LocalizationDashboard (165)
[2015.11.17-08.10.57:210][502]LogModuleManager: Shutting down and abandoning module HardwareTargeting (164)
[2015.11.17-08.10.57:211][502]LogModuleManager: Shutting down and abandoning module DeviceProfileEditor (163)
[2015.11.17-08.10.57:211][502]LogModuleManager: Shutting down and abandoning module UndoHistory (162)
[2015.11.17-08.10.57:211][502]LogModuleManager: Shutting down and abandoning module GameplayTagsEditor (161)
[2015.11.17-08.10.57:211][502]LogModuleManager: Shutting down and abandoning module UserFeedback (160)
[2015.11.17-08.10.57:211][502]LogModuleManager: Shutting down and abandoning module XmlParser (159)
[2015.11.17-08.10.57:211][502]LogModuleManager: Shutting down and abandoning module Blutility (158)
[2015.11.17-08.10.57:211][502]LogModuleManager: Shutting down and abandoning module ProjectTargetPlatformEditor (157)
[2015.11.17-08.10.57:211][502]LogModuleManager: Shutting down and abandoning module ProjectSettingsViewer (156)
[2015.11.17-08.10.57:211][502]LogModuleManager: Shutting down and abandoning module InputBindingEditor (155)
[2015.11.17-08.10.57:212][502]LogModuleManager: Shutting down and abandoning module EditorSettingsViewer (154)
[2015.11.17-08.10.57:212][502]LogModuleManager: Shutting down and abandoning module SettingsEditor (153)
[2015.11.17-08.10.57:212][502]LogModuleManager: Shutting down and abandoning module ProjectLauncher (152)
[2015.11.17-08.10.57:212][502]LogModuleManager: Shutting down and abandoning module SessionFrontend (151)
[2015.11.17-08.10.57:212][502]LogModuleManager: Shutting down and abandoning module ProfilerClient (150)
[2015.11.17-08.10.57:212][502]LogModuleManager: Shutting down and abandoning module TargetDeviceServices (149)
[2015.11.17-08.10.57:212][502]LogModuleManager: Shutting down and abandoning module DeviceManager (148)
[2015.11.17-08.10.57:212][502]LogModuleManager: Shutting down and abandoning module AutomationController (147)
[2015.11.17-08.10.57:212][502]LogModuleManager: Shutting down and abandoning module AutomationWindow (146)
[2015.11.17-08.10.57:237][502]LogModuleManager: Shutting down and abandoning module Layers (145)
[2015.11.17-08.10.57:300][502]LogModuleManager: Shutting down and abandoning module ComponentVisualizers (144)
[2015.11.17-08.10.57:300][502]LogModuleManager: Shutting down and abandoning module DetailCustomizations (143)
[2015.11.17-08.10.57:300][502]LogModuleManager: Shutting down and abandoning module PackagesDialog (142)
[2015.11.17-08.10.57:300][502]LogModuleManager: Shutting down and abandoning module Persona (141)
[2015.11.17-08.10.57:337][502]LogModuleManager: Shutting down and abandoning module Kismet (140)
[2015.11.17-08.10.57:452][502]LogModuleManager: Shutting down and abandoning module GraphEditor (139)
[2015.11.17-08.10.57:574][502]LogModuleManager: Shutting down and abandoning module ClassViewer (138)
[2015.11.17-08.10.57:574][502]LogModuleManager: Shutting down and abandoning module Toolbox (137)
[2015.11.17-08.10.57:574][502]LogModuleManager: Shutting down and abandoning module ModuleUI (136)
[2015.11.17-08.10.57:574][502]LogModuleManager: Shutting down and abandoning module MovieSceneTools (135)
[2015.11.17-08.10.57:574][502]LogModuleManager: Shutting down and abandoning module OutputLog (134)
[2015.11.17-08.10.57:574][502]LogModuleManager: Shutting down and abandoning module GammaUI (133)
[2015.11.17-08.10.57:574][502]LogModuleManager: Shutting down and abandoning module Documentation (132)
[2015.11.17-08.10.57:574][502]LogModuleManager: Shutting down and abandoning module GameLiveStreaming (131)
[2015.11.17-08.10.57:574][502]LogModuleManager: Shutting down and abandoning module StreamingPauseRendering (130)
[2015.11.17-08.10.57:574][502]LogModuleManager: Shutting down and abandoning module AnalyticsET (129)
[2015.11.17-08.10.57:574][502]LogModuleManager: Shutting down and abandoning module Analytics (128)
[2015.11.17-08.10.57:574][502]LogModuleManager: Shutting down and abandoning module AITestSuite (127)
[2015.11.17-08.10.57:574][502]LogModuleManager: Shutting down and abandoning module GameplayDebugger (126)
[2015.11.17-08.10.57:574][502]LogModuleManager: Shutting down and abandoning module AIModule (125)
[2015.11.17-08.10.57:574][502]LogModuleManager: Shutting down and abandoning module ProfilerService (124)
[2015.11.17-08.10.57:751][502]LogModuleManager: Shutting down and abandoning module TaskGraph (123)
[2015.11.17-08.10.57:751][502]LogModuleManager: Shutting down and abandoning module SubstanceEditor (122)
[2015.11.17-08.10.57:899][502]LogModuleManager: Shutting down and abandoning module SlateRemote (121)
[2015.11.17-08.10.57:899][502]LogModuleManager: Shutting down and abandoning module SteamVRController (120)
[2015.11.17-08.10.57:899][502]LogModuleManager: Shutting down and abandoning module SteamVR (119)
[2015.11.17-08.10.57:899][502]LogModuleManager: Shutting down and abandoning module ProceduralMeshComponent (118)
[2015.11.17-08.10.57:899][502]LogModuleManager: Shutting down and abandoning module OculusRift (117)
[2015.11.17-08.10.57:899][502]LogModuleManager: Shutting down and abandoning module OculusLibrary (116)
[2015.11.17-08.10.57:899][502]LogModuleManager: Shutting down and abandoning module LeapMotionController (115)
[2015.11.17-08.10.57:910][502]LogModuleManager: Shutting down and abandoning module CustomMeshComponent (114)
[2015.11.17-08.10.57:910][502]LogModuleManager: Shutting down and abandoning module CableComponent (113)
[2015.11.17-08.10.57:910][502]LogModuleManager: Shutting down and abandoning module ArchVisCharacter (112)
[2015.11.17-08.10.57:910][502]LogModuleManager: Shutting down and abandoning module MessagingDebugger (111)
[2015.11.17-08.10.57:935][502]LogModuleManager: Shutting down and abandoning module MediaPlayerEditor (110)
[2015.11.17-08.10.57:951][502]LogModuleManager: Shutting down and abandoning module HTML5Networking (109)
[2015.11.17-08.10.57:951][502]LogModuleManager: Shutting down and abandoning module SpeedTreeImporter (108)
[2015.11.17-08.10.57:951][502]LogModuleManager: Shutting down and abandoning module PluginBrowser (107)
[2015.11.17-08.10.57:951][502]LogModuleManager: Shutting down and abandoning module EpicSurvey (106)
[2015.11.17-08.10.57:951][502]LogModuleManager: Shutting down and abandoning module DesktopPlatform (105)
[2015.11.17-08.10.57:951][502]LogModuleManager: Shutting down and abandoning module VisualStudioSourceCodeAccess (104)
[2015.11.17-08.10.57:951][502]LogModuleManager: Shutting down and abandoning module UObjectPlugin (103)
[2015.11.17-08.10.57:951][502]LogModuleManager: Shutting down and abandoning module SubversionSourceControl (102)
[2015.11.17-08.10.57:951][502]LogModuleManager: Shutting down and abandoning module PerforceSourceControl (101)
[2015.11.17-08.10.57:951][502]LogModuleManager: Shutting down and abandoning module SourceControl (100)
[2015.11.17-08.10.57:966][502]LogModuleManager: Shutting down and abandoning module GitSourceControl (99)
[2015.11.17-08.10.57:966][502]LogModuleManager: Shutting down and abandoning module LightPropagationVolumeEditor (98)
[2015.11.17-08.10.57:966][502]LogModuleManager: Shutting down and abandoning module PaperTiledImporter (97)
[2015.11.17-08.10.57:966][502]LogModuleManager: Shutting down and abandoning module PaperSpriteSheetImporter (96)
[2015.11.17-08.10.57:966][502]LogModuleManager: Shutting down and abandoning module MeshPaint (95)
[2015.11.17-08.10.57:966][502]LogModuleManager: Shutting down and abandoning module SlateReflector (94)
[2015.11.17-08.10.57:976][502]LogModuleManager: Shutting down and abandoning module HotReload (93)
[2015.11.17-08.10.57:976][502]LogModuleManager: Shutting down and abandoning module MainFrame (92)
[2015.11.17-08.10.57:977][502]LogModuleManager: Shutting down and abandoning module LevelEditor (91)
[2015.11.17-08.10.57:996][502]LogModuleManager: Shutting down and abandoning module ContentBrowser (90)
[2015.11.17-08.10.57:998][502]LogModuleManager: Shutting down and abandoning module Paper2DEditor (89)
[2015.11.17-08.10.58:007][502]LogModuleManager: Shutting down and abandoning module UdpMessaging (88)
[2015.11.17-08.10.58:107][502]LogModuleManager: Shutting down and abandoning module DirectoryWatcher (87)
[2015.11.17-08.10.58:108][502]LogModuleManager: Shutting down and abandoning module AssetRegistry (86)
[2015.11.17-08.10.58:356][502]LogModuleManager: Shutting down and abandoning module SubstanceCore (85)
[2015.11.17-08.10.58:356][502]LogModuleManager: Shutting down and abandoning module LightPropagationVolumeRuntime (84)
[2015.11.17-08.10.58:356][502]LogModuleManager: Shutting down and abandoning module Paper2D (83)
[2015.11.17-08.10.58:356][502]LogModuleManager: Shutting down and abandoning module WindowsMoviePlayer (82)
[2015.11.17-08.10.58:360][502]LogModuleManager: Shutting down and abandoning module Media (81)
[2015.11.17-08.10.58:360][502]LogModuleManager: Shutting down and abandoning module WmfMedia (80)
[2015.11.17-08.10.58:360][502]LogModuleManager: Shutting down and abandoning module OnlineBlueprintSupport (79)
[2015.11.17-08.10.58:360][502]LogModuleManager: Shutting down and abandoning module GameplayTasksEditor (78)
[2015.11.17-08.10.58:360][502]LogModuleManager: Shutting down and abandoning module PropertyEditor (77)
[2015.11.17-08.10.58:360][502]LogModuleManager: Shutting down and abandoning module BehaviorTreeEditor (76)
[2015.11.17-08.10.58:372][502]LogModuleManager: Shutting down and abandoning module FunctionalTesting (75)
[2015.11.17-08.10.58:372][502]LogModuleManager: Shutting down and abandoning module CollisionAnalyzer (74)
[2015.11.17-08.10.58:372][502]LogModuleManager: Shutting down and abandoning module WorkspaceMenuStructure (73)
[2015.11.17-08.10.58:372][502]LogModuleManager: Shutting down and abandoning module MessageLog (72)
[2015.11.17-08.10.58:372][502]LogModuleManager: Shutting down and abandoning module Sequencer (71)
[2015.11.17-08.10.58:372][502]LogModuleManager: Shutting down and abandoning module AssetTools (70)
[2015.11.17-08.10.58:415][502]LogModuleManager: Shutting down and abandoning module UMGEditor (69)
[2015.11.17-08.10.58:432][502]LogModuleManager: Shutting down and abandoning module UMG (68)
[2015.11.17-08.10.58:460][502]LogModuleManager: Shutting down and abandoning module Slate (67)
[2015.11.17-08.10.58:460][502]LogModuleManager: Shutting down and abandoning module EditorStyle (66)
[2015.11.17-08.10.58:462][502]LogModuleManager: Shutting down and abandoning module SessionServices (65)
[2015.11.17-08.10.58:462][502]LogModuleManager: Shutting down and abandoning module SourceCodeAccess (64)
[2015.11.17-08.10.58:462][502]LogModuleManager: Shutting down and abandoning module HeadMountedDisplay (63)
[2015.11.17-08.10.58:462][502]LogModuleManager: Shutting down and abandoning module XAudio2 (62)
[2015.11.17-08.10.58:462][502]LogModuleManager: Shutting down and abandoning module Networking (60)
[2015.11.17-08.10.58:462][502]LogModuleManager: Shutting down and abandoning module Core (59)
[2015.11.17-08.10.58:462][502]LogModuleManager: Shutting down and abandoning module KismetCompiler (58)
[2015.11.17-08.10.58:462][502]LogModuleManager: Shutting down and abandoning module PhysXFormats (57)
[2015.11.17-08.10.58:462][502]LogModuleManager: Shutting down and abandoning module MeshUtilities (56)
[2015.11.17-08.10.58:471][502]LogModuleManager: Shutting down and abandoning module CookingStats (55)
[2015.11.17-08.10.58:472][502]LogModuleManager: Shutting down and abandoning module DerivedDataCache (54)
[2015.11.17-08.10.58:519][502]LogDerivedDataCache: Shutdown
[2015.11.17-08.10.58:519][502]LogModuleManager: Shutting down and abandoning module ShaderFormatOpenGL (53)
[2015.11.17-08.10.58:519][502]LogModuleManager: Shutting down and abandoning module ShaderFormatD3D (52)
[2015.11.17-08.10.58:519][502]LogModuleManager: Shutting down and abandoning module MetalShaderFormat (51)
[2015.11.17-08.10.58:550][502]LogModuleManager: Shutting down and abandoning module TextureFormatUncompressed (50)
[2015.11.17-08.10.58:550][502]LogModuleManager: Shutting down and abandoning module TextureFormatPVR (49)
[2015.11.17-08.10.58:550][502]LogModuleManager: Shutting down and abandoning module TextureFormatIntelISPCTexComp (48)
[2015.11.17-08.10.58:550][502]LogModuleManager: Shutting down and abandoning module TextureFormatDXT (47)
[2015.11.17-08.10.58:550][502]LogModuleManager: Shutting down and abandoning module ImageWrapper (46)
[2015.11.17-08.10.58:550][502]LogModuleManager: Shutting down and abandoning module TextureFormatASTC (45)
[2015.11.17-08.10.58:550][502]LogModuleManager: Shutting down and abandoning module TextureFormatAndroid (44)
[2015.11.17-08.10.58:550][502]LogModuleManager: Shutting down and abandoning module AudioFormatOpus (43)
[2015.11.17-08.10.58:550][502]LogModuleManager: Shutting down and abandoning module AudioFormatOgg (42)
[2015.11.17-08.10.58:550][502]LogModuleManager: Shutting down and abandoning module AudioFormatADPCM (41)
[2015.11.17-08.10.58:550][502]LogModuleManager: Shutting down and abandoning module LinuxTargetPlatform (40)
[2015.11.17-08.10.58:550][502]LogModuleManager: Shutting down and abandoning module LinuxServerTargetPlatform (39)
[2015.11.17-08.10.58:550][502]LogModuleManager: Shutting down and abandoning module LinuxNoEditorTargetPlatform (38)
[2015.11.17-08.10.58:550][502]LogModuleManager: Shutting down and abandoning module Messaging (37)
[2015.11.17-08.10.58:550][502]LogModuleManager: Shutting down and abandoning module IOSTargetPlatform (36)
[2015.11.17-08.10.58:550][502]LogModuleManager: Shutting down and abandoning module HTML5TargetPlatform (35)
[2015.11.17-08.10.58:550][502]LogModuleManager: Shutting down and abandoning module Android_PVRTCTargetPlatform (34)
[2015.11.17-08.10.58:550][502]LogModuleManager: Shutting down and abandoning module Android_ETC2TargetPlatform (33)
[2015.11.17-08.10.58:550][502]LogModuleManager: Shutting down and abandoning module Android_ETC1TargetPlatform (32)
[2015.11.17-08.10.58:550][502]LogModuleManager: Shutting down and abandoning module Android_DXTTargetPlatform (31)
[2015.11.17-08.10.58:550][502]LogModuleManager: Shutting down and abandoning module Android_ATCTargetPlatform (30)
[2015.11.17-08.10.58:550][502]LogModuleManager: Shutting down and abandoning module Android_ASTCTargetPlatform (29)
[2015.11.17-08.10.58:550][502]LogModuleManager: Shutting down and abandoning module AndroidTargetPlatform (28)
[2015.11.17-08.10.58:550][502]LogModuleManager: Shutting down and abandoning module WindowsTargetPlatform (27)
[2015.11.17-08.10.58:550][502]LogModuleManager: Shutting down and abandoning module WindowsServerTargetPlatform (26)
[2015.11.17-08.10.58:550][502]LogModuleManager: Shutting down and abandoning module WindowsNoEditorTargetPlatform (25)
[2015.11.17-08.10.58:550][502]LogModuleManager: Shutting down and abandoning module WindowsClientTargetPlatform (24)
[2015.11.17-08.10.58:550][502]LogModuleManager: Shutting down and abandoning module AllDesktopTargetPlatform (23)
[2015.11.17-08.10.58:550][502]LogModuleManager: Shutting down and abandoning module TargetPlatform (22)
[2015.11.17-08.10.58:550][502]LogModuleManager: Shutting down and abandoning module InputCore (21)
[2015.11.17-08.10.58:550][502]LogModuleManager: Shutting down and abandoning module Settings (20)
[2015.11.17-08.10.58:550][502]LogModuleManager: Shutting down and abandoning module OnlineSubsystem (18)
[2015.11.17-08.10.58:550][502]LogModuleManager: Shutting down and abandoning module HTTP (17)
[2015.11.17-08.11.00:551][502]LogModuleManager: Shutting down and abandoning module XMPP (16)
[2015.11.17-08.11.00:617][502]LogModuleManager: Shutting down and abandoning module ExampleDeviceProfileSelector (15)
[2015.11.17-08.11.00:617][502]LogModuleManager: Shutting down and abandoning module TextureCompressor (14)
[2015.11.17-08.11.00:617][502]LogModuleManager: Shutting down and abandoning module ShaderCore (13)
[2015.11.17-08.11.00:617][502]LogModuleManager: Shutting down and abandoning module Landscape (12)
[2015.11.17-08.11.00:617][502]LogModuleManager: Shutting down and abandoning module SlateRHIRenderer (11)
[2015.11.17-08.11.00:619][502]LogModuleManager: Shutting down and abandoning module OpenGLDrv (10)
[2015.11.17-08.11.00:626][502]LogModuleManager: Shutting down and abandoning module D3D11RHI (9)
[2015.11.17-08.11.00:626][502]LogModuleManager: Shutting down and abandoning module AnimGraphRuntime (8)
[2015.11.17-08.11.00:626][502]LogModuleManager: Shutting down and abandoning module Renderer (7)
[2015.11.17-08.11.00:626][502]LogModuleManager: Shutting down and abandoning module Engine (6)
[2015.11.17-08.11.00:626][502]LogModuleManager: Shutting down and abandoning module CoreUObject (5)
[2015.11.17-08.11.00:626][502]LogModuleManager: Shutting down and abandoning module NetworkFile (4)
[2015.11.17-08.11.00:626][502]LogModuleManager: Shutting down and abandoning module StreamingFile (3)
[2015.11.17-08.11.00:626][502]LogModuleManager: Shutting down and abandoning module SandboxFile (2)
[2015.11.17-08.11.00:642][502]LogModuleManager: Shutting down and abandoning module PakFile (1)
[2015.11.17-08.11.00:660][502]LogExit: Exiting.
[2015.11.17-08.11.00:661][502]Log file closed, 11/17/15 08:11:00
